2025-03-07 10:21:06 [STARTER] error: HTTP 401 Error: {"message":"Unauthorized","statusCode":401}
2025-03-07 10:21:14 [STARTER] error: HTTP 404 Error: {"message":"Cannot GET /users/course-progress/4577c695-241e-4f25-84a7-f21480c04458/enrolled-courses","error":"Not Found","statusCode":404}
2025-03-07 10:24:22 [STARTER] error: β Error in POST /courses 
π¨ Error: 
{
  "response": {
    "statusCode": 400,
    "message": "Validation failed",
    "errors": {
      "title": [
        "Required"
      ],
      "category": [
        "Required"
      ],
      "level": [
        "Required"
      ],
      "status": [
        "Required"
      ]
    }
  },
  "status": 400,
  "options": {},
  "message": "Validation failed",
  "name": "BadRequestException"
}
2025-03-07 10:24:22 [STARTER] error: HTTP 400 Error: {"statusCode":400,"message":"Validation failed","errors":{"title":["Required"],"category":["Required"],"level":["Required"],"status":["Required"]}}
2025-03-07 10:30:03 [STARTER] error: β Error in POST /courses 
π¨ Error: 
{
  "response": {
    "statusCode": 400,
    "message": "Validation failed",
    "errors": {
      "title": [
        "Required"
      ],
      "category": [
        "Required"
      ],
      "level": [
        "Required"
      ],
      "status": [
        "Required"
      ]
    }
  },
  "status": 400,
  "options": {},
  "message": "Validation failed",
  "name": "BadRequestException"
}
2025-03-07 10:30:03 [STARTER] error: HTTP 400 Error: {"statusCode":400,"message":"Validation failed","errors":{"title":["Required"],"category":["Required"],"level":["Required"],"status":["Required"]}}
2025-03-07 10:31:01 [STARTER] error: β Error in POST /courses 
π¨ Error: 
{
  "length": 344,
  "name": "error",
  "severity": "ERROR",
  "code": "23502",
  "detail": "Failing row contains (c269c0ea-60a6-495c-9da7-2804b5090dea, 4577c695-241e-4f25-84a7-f21480c04458, νƒμ, null, null, null, null, null, null, null, 2025-03-07 01:31:01.370992).",
  "schema": "public",
  "table": "courses",
  "column": "title",
  "file": "execMain.c",
  "line": "2006",
  "routine": "ExecConstraints"
}
2025-03-07 10:31:01 [STARTER] error: null value in column "title" of relation "courses" violates not-null constraint
2025-03-07 10:32:35 [STARTER] error: β Error in POST /courses 
π¨ Error: 
{
  "length": 343,
  "name": "error",
  "severity": "ERROR",
  "code": "23502",
  "detail": "Failing row contains (051d4412-2994-4d3d-b493-348ba8a0492e, 4577c695-241e-4f25-84a7-f21480c04458, νƒμ, null, null, null, null, null, null, null, 2025-03-07 01:32:35.35054).",
  "schema": "public",
  "table": "courses",
  "column": "title",
  "file": "execMain.c",
  "line": "2006",
  "routine": "ExecConstraints"
}
2025-03-07 10:32:35 [STARTER] error: null value in column "title" of relation "courses" violates not-null constraint
2025-03-07 10:37:49 [STARTER] error: HTTP 401 Error: {"message":"Unauthorized","statusCode":401}
2025-03-07 10:37:57 [STARTER] error: HTTP 401 Error: {"message":"Unauthorized","statusCode":401}
2025-03-07 10:38:49 [STARTER] error: HTTP 401 Error: {"message":"Unauthorized","statusCode":401}
2025-03-07 10:38:56 [STARTER] error: HTTP 401 Error: {"message":"Unauthorized","statusCode":401}
2025-03-07 10:39:04 [STARTER] error: HTTP 404 Error: {"message":"Cannot GET /users/course-progress/4577c695-241e-4f25-84a7-f21480c04458/enrolled-courses","error":"Not Found","statusCode":404}
2025-03-07 10:39:58 [STARTER] error: HTTP 404 Error: {"message":"Cannot PUT /courses/280a205f-d935-4f51-81ef-9ee88239a97e","error":"Not Found","statusCode":404}
2025-03-07 10:40:39 [STARTER] error: HTTP 404 Error: {"message":"Cannot PUT /courses/280a205f-d935-4f51-81ef-9ee88239a97e","error":"Not Found","statusCode":404}
2025-03-07 10:41:36 [STARTER] error: β Error in PATCH /courses/280a205f-d935-4f51-81ef-9ee88239a97e 
π¨ Error: 
{
  "response": {
    "statusCode": 400,
    "message": "μ—…λ°μ΄νΈν•  λ°μ΄ν„°κ°€ μ—†μµλ‹λ‹¤."
  },
  "status": 400,
  "options": {},
  "message": "μ—…λ°μ΄νΈν•  λ°μ΄ν„°κ°€ μ—†μµλ‹λ‹¤.",
  "name": "BadRequestException"
}
2025-03-07 10:41:36 [STARTER] error: HTTP 400 Error: {"statusCode":400,"message":"μ—…λ°μ΄νΈν•  λ°μ΄ν„°κ°€ μ—†μµλ‹λ‹¤."}
2025-03-07 10:42:41 [STARTER] error: β Error in PATCH /courses/280a205f-d935-4f51-81ef-9ee88239a97e 
π¨ Error: 
{
  "response": {
    "statusCode": 400,
    "message": "μ—…λ°μ΄νΈν•  λ°μ΄ν„°κ°€ μ—†μµλ‹λ‹¤."
  },
  "status": 400,
  "options": {},
  "message": "μ—…λ°μ΄νΈν•  λ°μ΄ν„°κ°€ μ—†μµλ‹λ‹¤.",
  "name": "BadRequestException"
}
2025-03-07 10:42:41 [STARTER] error: HTTP 400 Error: {"statusCode":400,"message":"μ—…λ°μ΄νΈν•  λ°μ΄ν„°κ°€ μ—†μµλ‹λ‹¤."}
2025-03-07 10:43:10 [STARTER] error: β Error in PATCH /courses/280a205f-d935-4f51-81ef-9ee88239a97e 
π¨ Error: 
{
  "response": {
    "statusCode": 400,
    "message": "μ—…λ°μ΄νΈν•  λ°μ΄ν„°κ°€ μ—†μµλ‹λ‹¤."
  },
  "status": 400,
  "options": {},
  "message": "μ—…λ°μ΄νΈν•  λ°μ΄ν„°κ°€ μ—†μµλ‹λ‹¤.",
  "name": "BadRequestException"
}
2025-03-07 10:43:10 [STARTER] error: HTTP 400 Error: {"statusCode":400,"message":"μ—…λ°μ΄νΈν•  λ°μ΄ν„°κ°€ μ—†μµλ‹λ‹¤."}
2025-03-07 10:43:48 [STARTER] error: β Error in PATCH /courses/280a205f-d935-4f51-81ef-9ee88239a97e 
π¨ Error: 
{
  "response": {
    "statusCode": 400,
    "message": "μ—…λ°μ΄νΈν•  λ°μ΄ν„°κ°€ μ—†μµλ‹λ‹¤."
  },
  "status": 400,
  "options": {},
  "message": "μ—…λ°μ΄νΈν•  λ°μ΄ν„°κ°€ μ—†μµλ‹λ‹¤.",
  "name": "BadRequestException"
}
2025-03-07 10:43:48 [STARTER] error: HTTP 400 Error: {"statusCode":400,"message":"μ—…λ°μ΄νΈν•  λ°μ΄ν„°κ°€ μ—†μµλ‹λ‹¤."}
2025-03-07 10:48:16 [STARTER] error: β Error in PATCH /courses/280a205f-d935-4f51-81ef-9ee88239a97e 
π¨ Error: 
{
  "response": {
    "statusCode": 400,
    "message": "μ—…λ°μ΄νΈν•  λ°μ΄ν„°κ°€ μ—†μµλ‹λ‹¤."
  },
  "status": 400,
  "options": {},
  "message": "μ—…λ°μ΄νΈν•  λ°μ΄ν„°κ°€ μ—†μµλ‹λ‹¤.",
  "name": "BadRequestException"
}
2025-03-07 10:48:16 [STARTER] error: HTTP 400 Error: {"statusCode":400,"message":"μ—…λ°μ΄νΈν•  λ°μ΄ν„°κ°€ μ—†μµλ‹λ‹¤."}
2025-03-07 10:49:55 [STARTER] error: HTTP 404 Error: {"message":"Cannot GET /users/course-progress/4577c695-241e-4f25-84a7-f21480c04458/enrolled-courses","error":"Not Found","statusCode":404}
2025-03-07 10:57:15 [STARTER] error: β Error in PATCH /courses/280a205f-d935-4f51-81ef-9ee88239a97e 
π¨ Error: 
{
  "response": {
    "statusCode": 400,
    "message": "μ—…λ°μ΄νΈν•  λ°μ΄ν„°κ°€ μ—†μµλ‹λ‹¤."
  },
  "status": 400,
  "options": {},
  "message": "μ—…λ°μ΄νΈν•  λ°μ΄ν„°κ°€ μ—†μµλ‹λ‹¤.",
  "name": "BadRequestException"
}
2025-03-07 10:57:15 [STARTER] error: HTTP 400 Error: {"statusCode":400,"message":"μ—…λ°μ΄νΈν•  λ°μ΄ν„°κ°€ μ—†μµλ‹λ‹¤."}
2025-03-07 10:58:00 [STARTER] error: β Error in PATCH /courses/280a205f-d935-4f51-81ef-9ee88239a97e 
π¨ Error: 
{
  "response": {
    "statusCode": 400,
    "message": "μ—…λ°μ΄νΈν•  λ°μ΄ν„°κ°€ μ—†μµλ‹λ‹¤."
  },
  "status": 400,
  "options": {},
  "message": "μ—…λ°μ΄νΈν•  λ°μ΄ν„°κ°€ μ—†μµλ‹λ‹¤.",
  "name": "BadRequestException"
}
2025-03-07 10:58:00 [STARTER] error: HTTP 400 Error: {"statusCode":400,"message":"μ—…λ°μ΄νΈν•  λ°μ΄ν„°κ°€ μ—†μµλ‹λ‹¤."}
2025-03-07 11:30:43 [STARTER] error: β Error in GET /courses/1ff6edf2-8c0b-431d-842c-b87b229e9275 
π¨ Error: 
{
  "response": {
    "message": "Course with ID 1ff6edf2-8c0b-431d-842c-b87b229e9275 not found.",
    "error": "Not Found",
    "statusCode": 404
  },
  "status": 404,
  "options": {},
  "message": "Course with ID 1ff6edf2-8c0b-431d-842c-b87b229e9275 not found.",
  "name": "NotFoundException"
}
2025-03-07 11:30:43 [STARTER] error: HTTP 404 Error: {"message":"Course with ID 1ff6edf2-8c0b-431d-842c-b87b229e9275 not found.","error":"Not Found","statusCode":404}
2025-03-07 11:31:20 [STARTER] error: HTTP 401 Error: {"message":"Unauthorized","statusCode":401}
2025-03-07 11:31:36 [STARTER] error: HTTP 401 Error: {"message":"Unauthorized","statusCode":401}
2025-03-07 11:31:44 [STARTER] error: HTTP 401 Error: {"message":"Unauthorized","statusCode":401}
2025-03-07 11:31:51 [STARTER] error: HTTP 404 Error: {"message":"Cannot GET /users/course-progress/4577c695-241e-4f25-84a7-f21480c04458/enrolled-courses","error":"Not Found","statusCode":404}
2025-03-07 11:32:06 [STARTER] error: β Error in PATCH /courses/280a205f-d935-4f51-81ef-9ee88239a97e 
π¨ Error: 
{
  "response": {
    "statusCode": 400,
    "message": "μ—…λ°μ΄νΈν•  λ°μ΄ν„°κ°€ μ—†μµλ‹λ‹¤."
  },
  "status": 400,
  "options": {},
  "message": "μ—…λ°μ΄νΈν•  λ°μ΄ν„°κ°€ μ—†μµλ‹λ‹¤.",
  "name": "BadRequestException"
}
2025-03-07 11:32:06 [STARTER] error: HTTP 400 Error: {"statusCode":400,"message":"μ—…λ°μ΄νΈν•  λ°μ΄ν„°κ°€ μ—†μµλ‹λ‹¤."}
2025-03-07 11:35:13 [STARTER] error: β Error in PATCH /courses/280a205f-d935-4f51-81ef-9ee88239a97e 
π¨ Error: 
{
  "response": {
    "statusCode": 400,
    "message": "μ—…λ°μ΄νΈν•  λ°μ΄ν„°κ°€ μ—†μµλ‹λ‹¤."
  },
  "status": 400,
  "options": {},
  "message": "μ—…λ°μ΄νΈν•  λ°μ΄ν„°κ°€ μ—†μµλ‹λ‹¤.",
  "name": "BadRequestException"
}
2025-03-07 11:35:13 [STARTER] error: HTTP 400 Error: {"statusCode":400,"message":"μ—…λ°μ΄νΈν•  λ°μ΄ν„°κ°€ μ—†μµλ‹λ‹¤."}
2025-03-07 11:36:03 [STARTER] error: β Error in PATCH /courses/280a205f-d935-4f51-81ef-9ee88239a97e 
π¨ Error: 
{
  "response": {
    "statusCode": 400,
    "message": "μ—…λ°μ΄νΈν•  λ°μ΄ν„°κ°€ μ—†μµλ‹λ‹¤."
  },
  "status": 400,
  "options": {},
  "message": "μ—…λ°μ΄νΈν•  λ°μ΄ν„°κ°€ μ—†μµλ‹λ‹¤.",
  "name": "BadRequestException"
}
2025-03-07 11:36:03 [STARTER] error: HTTP 400 Error: {"statusCode":400,"message":"μ—…λ°μ΄νΈν•  λ°μ΄ν„°κ°€ μ—†μµλ‹λ‹¤."}
2025-03-07 11:36:09 [STARTER] error: β Error in PATCH /courses/280a205f-d935-4f51-81ef-9ee88239a97e 
π¨ Error: 
{
  "response": {
    "statusCode": 400,
    "message": "μ—…λ°μ΄νΈν•  λ°μ΄ν„°κ°€ μ—†μµλ‹λ‹¤."
  },
  "status": 400,
  "options": {},
  "message": "μ—…λ°μ΄νΈν•  λ°μ΄ν„°κ°€ μ—†μµλ‹λ‹¤.",
  "name": "BadRequestException"
}
2025-03-07 11:36:09 [STARTER] error: HTTP 400 Error: {"statusCode":400,"message":"μ—…λ°μ΄νΈν•  λ°μ΄ν„°κ°€ μ—†μµλ‹λ‹¤."}
2025-03-07 11:39:08 [STARTER] error: β Error in PATCH /courses/280a205f-d935-4f51-81ef-9ee88239a97e 
π¨ Error: 
{
  "response": {
    "statusCode": 400,
    "message": "μ—…λ°μ΄νΈν•  λ°μ΄ν„°κ°€ μ—†μµλ‹λ‹¤."
  },
  "status": 400,
  "options": {},
  "message": "μ—…λ°μ΄νΈν•  λ°μ΄ν„°κ°€ μ—†μµλ‹λ‹¤.",
  "name": "BadRequestException"
}
2025-03-07 11:39:08 [STARTER] error: HTTP 400 Error: {"statusCode":400,"message":"μ—…λ°μ΄νΈν•  λ°μ΄ν„°κ°€ μ—†μµλ‹λ‹¤."}
2025-03-07 11:40:32 [STARTER] error: β Error in PATCH /courses/280a205f-d935-4f51-81ef-9ee88239a97e 
π¨ Error: 
{
  "response": {
    "statusCode": 400,
    "message": "μ—…λ°μ΄νΈν•  λ°μ΄ν„°κ°€ μ—†μµλ‹λ‹¤."
  },
  "status": 400,
  "options": {},
  "message": "μ—…λ°μ΄νΈν•  λ°μ΄ν„°κ°€ μ—†μµλ‹λ‹¤.",
  "name": "BadRequestException"
}
2025-03-07 11:40:32 [STARTER] error: HTTP 400 Error: {"statusCode":400,"message":"μ—…λ°μ΄νΈν•  λ°μ΄ν„°κ°€ μ—†μµλ‹λ‹¤."}
2025-03-07 11:42:02 [STARTER] error: β Error in PATCH /courses/280a205f-d935-4f51-81ef-9ee88239a97e 
π¨ Error: 
{
  "response": {
    "statusCode": 400,
    "message": "μ—…λ°μ΄νΈν•  λ°μ΄ν„°κ°€ μ—†μµλ‹λ‹¤."
  },
  "status": 400,
  "options": {},
  "message": "μ—…λ°μ΄νΈν•  λ°μ΄ν„°κ°€ μ—†μµλ‹λ‹¤.",
  "name": "BadRequestException"
}
2025-03-07 11:42:02 [STARTER] error: HTTP 400 Error: {"statusCode":400,"message":"μ—…λ°μ΄νΈν•  λ°μ΄ν„°κ°€ μ—†μµλ‹λ‹¤."}
2025-03-07 11:43:29 [STARTER] error: β Error in PATCH /courses/280a205f-d935-4f51-81ef-9ee88239a97e 
π¨ Error: 
{
  "response": {
    "statusCode": 400,
    "message": "μ—…λ°μ΄νΈν•  λ°μ΄ν„°κ°€ μ—†μµλ‹λ‹¤."
  },
  "status": 400,
  "options": {},
  "message": "μ—…λ°μ΄νΈν•  λ°μ΄ν„°κ°€ μ—†μµλ‹λ‹¤.",
  "name": "BadRequestException"
}
2025-03-07 11:43:29 [STARTER] error: HTTP 400 Error: {"statusCode":400,"message":"μ—…λ°μ΄νΈν•  λ°μ΄ν„°κ°€ μ—†μµλ‹λ‹¤."}
2025-03-07 11:43:38 [STARTER] error: β Error in PATCH /courses/280a205f-d935-4f51-81ef-9ee88239a97e 
π¨ Error: 
{
  "response": {
    "statusCode": 400,
    "message": "μ—…λ°μ΄νΈν•  λ°μ΄ν„°κ°€ μ—†μµλ‹λ‹¤."
  },
  "status": 400,
  "options": {},
  "message": "μ—…λ°μ΄νΈν•  λ°μ΄ν„°κ°€ μ—†μµλ‹λ‹¤.",
  "name": "BadRequestException"
}
2025-03-07 11:43:38 [STARTER] error: HTTP 400 Error: {"statusCode":400,"message":"μ—…λ°μ΄νΈν•  λ°μ΄ν„°κ°€ μ—†μµλ‹λ‹¤."}
2025-03-07 11:45:14 [STARTER] error: β Error in PATCH /courses/280a205f-d935-4f51-81ef-9ee88239a97e 
π¨ Error: 
{
  "response": {
    "statusCode": 400,
    "message": "μ—…λ°μ΄νΈν•  λ°μ΄ν„°κ°€ μ—†μµλ‹λ‹¤."
  },
  "status": 400,
  "options": {},
  "message": "μ—…λ°μ΄νΈν•  λ°μ΄ν„°κ°€ μ—†μµλ‹λ‹¤.",
  "name": "BadRequestException"
}
2025-03-07 11:45:14 [STARTER] error: HTTP 400 Error: {"statusCode":400,"message":"μ—…λ°μ΄νΈν•  λ°μ΄ν„°κ°€ μ—†μµλ‹λ‹¤."}
2025-03-07 12:03:26 [STARTER] error: HTTP 401 Error: {"message":"Unauthorized","statusCode":401}
2025-03-07 12:03:34 [STARTER] error: HTTP 401 Error: {"message":"Unauthorized","statusCode":401}
2025-03-07 12:03:41 [STARTER] error: HTTP 404 Error: {"message":"Cannot GET /users/course-progress/4577c695-241e-4f25-84a7-f21480c04458/enrolled-courses","error":"Not Found","statusCode":404}
2025-03-07 12:03:54 [STARTER] error: β Error in PATCH /courses/280a205f-d935-4f51-81ef-9ee88239a97e 
π¨ Error: 
{
  "response": {
    "message": "Multipart: Unexpected end of form",
    "error": "Bad Request",
    "statusCode": 400
  },
  "status": 400,
  "options": {},
  "message": "Multipart: Unexpected end of form",
  "name": "BadRequestException"
}
2025-03-07 12:03:54 [STARTER] error: HTTP 400 Error: {"message":"Multipart: Unexpected end of form","error":"Bad Request","statusCode":400}
2025-03-07 12:10:23 [STARTER] error: β Error in PATCH /courses/280a205f-d935-4f51-81ef-9ee88239a97e 
π¨ Error: 
{
  "response": {
    "message": "Multipart: Unexpected end of form",
    "error": "Bad Request",
    "statusCode": 400
  },
  "status": 400,
  "options": {},
  "message": "Multipart: Unexpected end of form",
  "name": "BadRequestException"
}
2025-03-07 12:10:23 [STARTER] error: HTTP 400 Error: {"message":"Multipart: Unexpected end of form","error":"Bad Request","statusCode":400}
2025-03-07 12:12:50 [STARTER] error: β Error in PATCH /courses/280a205f-d935-4f51-81ef-9ee88239a97e 
π¨ Error: 
{
  "response": {
    "message": "Multipart: Unexpected end of form",
    "error": "Bad Request",
    "statusCode": 400
  },
  "status": 400,
  "options": {},
  "message": "Multipart: Unexpected end of form",
  "name": "BadRequestException"
}
2025-03-07 12:12:50 [STARTER] error: HTTP 400 Error: {"message":"Multipart: Unexpected end of form","error":"Bad Request","statusCode":400}
2025-03-07 12:12:51 [STARTER] error: β Error in PATCH /courses/280a205f-d935-4f51-81ef-9ee88239a97e 
π¨ Error: 
{
  "response": {
    "message": "Multipart: Unexpected end of form",
    "error": "Bad Request",
    "statusCode": 400
  },
  "status": 400,
  "options": {},
  "message": "Multipart: Unexpected end of form",
  "name": "BadRequestException"
}
2025-03-07 12:12:51 [STARTER] error: HTTP 400 Error: {"message":"Multipart: Unexpected end of form","error":"Bad Request","statusCode":400}
2025-03-07 12:16:49 [STARTER] error: β Error in PATCH /courses/280a205f-d935-4f51-81ef-9ee88239a97e 
π¨ Error: 
{
  "response": {
    "message": "Multipart: Unexpected end of form",
    "error": "Bad Request",
    "statusCode": 400
  },
  "status": 400,
  "options": {},
  "message": "Multipart: Unexpected end of form",
  "name": "BadRequestException"
}
2025-03-07 12:16:49 [STARTER] error: HTTP 400 Error: {"message":"Multipart: Unexpected end of form","error":"Bad Request","statusCode":400}
2025-03-07 12:18:55 [STARTER] error: HTTP 401 Error: {"message":"Unauthorized","statusCode":401}
2025-03-07 12:18:59 [STARTER] error: HTTP 401 Error: {"message":"Unauthorized","statusCode":401}
2025-03-07 12:19:18 [STARTER] error: HTTP 401 Error: {"message":"Unauthorized","statusCode":401}
2025-03-07 12:19:25 [STARTER] error: HTTP 404 Error: {"message":"Cannot GET /users/course-progress/4577c695-241e-4f25-84a7-f21480c04458/enrolled-courses","error":"Not Found","statusCode":404}
2025-03-07 12:39:12 [STARTER] error: HTTP 401 Error: {"message":"Unauthorized","statusCode":401}
2025-03-07 12:39:40 [STARTER] error: HTTP 401 Error: {"message":"Unauthorized","statusCode":401}
2025-03-07 12:39:47 [STARTER] error: HTTP 404 Error: {"message":"Cannot GET /users/course-progress/4577c695-241e-4f25-84a7-f21480c04458/enrolled-courses","error":"Not Found","statusCode":404}
2025-03-07 12:39:56 [STARTER] error: β Error in PATCH /courses/280a205f-d935-4f51-81ef-9ee88239a97e 
π¨ Error: 
{
  "response": {
    "message": "Multipart: Unexpected end of form",
    "error": "Bad Request",
    "statusCode": 400
  },
  "status": 400,
  "options": {},
  "message": "Multipart: Unexpected end of form",
  "name": "BadRequestException"
}
2025-03-07 12:39:56 [STARTER] error: HTTP 400 Error: {"message":"Multipart: Unexpected end of form","error":"Bad Request","statusCode":400}
2025-03-07 12:55:27 [STARTER] error: HTTP 401 Error: {"message":"Unauthorized","statusCode":401}
2025-03-07 12:55:35 [STARTER] error: HTTP 404 Error: {"message":"Cannot GET /users/course-progress/4577c695-241e-4f25-84a7-f21480c04458/enrolled-courses","error":"Not Found","statusCode":404}
2025-03-07 12:57:23 [STARTER] error: HTTP 404 Error: {"message":"Cannot POST /courses/280a205f-d935-4f51-81ef-9ee88239a97e/sections/4812805f-b90e-4e4a-b6ef-ae79940519bc/chapters/e1eb1bb3-1fb3-406c-a922-1194739343bf/get-upload-url","error":"Not Found","statusCode":404}
2025-03-07 12:57:23 [STARTER] error: β Error in PATCH /courses/280a205f-d935-4f51-81ef-9ee88239a97e 
π¨ Error: 
{
  "response": {
    "message": "Multipart: Unexpected end of form",
    "error": "Bad Request",
    "statusCode": 400
  },
  "status": 400,
  "options": {},
  "message": "Multipart: Unexpected end of form",
  "name": "BadRequestException"
}
2025-03-07 12:57:23 [STARTER] error: HTTP 400 Error: {"message":"Multipart: Unexpected end of form","error":"Bad Request","statusCode":400}
2025-03-07 12:57:56 [STARTER] error: HTTP 404 Error: {"message":"Cannot POST /courses/280a205f-d935-4f51-81ef-9ee88239a97e/sections/4812805f-b90e-4e4a-b6ef-ae79940519bc/chapters/e1eb1bb3-1fb3-406c-a922-1194739343bf/get-upload-url","error":"Not Found","statusCode":404}
2025-03-07 12:57:56 [STARTER] error: β Error in PATCH /courses/280a205f-d935-4f51-81ef-9ee88239a97e 
π¨ Error: 
{
  "response": {
    "message": "Multipart: Unexpected end of form",
    "error": "Bad Request",
    "statusCode": 400
  },
  "status": 400,
  "options": {},
  "message": "Multipart: Unexpected end of form",
  "name": "BadRequestException"
}
2025-03-07 12:57:56 [STARTER] error: HTTP 400 Error: {"message":"Multipart: Unexpected end of form","error":"Bad Request","statusCode":400}
2025-03-07 12:59:28 [STARTER] error: HTTP 404 Error: {"message":"Cannot POST /courses/280a205f-d935-4f51-81ef-9ee88239a97e/sections/4812805f-b90e-4e4a-b6ef-ae79940519bc/chapters/e83d723c-ecc2-4ec9-b0f6-ba477de700be/get-upload-url","error":"Not Found","statusCode":404}
2025-03-07 12:59:28 [STARTER] error: β Error in PATCH /courses/280a205f-d935-4f51-81ef-9ee88239a97e 
π¨ Error: 
{
  "response": {
    "message": "Multipart: Unexpected end of form",
    "error": "Bad Request",
    "statusCode": 400
  },
  "status": 400,
  "options": {},
  "message": "Multipart: Unexpected end of form",
  "name": "BadRequestException"
}
2025-03-07 12:59:28 [STARTER] error: HTTP 400 Error: {"message":"Multipart: Unexpected end of form","error":"Bad Request","statusCode":400}
2025-03-07 13:03:07 [STARTER] error: β Error in PATCH /courses/280a205f-d935-4f51-81ef-9ee88239a97e 
π¨ Error: 
{
  "response": {
    "message": "Multipart: Unexpected end of form",
    "error": "Bad Request",
    "statusCode": 400
  },
  "status": 400,
  "options": {},
  "message": "Multipart: Unexpected end of form",
  "name": "BadRequestException"
}
2025-03-07 13:03:07 [STARTER] error: HTTP 400 Error: {"message":"Multipart: Unexpected end of form","error":"Bad Request","statusCode":400}
2025-03-07 13:07:56 [STARTER] error: β Error in PATCH /courses/280a205f-d935-4f51-81ef-9ee88239a97e 
π¨ Error: 
{
  "response": {
    "message": "Multipart: Unexpected end of form",
    "error": "Bad Request",
    "statusCode": 400
  },
  "status": 400,
  "options": {},
  "message": "Multipart: Unexpected end of form",
  "name": "BadRequestException"
}
2025-03-07 13:07:56 [STARTER] error: HTTP 400 Error: {"message":"Multipart: Unexpected end of form","error":"Bad Request","statusCode":400}
2025-03-07 13:08:05 [STARTER] error: β Error in PATCH /courses/280a205f-d935-4f51-81ef-9ee88239a97e 
π¨ Error: 
{
  "response": {
    "message": "Multipart: Unexpected end of form",
    "error": "Bad Request",
    "statusCode": 400
  },
  "status": 400,
  "options": {},
  "message": "Multipart: Unexpected end of form",
  "name": "BadRequestException"
}
2025-03-07 13:08:05 [STARTER] error: HTTP 400 Error: {"message":"Multipart: Unexpected end of form","error":"Bad Request","statusCode":400}
2025-03-07 13:11:49 [STARTER] error: HTTP 401 Error: {"message":"Unauthorized","statusCode":401}
2025-03-07 13:11:53 [STARTER] error: HTTP 401 Error: {"message":"Unauthorized","statusCode":401}
2025-03-07 13:11:56 [STARTER] error: HTTP 401 Error: {"message":"Unauthorized","statusCode":401}
2025-03-07 13:12:03 [STARTER] error: HTTP 404 Error: {"message":"Cannot GET /users/course-progress/4577c695-241e-4f25-84a7-f21480c04458/enrolled-courses","error":"Not Found","statusCode":404}
2025-03-07 13:12:19 [STARTER] error: β Error in PATCH /courses/280a205f-d935-4f51-81ef-9ee88239a97e 
π¨ Error: 
{
  "response": {
    "message": "Multipart: Unexpected end of form",
    "error": "Bad Request",
    "statusCode": 400
  },
  "status": 400,
  "options": {},
  "message": "Multipart: Unexpected end of form",
  "name": "BadRequestException"
}
2025-03-07 13:12:19 [STARTER] error: HTTP 400 Error: {"message":"Multipart: Unexpected end of form","error":"Bad Request","statusCode":400}
2025-03-07 13:14:59 [STARTER] error: β Error in PATCH /courses/280a205f-d935-4f51-81ef-9ee88239a97e 
π¨ Error: 
{
  "response": {
    "statusCode": 400,
    "message": "Validation failed",
    "errors": {
      "status": [
        "Expected 'Draft' | 'Published', received boolean"
      ]
    }
  },
  "status": 400,
  "options": {},
  "message": "Validation failed",
  "name": "BadRequestException"
}
2025-03-07 13:14:59 [STARTER] error: HTTP 400 Error: {"statusCode":400,"message":"Validation failed","errors":{"status":["Expected 'Draft' | 'Published', received boolean"]}}
2025-03-07 13:15:10 [STARTER] error: HTTP 404 Error: {"message":"Cannot GET /users/course-progress/4577c695-241e-4f25-84a7-f21480c04458/enrolled-courses","error":"Not Found","statusCode":404}
2025-03-07 13:17:38 [STARTER] error: β Error in PATCH /courses/280a205f-d935-4f51-81ef-9ee88239a97e 
π¨ Error: 
{
  "response": {
    "statusCode": 400,
    "message": "Validation failed",
    "errors": {
      "status": [
        "Expected 'Draft' | 'Published', received boolean"
      ]
    }
  },
  "status": 400,
  "options": {},
  "message": "Validation failed",
  "name": "BadRequestException"
}
2025-03-07 13:17:38 [STARTER] error: HTTP 400 Error: {"statusCode":400,"message":"Validation failed","errors":{"status":["Expected 'Draft' | 'Published', received boolean"]}}
2025-03-07 13:17:39 [STARTER] error: β Error in PATCH /courses/280a205f-d935-4f51-81ef-9ee88239a97e 
π¨ Error: 
{
  "response": {
    "statusCode": 400,
    "message": "Validation failed",
    "errors": {
      "status": [
        "Expected 'Draft' | 'Published', received boolean"
      ]
    }
  },
  "status": 400,
  "options": {},
  "message": "Validation failed",
  "name": "BadRequestException"
}
2025-03-07 13:17:39 [STARTER] error: HTTP 400 Error: {"statusCode":400,"message":"Validation failed","errors":{"status":["Expected 'Draft' | 'Published', received boolean"]}}
2025-03-07 13:17:42 [STARTER] error: β Error in PATCH /courses/280a205f-d935-4f51-81ef-9ee88239a97e 
π¨ Error: 
{
  "response": {
    "statusCode": 400,
    "message": "Validation failed",
    "errors": {
      "status": [
        "Expected 'Draft' | 'Published', received boolean"
      ]
    }
  },
  "status": 400,
  "options": {},
  "message": "Validation failed",
  "name": "BadRequestException"
}
2025-03-07 13:17:42 [STARTER] error: HTTP 400 Error: {"statusCode":400,"message":"Validation failed","errors":{"status":["Expected 'Draft' | 'Published', received boolean"]}}
2025-03-07 13:17:45 [STARTER] error: β Error in PATCH /courses/280a205f-d935-4f51-81ef-9ee88239a97e 
π¨ Error: 
{
  "response": {
    "statusCode": 400,
    "message": "Validation failed",
    "errors": {
      "status": [
        "Expected 'Draft' | 'Published', received boolean"
      ]
    }
  },
  "status": 400,
  "options": {},
  "message": "Validation failed",
  "name": "BadRequestException"
}
2025-03-07 13:17:45 [STARTER] error: HTTP 400 Error: {"statusCode":400,"message":"Validation failed","errors":{"status":["Expected 'Draft' | 'Published', received boolean"]}}
2025-03-07 13:18:58 [STARTER] error: β Error in PATCH /courses/280a205f-d935-4f51-81ef-9ee88239a97e 
π¨ Error: 
{
  "response": {
    "statusCode": 400,
    "message": "Validation failed",
    "errors": {
      "status": [
        "Expected 'Draft' | 'Published', received boolean"
      ]
    }
  },
  "status": 400,
  "options": {},
  "message": "Validation failed",
  "name": "BadRequestException"
}
2025-03-07 13:18:58 [STARTER] error: HTTP 400 Error: {"statusCode":400,"message":"Validation failed","errors":{"status":["Expected 'Draft' | 'Published', received boolean"]}}
2025-03-07 13:22:30 [STARTER] error: HTTP 404 Error: {"message":"Cannot GET /users/course-progress/4577c695-241e-4f25-84a7-f21480c04458/enrolled-courses","error":"Not Found","statusCode":404}
2025-03-07 13:37:23 [STARTER] error: β Error in PATCH /courses/280a205f-d935-4f51-81ef-9ee88239a97e 
π¨ Error: 
{
  "response": {
    "message": "Multipart: Unexpected end of form",
    "error": "Bad Request",
    "statusCode": 400
  },
  "status": 400,
  "options": {},
  "message": "Multipart: Unexpected end of form",
  "name": "BadRequestException"
}
2025-03-07 13:37:23 [STARTER] error: HTTP 400 Error: {"message":"Multipart: Unexpected end of form","error":"Bad Request","statusCode":400}
2025-03-07 13:42:04 [STARTER] error: HTTP 401 Error: {"message":"Unauthorized","statusCode":401}
2025-03-07 13:42:14 [STARTER] error: HTTP 404 Error: {"message":"Cannot GET /users/course-progress/4577c695-241e-4f25-84a7-f21480c04458/enrolled-courses","error":"Not Found","statusCode":404}
2025-03-07 13:43:11 [STARTER] error: β Error in PATCH /courses/280a205f-d935-4f51-81ef-9ee88239a97e 
π¨ Error: 
{
  "response": {
    "message": "Multipart: Unexpected end of form",
    "error": "Bad Request",
    "statusCode": 400
  },
  "status": 400,
  "options": {},
  "message": "Multipart: Unexpected end of form",
  "name": "BadRequestException"
}
2025-03-07 13:43:11 [STARTER] error: HTTP 400 Error: {"message":"Multipart: Unexpected end of form","error":"Bad Request","statusCode":400}
2025-03-07 13:51:56 [STARTER] error: β Error in PATCH /courses/280a205f-d935-4f51-81ef-9ee88239a97e 
π¨ Error: 
{
  "response": {
    "statusCode": 400,
    "message": "Validation failed",
    "errors": {
      "status": [
        "Expected 'Draft' | 'Published', received boolean"
      ]
    }
  },
  "status": 400,
  "options": {},
  "message": "Validation failed",
  "name": "BadRequestException"
}
2025-03-07 13:51:56 [STARTER] error: HTTP 400 Error: {"statusCode":400,"message":"Validation failed","errors":{"status":["Expected 'Draft' | 'Published', received boolean"]}}
2025-03-07 13:52:16 [STARTER] error: β Error in PATCH /courses/280a205f-d935-4f51-81ef-9ee88239a97e 
π¨ Error: 
{
  "response": {
    "statusCode": 400,
    "message": "Validation failed",
    "errors": {
      "status": [
        "Expected 'Draft' | 'Published', received boolean"
      ]
    }
  },
  "status": 400,
  "options": {},
  "message": "Validation failed",
  "name": "BadRequestException"
}
2025-03-07 13:52:16 [STARTER] error: HTTP 400 Error: {"statusCode":400,"message":"Validation failed","errors":{"status":["Expected 'Draft' | 'Published', received boolean"]}}
2025-03-07 13:52:26 [STARTER] error: β Error in PATCH /courses/280a205f-d935-4f51-81ef-9ee88239a97e 
π¨ Error: 
{
  "response": {
    "statusCode": 400,
    "message": "Validation failed",
    "errors": {
      "status": [
        "Expected 'Draft' | 'Published', received boolean"
      ]
    }
  },
  "status": 400,
  "options": {},
  "message": "Validation failed",
  "name": "BadRequestException"
}
2025-03-07 13:52:26 [STARTER] error: HTTP 400 Error: {"statusCode":400,"message":"Validation failed","errors":{"status":["Expected 'Draft' | 'Published', received boolean"]}}
2025-03-07 13:57:27 [STARTER] error: HTTP 401 Error: {"message":"Unauthorized","statusCode":401}
2025-03-07 13:57:32 [STARTER] error: HTTP 401 Error: {"message":"Unauthorized","statusCode":401}
2025-03-07 13:57:38 [STARTER] error: HTTP 404 Error: {"message":"Cannot GET /users/course-progress/4577c695-241e-4f25-84a7-f21480c04458/enrolled-courses","error":"Not Found","statusCode":404}
2025-03-07 13:58:51 [STARTER] error: HTTP 404 Error: {"message":"Cannot GET /users/course-progress/4577c695-241e-4f25-84a7-f21480c04458/enrolled-courses","error":"Not Found","statusCode":404}
2025-03-07 14:00:11 [STARTER] error: β Error in PATCH /courses/280a205f-d935-4f51-81ef-9ee88239a97e 
π¨ Error: 
{
  "response": {
    "statusCode": 400,
    "message": "Validation failed",
    "errors": {
      "status": [
        "Expected 'Draft' | 'Published', received boolean"
      ]
    }
  },
  "status": 400,
  "options": {},
  "message": "Validation failed",
  "name": "BadRequestException"
}
2025-03-07 14:00:11 [STARTER] error: HTTP 400 Error: {"statusCode":400,"message":"Validation failed","errors":{"status":["Expected 'Draft' | 'Published', received boolean"]}}
2025-03-07 14:05:30 [STARTER] error: β Error in PATCH /courses/280a205f-d935-4f51-81ef-9ee88239a97e 
π¨ Error: 
{
  "response": {
    "statusCode": 400,
    "message": "Validation failed",
    "errors": {
      "status": [
        "Expected 'Draft' | 'Published', received boolean"
      ]
    }
  },
  "status": 400,
  "options": {},
  "message": "Validation failed",
  "name": "BadRequestException"
}
2025-03-07 14:05:30 [STARTER] error: HTTP 400 Error: {"statusCode":400,"message":"Validation failed","errors":{"status":["Expected 'Draft' | 'Published', received boolean"]}}
2025-03-07 14:06:57 [STARTER] error: β Error in PATCH /courses/280a205f-d935-4f51-81ef-9ee88239a97e 
π¨ Error: 
{
  "response": {
    "statusCode": 400,
    "message": "Validation failed",
    "errors": {
      "status": [
        "Expected 'Draft' | 'Published', received boolean"
      ]
    }
  },
  "status": 400,
  "options": {},
  "message": "Validation failed",
  "name": "BadRequestException"
}
2025-03-07 14:06:57 [STARTER] error: HTTP 400 Error: {"statusCode":400,"message":"Validation failed","errors":{"status":["Expected 'Draft' | 'Published', received boolean"]}}
2025-03-07 14:07:01 [STARTER] error: β Error in PATCH /courses/280a205f-d935-4f51-81ef-9ee88239a97e 
π¨ Error: 
{
  "response": {
    "statusCode": 400,
    "message": "Validation failed",
    "errors": {
      "status": [
        "Expected 'Draft' | 'Published', received boolean"
      ]
    }
  },
  "status": 400,
  "options": {},
  "message": "Validation failed",
  "name": "BadRequestException"
}
2025-03-07 14:07:01 [STARTER] error: HTTP 400 Error: {"statusCode":400,"message":"Validation failed","errors":{"status":["Expected 'Draft' | 'Published', received boolean"]}}
2025-03-07 14:07:03 [STARTER] error: β Error in PATCH /courses/280a205f-d935-4f51-81ef-9ee88239a97e 
π¨ Error: 
{
  "response": {
    "statusCode": 400,
    "message": "Validation failed",
    "errors": {
      "status": [
        "Expected 'Draft' | 'Published', received boolean"
      ]
    }
  },
  "status": 400,
  "options": {},
  "message": "Validation failed",
  "name": "BadRequestException"
}
2025-03-07 14:07:03 [STARTER] error: HTTP 400 Error: {"statusCode":400,"message":"Validation failed","errors":{"status":["Expected 'Draft' | 'Published', received boolean"]}}
2025-03-07 14:07:03 [STARTER] error: β Error in PATCH /courses/280a205f-d935-4f51-81ef-9ee88239a97e 
π¨ Error: 
{
  "response": {
    "statusCode": 400,
    "message": "Validation failed",
    "errors": {
      "status": [
        "Expected 'Draft' | 'Published', received boolean"
      ]
    }
  },
  "status": 400,
  "options": {},
  "message": "Validation failed",
  "name": "BadRequestException"
}
2025-03-07 14:07:03 [STARTER] error: HTTP 400 Error: {"statusCode":400,"message":"Validation failed","errors":{"status":["Expected 'Draft' | 'Published', received boolean"]}}
2025-03-07 14:07:14 [STARTER] error: β Error in PATCH /courses/280a205f-d935-4f51-81ef-9ee88239a97e 
π¨ Error: 
{
  "response": {
    "statusCode": 400,
    "message": "Validation failed",
    "errors": {
      "status": [
        "Expected 'Draft' | 'Published', received boolean"
      ]
    }
  },
  "status": 400,
  "options": {},
  "message": "Validation failed",
  "name": "BadRequestException"
}
2025-03-07 14:07:14 [STARTER] error: HTTP 400 Error: {"statusCode":400,"message":"Validation failed","errors":{"status":["Expected 'Draft' | 'Published', received boolean"]}}
2025-03-07 14:09:03 [STARTER] error: β Error in PATCH /courses/280a205f-d935-4f51-81ef-9ee88239a97e 
π¨ Error: 
{
  "response": {
    "statusCode": 400,
    "message": "Validation failed",
    "errors": {
      "status": [
        "Expected 'Draft' | 'Published', received boolean"
      ]
    }
  },
  "status": 400,
  "options": {},
  "message": "Validation failed",
  "name": "BadRequestException"
}
2025-03-07 14:09:03 [STARTER] error: HTTP 400 Error: {"statusCode":400,"message":"Validation failed","errors":{"status":["Expected 'Draft' | 'Published', received boolean"]}}
2025-03-07 14:21:26 [STARTER] error: HTTP 401 Error: {"message":"Unauthorized","statusCode":401}
2025-03-07 14:21:30 [STARTER] error: HTTP 401 Error: {"message":"Unauthorized","statusCode":401}
2025-03-07 14:21:36 [STARTER] error: HTTP 404 Error: {"message":"Cannot GET /users/course-progress/4577c695-241e-4f25-84a7-f21480c04458/enrolled-courses","error":"Not Found","statusCode":404}
2025-03-07 14:21:41 [STARTER] error: β Error in PATCH /courses/280a205f-d935-4f51-81ef-9ee88239a97e 
π¨ Error: 
{
  "response": {
    "message": "Multipart: Unexpected end of form",
    "error": "Bad Request",
    "statusCode": 400
  },
  "status": 400,
  "options": {},
  "message": "Multipart: Unexpected end of form",
  "name": "BadRequestException"
}
2025-03-07 14:21:41 [STARTER] error: HTTP 400 Error: {"message":"Multipart: Unexpected end of form","error":"Bad Request","statusCode":400}
2025-03-07 14:22:20 [STARTER] error: β Error in PATCH /courses/280a205f-d935-4f51-81ef-9ee88239a97e 
π¨ Error: 
{
  "response": {
    "message": "Multipart: Unexpected end of form",
    "error": "Bad Request",
    "statusCode": 400
  },
  "status": 400,
  "options": {},
  "message": "Multipart: Unexpected end of form",
  "name": "BadRequestException"
}
2025-03-07 14:22:20 [STARTER] error: HTTP 400 Error: {"message":"Multipart: Unexpected end of form","error":"Bad Request","statusCode":400}
2025-03-07 14:22:21 [STARTER] error: β Error in PATCH /courses/280a205f-d935-4f51-81ef-9ee88239a97e 
π¨ Error: 
{
  "response": {
    "message": "Multipart: Unexpected end of form",
    "error": "Bad Request",
    "statusCode": 400
  },
  "status": 400,
  "options": {},
  "message": "Multipart: Unexpected end of form",
  "name": "BadRequestException"
}
2025-03-07 14:22:21 [STARTER] error: HTTP 400 Error: {"message":"Multipart: Unexpected end of form","error":"Bad Request","statusCode":400}
2025-03-07 14:24:32 [STARTER] error: β Error in PATCH /courses/280a205f-d935-4f51-81ef-9ee88239a97e 
π¨ Error: 
{
  "response": {
    "message": "Multipart: Unexpected end of form",
    "error": "Bad Request",
    "statusCode": 400
  },
  "status": 400,
  "options": {},
  "message": "Multipart: Unexpected end of form",
  "name": "BadRequestException"
}
2025-03-07 14:24:32 [STARTER] error: HTTP 400 Error: {"message":"Multipart: Unexpected end of form","error":"Bad Request","statusCode":400}
2025-03-07 14:26:48 [STARTER] error: β Error in PATCH /courses/280a205f-d935-4f51-81ef-9ee88239a97e 
π¨ Error: 
{
  "response": {
    "statusCode": 400,
    "message": "Validation failed",
    "errors": {
      "status": [
        "Expected 'Draft' | 'Published', received boolean"
      ]
    }
  },
  "status": 400,
  "options": {},
  "message": "Validation failed",
  "name": "BadRequestException"
}
2025-03-07 14:26:48 [STARTER] error: HTTP 400 Error: {"statusCode":400,"message":"Validation failed","errors":{"status":["Expected 'Draft' | 'Published', received boolean"]}}
2025-03-07 14:26:50 [STARTER] error: β Error in PATCH /courses/280a205f-d935-4f51-81ef-9ee88239a97e 
π¨ Error: 
{
  "response": {
    "statusCode": 400,
    "message": "Validation failed",
    "errors": {
      "status": [
        "Expected 'Draft' | 'Published', received boolean"
      ]
    }
  },
  "status": 400,
  "options": {},
  "message": "Validation failed",
  "name": "BadRequestException"
}
2025-03-07 14:26:50 [STARTER] error: HTTP 400 Error: {"statusCode":400,"message":"Validation failed","errors":{"status":["Expected 'Draft' | 'Published', received boolean"]}}
2025-03-07 14:27:23 [STARTER] error: β Error in PATCH /courses/280a205f-d935-4f51-81ef-9ee88239a97e 
π¨ Error: 
{
  "response": {
    "statusCode": 400,
    "message": "Validation failed",
    "errors": {
      "status": [
        "Expected 'Draft' | 'Published', received boolean"
      ]
    }
  },
  "status": 400,
  "options": {},
  "message": "Validation failed",
  "name": "BadRequestException"
}
2025-03-07 14:27:23 [STARTER] error: HTTP 400 Error: {"statusCode":400,"message":"Validation failed","errors":{"status":["Expected 'Draft' | 'Published', received boolean"]}}
2025-03-07 14:28:49 [STARTER] error: β Error in PATCH /courses/280a205f-d935-4f51-81ef-9ee88239a97e 
π¨ Error: 
{
  "response": {
    "statusCode": 400,
    "message": "Validation failed",
    "errors": {
      "status": [
        "Expected 'Draft' | 'Published', received boolean"
      ]
    }
  },
  "status": 400,
  "options": {},
  "message": "Validation failed",
  "name": "BadRequestException"
}
2025-03-07 14:28:49 [STARTER] error: HTTP 400 Error: {"statusCode":400,"message":"Validation failed","errors":{"status":["Expected 'Draft' | 'Published', received boolean"]}}
2025-03-07 14:29:50 [STARTER] error: β Error in PATCH /courses/280a205f-d935-4f51-81ef-9ee88239a97e 
π¨ Error: 
{
  "response": {
    "statusCode": 400,
    "message": "Validation failed",
    "errors": {
      "status": [
        "Expected 'Draft' | 'Published', received boolean"
      ]
    }
  },
  "status": 400,
  "options": {},
  "message": "Validation failed",
  "name": "BadRequestException"
}
2025-03-07 14:29:50 [STARTER] error: HTTP 400 Error: {"statusCode":400,"message":"Validation failed","errors":{"status":["Expected 'Draft' | 'Published', received boolean"]}}
2025-03-07 14:29:58 [STARTER] error: β Error in PATCH /courses/280a205f-d935-4f51-81ef-9ee88239a97e 
π¨ Error: 
{
  "response": {
    "statusCode": 400,
    "message": "Validation failed",
    "errors": {
      "status": [
        "Expected 'Draft' | 'Published', received boolean"
      ]
    }
  },
  "status": 400,
  "options": {},
  "message": "Validation failed",
  "name": "BadRequestException"
}
2025-03-07 14:29:58 [STARTER] error: HTTP 400 Error: {"statusCode":400,"message":"Validation failed","errors":{"status":["Expected 'Draft' | 'Published', received boolean"]}}
2025-03-07 14:46:29 [STARTER] error: HTTP 401 Error: {"message":"Unauthorized","statusCode":401}
2025-03-07 14:46:56 [STARTER] error: HTTP 404 Error: {"message":"Cannot GET /users/course-progress/4577c695-241e-4f25-84a7-f21480c04458/enrolled-courses","error":"Not Found","statusCode":404}
2025-03-07 14:49:13 [STARTER] error: HTTP 404 Error: {"message":"Cannot GET /users/course-progress/4577c695-241e-4f25-84a7-f21480c04458/enrolled-courses","error":"Not Found","statusCode":404}
2025-03-07 16:34:17 [STARTER] error: HTTP 404 Error: {"message":"Cannot POST /courses/sections/9ba00b52-94a9-445c-a284-85d4956d55df/chapters","error":"Not Found","statusCode":404}
2025-03-07 16:35:29 [STARTER] error: HTTP 401 Error: {"message":"Unauthorized","statusCode":401}
2025-03-07 16:35:32 [STARTER] error: HTTP 401 Error: {"message":"Unauthorized","statusCode":401}
2025-03-07 16:35:55 [STARTER] error: HTTP 401 Error: {"message":"Unauthorized","statusCode":401}
2025-03-07 16:38:18 [STARTER] error: Multipart: Boundary not found
2025-03-07 16:41:00 [STARTER] error: Multipart: Boundary not found
2025-03-07 16:42:38 [STARTER] error: Multipart: Boundary not found
2025-03-07 16:42:39 [STARTER] error: Multipart: Boundary not found
2025-03-07 16:43:12 [STARTER] error: Multipart: Boundary not found
2025-03-07 16:44:45 [STARTER] error: β Error in PATCH /courses/chapters/e963a598-783e-4422-9259-c794c685d085 
π¨ Error: 
{
  "response": {
    "message": "Multipart: Unexpected end of form",
    "error": "Bad Request",
    "statusCode": 400
  },
  "status": 400,
  "options": {},
  "message": "Multipart: Unexpected end of form",
  "name": "BadRequestException"
}
2025-03-07 16:44:45 [STARTER] error: HTTP 400 Error: {"message":"Multipart: Unexpected end of form","error":"Bad Request","statusCode":400}
2025-03-07 16:48:52 [STARTER] error: β Error in PATCH /courses/chapters/e963a598-783e-4422-9259-c794c685d085 
π¨ Error: 
{
  "response": {
    "message": "Multipart: Unexpected end of form",
    "error": "Bad Request",
    "statusCode": 400
  },
  "status": 400,
  "options": {},
  "message": "Multipart: Unexpected end of form",
  "name": "BadRequestException"
}
2025-03-07 16:48:52 [STARTER] error: HTTP 400 Error: {"message":"Multipart: Unexpected end of form","error":"Bad Request","statusCode":400}
2025-03-07 16:50:31 [STARTER] error: β Error in PATCH /courses/chapters/e963a598-783e-4422-9259-c794c685d085 
π¨ Error: 
{
  "response": {
    "message": "Multipart: Unexpected end of form",
    "error": "Bad Request",
    "statusCode": 400
  },
  "status": 400,
  "options": {},
  "message": "Multipart: Unexpected end of form",
  "name": "BadRequestException"
}
2025-03-07 16:50:31 [STARTER] error: HTTP 400 Error: {"message":"Multipart: Unexpected end of form","error":"Bad Request","statusCode":400}
2025-03-07 16:55:07 [STARTER] error: β Error in PATCH /courses/chapters/e963a598-783e-4422-9259-c794c685d085 
π¨ Error: 
{
  "response": {
    "message": "Multipart: Unexpected end of form",
    "error": "Bad Request",
    "statusCode": 400
  },
  "status": 400,
  "options": {},
  "message": "Multipart: Unexpected end of form",
  "name": "BadRequestException"
}
2025-03-07 16:55:07 [STARTER] error: HTTP 400 Error: {"message":"Multipart: Unexpected end of form","error":"Bad Request","statusCode":400}
2025-03-07 16:55:08 [STARTER] error: β Error in PATCH /courses/chapters/e963a598-783e-4422-9259-c794c685d085 
π¨ Error: 
{
  "response": {
    "message": "Multipart: Unexpected end of form",
    "error": "Bad Request",
    "statusCode": 400
  },
  "status": 400,
  "options": {},
  "message": "Multipart: Unexpected end of form",
  "name": "BadRequestException"
}
2025-03-07 16:55:08 [STARTER] error: HTTP 400 Error: {"message":"Multipart: Unexpected end of form","error":"Bad Request","statusCode":400}
2025-03-07 16:55:40 [STARTER] error: β Error in PATCH /courses/chapters/e963a598-783e-4422-9259-c794c685d085 
π¨ Error: 
{
  "response": {
    "message": "Multipart: Unexpected end of form",
    "error": "Bad Request",
    "statusCode": 400
  },
  "status": 400,
  "options": {},
  "message": "Multipart: Unexpected end of form",
  "name": "BadRequestException"
}
2025-03-07 16:55:40 [STARTER] error: HTTP 400 Error: {"message":"Multipart: Unexpected end of form","error":"Bad Request","statusCode":400}
2025-03-07 16:55:41 [STARTER] error: β Error in PATCH /courses/chapters/e963a598-783e-4422-9259-c794c685d085 
π¨ Error: 
{
  "response": {
    "message": "Multipart: Unexpected end of form",
    "error": "Bad Request",
    "statusCode": 400
  },
  "status": 400,
  "options": {},
  "message": "Multipart: Unexpected end of form",
  "name": "BadRequestException"
}
2025-03-07 16:55:41 [STARTER] error: HTTP 400 Error: {"message":"Multipart: Unexpected end of form","error":"Bad Request","statusCode":400}
2025-03-07 16:55:41 [STARTER] error: β Error in PATCH /courses/chapters/e963a598-783e-4422-9259-c794c685d085 
π¨ Error: 
{
  "response": {
    "message": "Multipart: Unexpected end of form",
    "error": "Bad Request",
    "statusCode": 400
  },
  "status": 400,
  "options": {},
  "message": "Multipart: Unexpected end of form",
  "name": "BadRequestException"
}
2025-03-07 16:55:41 [STARTER] error: HTTP 400 Error: {"message":"Multipart: Unexpected end of form","error":"Bad Request","statusCode":400}
2025-03-07 16:55:41 [STARTER] error: β Error in PATCH /courses/chapters/e963a598-783e-4422-9259-c794c685d085 
π¨ Error: 
{
  "response": {
    "message": "Multipart: Unexpected end of form",
    "error": "Bad Request",
    "statusCode": 400
  },
  "status": 400,
  "options": {},
  "message": "Multipart: Unexpected end of form",
  "name": "BadRequestException"
}
2025-03-07 16:55:41 [STARTER] error: HTTP 400 Error: {"message":"Multipart: Unexpected end of form","error":"Bad Request","statusCode":400}
2025-03-07 17:03:05 [STARTER] error: β Error in PATCH /courses/chapters/e963a598-783e-4422-9259-c794c685d085 
π¨ Error: 
{
  "response": {
    "message": "Multipart: Unexpected end of form",
    "error": "Bad Request",
    "statusCode": 400
  },
  "status": 400,
  "options": {},
  "message": "Multipart: Unexpected end of form",
  "name": "BadRequestException"
}
2025-03-07 17:03:05 [STARTER] error: HTTP 400 Error: {"message":"Multipart: Unexpected end of form","error":"Bad Request","statusCode":400}
2025-03-07 17:03:32 [STARTER] error: β Error in PATCH /courses/chapters/e963a598-783e-4422-9259-c794c685d085 
π¨ Error: 
{
  "response": {
    "message": "Multipart: Unexpected end of form",
    "error": "Bad Request",
    "statusCode": 400
  },
  "status": 400,
  "options": {},
  "message": "Multipart: Unexpected end of form",
  "name": "BadRequestException"
}
2025-03-07 17:03:32 [STARTER] error: HTTP 400 Error: {"message":"Multipart: Unexpected end of form","error":"Bad Request","statusCode":400}
2025-03-07 17:03:39 [STARTER] error: β Error in PATCH /courses/chapters/e963a598-783e-4422-9259-c794c685d085 
π¨ Error: 
{
  "response": {
    "message": "Multipart: Unexpected end of form",
    "error": "Bad Request",
    "statusCode": 400
  },
  "status": 400,
  "options": {},
  "message": "Multipart: Unexpected end of form",
  "name": "BadRequestException"
}
2025-03-07 17:03:39 [STARTER] error: HTTP 400 Error: {"message":"Multipart: Unexpected end of form","error":"Bad Request","statusCode":400}
2025-03-07 17:07:09 [STARTER] error: HTTP 404 Error: {"message":"Cannot GET //courses/chapters/9a201839-20a3-41a0-9f45-3c90f7b6ff60","error":"Not Found","statusCode":404}
2025-03-07 17:07:18 [STARTER] error: HTTP 404 Error: {"message":"Cannot GET /courses/chapters/9a201839-20a3-41a0-9f45-3c90f7b6ff60","error":"Not Found","statusCode":404}
2025-03-07 17:09:31 [STARTER] error: β Error in PATCH /courses/chapters/9a201839-20a3-41a0-9f45-3c90f7b6ff60 
π¨ Error: 
{
  "response": {
    "message": "Multipart: Unexpected end of form",
    "error": "Bad Request",
    "statusCode": 400
  },
  "status": 400,
  "options": {},
  "message": "Multipart: Unexpected end of form",
  "name": "BadRequestException"
}
2025-03-07 17:09:31 [STARTER] error: HTTP 400 Error: {"message":"Multipart: Unexpected end of form","error":"Bad Request","statusCode":400}
2025-03-07 17:10:58 [STARTER] error: β Error in POST /courses/chapters/9a201839-20a3-41a0-9f45-3c90f7b6ff60 
π¨ Error: 
{
  "response": {
    "message": "Multipart: Unexpected end of form",
    "error": "Bad Request",
    "statusCode": 400
  },
  "status": 400,
  "options": {},
  "message": "Multipart: Unexpected end of form",
  "name": "BadRequestException"
}
2025-03-07 17:10:58 [STARTER] error: HTTP 400 Error: {"message":"Multipart: Unexpected end of form","error":"Bad Request","statusCode":400}
2025-03-07 17:12:02 [STARTER] error: β Error in POST /courses/chapters/9a201839-20a3-41a0-9f45-3c90f7b6ff60 
π¨ Error: 
{
  "response": {
    "message": "Multipart: Unexpected end of form",
    "error": "Bad Request",
    "statusCode": 400
  },
  "status": 400,
  "options": {},
  "message": "Multipart: Unexpected end of form",
  "name": "BadRequestException"
}
2025-03-07 17:12:02 [STARTER] error: HTTP 400 Error: {"message":"Multipart: Unexpected end of form","error":"Bad Request","statusCode":400}
2025-03-07 17:12:04 [STARTER] error: β Error in POST /courses/chapters/9a201839-20a3-41a0-9f45-3c90f7b6ff60 
π¨ Error: 
{
  "response": {
    "message": "Multipart: Unexpected end of form",
    "error": "Bad Request",
    "statusCode": 400
  },
  "status": 400,
  "options": {},
  "message": "Multipart: Unexpected end of form",
  "name": "BadRequestException"
}
2025-03-07 17:12:04 [STARTER] error: HTTP 400 Error: {"message":"Multipart: Unexpected end of form","error":"Bad Request","statusCode":400}
2025-03-07 17:12:54 [STARTER] error: β Error in POST /courses/chapters/9a201839-20a3-41a0-9f45-3c90f7b6ff60 
π¨ Error: 
{
  "response": {
    "message": "Unexpected field - file",
    "error": "Bad Request",
    "statusCode": 400
  },
  "status": 400,
  "options": {},
  "message": "Unexpected field - file",
  "name": "BadRequestException"
}
2025-03-07 17:12:54 [STARTER] error: HTTP 400 Error: {"message":"Unexpected field - file","error":"Bad Request","statusCode":400}
2025-03-07 17:13:22 [STARTER] error: β Error in POST /courses/chapters/9a201839-20a3-41a0-9f45-3c90f7b6ff60 
π¨ Error: 
{
  "response": {
    "message": "Unexpected field - file",
    "error": "Bad Request",
    "statusCode": 400
  },
  "status": 400,
  "options": {},
  "message": "Unexpected field - file",
  "name": "BadRequestException"
}
2025-03-07 17:13:22 [STARTER] error: HTTP 400 Error: {"message":"Unexpected field - file","error":"Bad Request","statusCode":400}
2025-03-07 17:53:49 [STARTER] error: HTTP 404 Error: {"message":"Cannot POST /courses/chapters/","error":"Not Found","statusCode":404}
2025-03-07 18:10:26 [STARTER] error: β Error in GET /courses/action 
π¨ Error: 
{
  "length": 138,
  "name": "error",
  "severity": "ERROR",
  "code": "22P02",
  "where": "unnamed portal parameter $1 = '...'",
  "file": "uuid.c",
  "line": "133",
  "routine": "string_to_uuid"
}
2025-03-07 18:10:26 [STARTER] error: invalid input syntax for type uuid: "action"
2025-03-07 18:10:47 [STARTER] error: β Error in GET /courses/action 
π¨ Error: 
{
  "length": 138,
  "name": "error",
  "severity": "ERROR",
  "code": "22P02",
  "where": "unnamed portal parameter $1 = '...'",
  "file": "uuid.c",
  "line": "133",
  "routine": "string_to_uuid"
}
2025-03-07 18:10:47 [STARTER] error: invalid input syntax for type uuid: "action"
2025-03-07 18:12:32 [STARTER] error: β Error in GET /courses/action 
π¨ Error: 
{
  "length": 138,
  "name": "error",
  "severity": "ERROR",
  "code": "22P02",
  "where": "unnamed portal parameter $1 = '...'",
  "file": "uuid.c",
  "line": "133",
  "routine": "string_to_uuid"
}
2025-03-07 18:12:32 [STARTER] error: invalid input syntax for type uuid: "action"
2025-03-07 18:13:53 [STARTER] error: β Error in GET /courses/action 
π¨ Error: 
{
  "length": 138,
  "name": "error",
  "severity": "ERROR",
  "code": "22P02",
  "where": "unnamed portal parameter $1 = '...'",
  "file": "uuid.c",
  "line": "133",
  "routine": "string_to_uuid"
}
2025-03-07 18:13:53 [STARTER] error: invalid input syntax for type uuid: "action"
2025-03-07 18:14:38 [STARTER] error: β Error in GET /courses/action 
π¨ Error: 
{
  "length": 138,
  "name": "error",
  "severity": "ERROR",
  "code": "22P02",
  "where": "unnamed portal parameter $1 = '...'",
  "file": "uuid.c",
  "line": "133",
  "routine": "string_to_uuid"
}
2025-03-07 18:14:38 [STARTER] error: invalid input syntax for type uuid: "action"
2025-03-07 18:25:44 [STARTER] error: β Error in GET /courses/action 
π¨ Error: 
{
  "length": 138,
  "name": "error",
  "severity": "ERROR",
  "code": "22P02",
  "where": "unnamed portal parameter $1 = '...'",
  "file": "uuid.c",
  "line": "133",
  "routine": "string_to_uuid"
}
2025-03-07 18:25:44 [STARTER] error: invalid input syntax for type uuid: "action"
2025-03-07 18:31:00 [STARTER] error: β Error in GET /courses/action 
π¨ Error: 
{
  "length": 138,
  "name": "error",
  "severity": "ERROR",
  "code": "22P02",
  "where": "unnamed portal parameter $1 = '...'",
  "file": "uuid.c",
  "line": "133",
  "routine": "string_to_uuid"
}
2025-03-07 18:31:00 [STARTER] error: invalid input syntax for type uuid: "action"
2025-03-07 18:50:17 [STARTER] error: β Error in GET /courses/upload 
π¨ Error: 
{
  "length": 138,
  "name": "error",
  "severity": "ERROR",
  "code": "22P02",
  "where": "unnamed portal parameter $1 = '...'",
  "file": "uuid.c",
  "line": "133",
  "routine": "string_to_uuid"
}
2025-03-07 18:50:17 [STARTER] error: invalid input syntax for type uuid: "upload"
2025-03-07 18:50:22 [STARTER] error: β Error in GET /courses/upload 
π¨ Error: 
{
  "length": 138,
  "name": "error",
  "severity": "ERROR",
  "code": "22P02",
  "where": "unnamed portal parameter $1 = '...'",
  "file": "uuid.c",
  "line": "133",
  "routine": "string_to_uuid"
}
2025-03-07 18:50:22 [STARTER] error: invalid input syntax for type uuid: "upload"
2025-03-07 18:50:33 [STARTER] error: β Error in GET /courses/action 
π¨ Error: 
{
  "length": 138,
  "name": "error",
  "severity": "ERROR",
  "code": "22P02",
  "where": "unnamed portal parameter $1 = '...'",
  "file": "uuid.c",
  "line": "133",
  "routine": "string_to_uuid"
}
2025-03-07 18:50:33 [STARTER] error: invalid input syntax for type uuid: "action"
2025-03-07 18:51:37 [STARTER] error: HTTP 401 Error: {"message":"Unauthorized","statusCode":401}
2025-03-07 18:51:40 [STARTER] error: HTTP 401 Error: {"message":"Unauthorized","statusCode":401}
2025-03-07 18:51:48 [STARTER] error: HTTP 404 Error: {"message":"Cannot GET /users/course-progress/4577c695-241e-4f25-84a7-f21480c04458/enrolled-courses","error":"Not Found","statusCode":404}
2025-03-07 18:53:36 [STARTER] error: HTTP 404 Error: {"message":"Cannot POST /courses/280a205f-d935-4f51-81ef-9ee88239a97e/sections/8d2e1cc6-57cc-4fd6-abf5-68066e17c1ba/chapters/44da6bcb-6fb7-4b00-be58-0dc323b08c93/get-upload-url","error":"Not Found","statusCode":404}
2025-03-07 18:53:36 [STARTER] error: β Error in PATCH /courses/280a205f-d935-4f51-81ef-9ee88239a97e 
π¨ Error: 
{
  "response": {
    "statusCode": 400,
    "message": "μ—…λ°μ΄νΈν•  λ°μ΄ν„°κ°€ μ—†μµλ‹λ‹¤."
  },
  "status": 400,
  "options": {},
  "message": "μ—…λ°μ΄νΈν•  λ°μ΄ν„°κ°€ μ—†μµλ‹λ‹¤.",
  "name": "BadRequestException"
}
2025-03-07 18:53:36 [STARTER] error: HTTP 400 Error: {"statusCode":400,"message":"μ—…λ°μ΄νΈν•  λ°μ΄ν„°κ°€ μ—†μµλ‹λ‹¤."}
2025-03-07 18:54:04 [STARTER] error: HTTP 404 Error: {"message":"Cannot POST /courses/280a205f-d935-4f51-81ef-9ee88239a97e/sections/8d2e1cc6-57cc-4fd6-abf5-68066e17c1ba/chapters/44da6bcb-6fb7-4b00-be58-0dc323b08c93/get-upload-url","error":"Not Found","statusCode":404}
2025-03-07 18:54:04 [STARTER] error: β Error in PATCH /courses/280a205f-d935-4f51-81ef-9ee88239a97e 
π¨ Error: 
{
  "response": {
    "statusCode": 400,
    "message": "μ—…λ°μ΄νΈν•  λ°μ΄ν„°κ°€ μ—†μµλ‹λ‹¤."
  },
  "status": 400,
  "options": {},
  "message": "μ—…λ°μ΄νΈν•  λ°μ΄ν„°κ°€ μ—†μµλ‹λ‹¤.",
  "name": "BadRequestException"
}
2025-03-07 18:54:04 [STARTER] error: HTTP 400 Error: {"statusCode":400,"message":"μ—…λ°μ΄νΈν•  λ°μ΄ν„°κ°€ μ—†μµλ‹λ‹¤."}
2025-03-07 18:54:24 [STARTER] error: HTTP 404 Error: {"message":"Cannot POST /courses/280a205f-d935-4f51-81ef-9ee88239a97e/sections/8d2e1cc6-57cc-4fd6-abf5-68066e17c1ba/chapters/ce55af39-02a1-485a-a66a-8b70b84bc143/get-upload-url","error":"Not Found","statusCode":404}
2025-03-07 18:54:24 [STARTER] error: β Error in PATCH /courses/280a205f-d935-4f51-81ef-9ee88239a97e 
π¨ Error: 
{
  "response": {
    "statusCode": 400,
    "message": "μ—…λ°μ΄νΈν•  λ°μ΄ν„°κ°€ μ—†μµλ‹λ‹¤."
  },
  "status": 400,
  "options": {},
  "message": "μ—…λ°μ΄νΈν•  λ°μ΄ν„°κ°€ μ—†μµλ‹λ‹¤.",
  "name": "BadRequestException"
}
2025-03-07 18:54:24 [STARTER] error: HTTP 400 Error: {"statusCode":400,"message":"μ—…λ°μ΄νΈν•  λ°μ΄ν„°κ°€ μ—†μµλ‹λ‹¤."}
2025-03-07 18:56:54 [STARTER] error: HTTP 404 Error: {"message":"Cannot POST /courses/280a205f-d935-4f51-81ef-9ee88239a97e/sections/8d2e1cc6-57cc-4fd6-abf5-68066e17c1ba/chapters/ce55af39-02a1-485a-a66a-8b70b84bc143/get-upload-url","error":"Not Found","statusCode":404}
2025-03-07 18:56:54 [STARTER] error: β Error in PATCH /courses/280a205f-d935-4f51-81ef-9ee88239a97e 
π¨ Error: 
{
  "response": {
    "statusCode": 400,
    "message": "μ—…λ°μ΄νΈν•  λ°μ΄ν„°κ°€ μ—†μµλ‹λ‹¤."
  },
  "status": 400,
  "options": {},
  "message": "μ—…λ°μ΄νΈν•  λ°μ΄ν„°κ°€ μ—†μµλ‹λ‹¤.",
  "name": "BadRequestException"
}
2025-03-07 18:56:54 [STARTER] error: HTTP 400 Error: {"statusCode":400,"message":"μ—…λ°μ΄νΈν•  λ°μ΄ν„°κ°€ μ—†μµλ‹λ‹¤."}
2025-03-07 18:56:58 [STARTER] error: HTTP 404 Error: {"message":"Cannot POST /courses/280a205f-d935-4f51-81ef-9ee88239a97e/sections/8d2e1cc6-57cc-4fd6-abf5-68066e17c1ba/chapters/ce55af39-02a1-485a-a66a-8b70b84bc143/get-upload-url","error":"Not Found","statusCode":404}
2025-03-07 18:56:58 [STARTER] error: β Error in PATCH /courses/280a205f-d935-4f51-81ef-9ee88239a97e 
π¨ Error: 
{
  "response": {
    "statusCode": 400,
    "message": "μ—…λ°μ΄νΈν•  λ°μ΄ν„°κ°€ μ—†μµλ‹λ‹¤."
  },
  "status": 400,
  "options": {},
  "message": "μ—…λ°μ΄νΈν•  λ°μ΄ν„°κ°€ μ—†μµλ‹λ‹¤.",
  "name": "BadRequestException"
}
2025-03-07 18:56:58 [STARTER] error: HTTP 400 Error: {"statusCode":400,"message":"μ—…λ°μ΄νΈν•  λ°μ΄ν„°κ°€ μ—†μµλ‹λ‹¤."}
2025-03-07 18:57:05 [STARTER] error: HTTP 404 Error: {"message":"Cannot POST /courses/280a205f-d935-4f51-81ef-9ee88239a97e/sections/8d2e1cc6-57cc-4fd6-abf5-68066e17c1ba/chapters/ce55af39-02a1-485a-a66a-8b70b84bc143/get-upload-url","error":"Not Found","statusCode":404}
2025-03-07 18:57:05 [STARTER] error: β Error in PATCH /courses/280a205f-d935-4f51-81ef-9ee88239a97e 
π¨ Error: 
{
  "response": {
    "statusCode": 400,
    "message": "μ—…λ°μ΄νΈν•  λ°μ΄ν„°κ°€ μ—†μµλ‹λ‹¤."
  },
  "status": 400,
  "options": {},
  "message": "μ—…λ°μ΄νΈν•  λ°μ΄ν„°κ°€ μ—†μµλ‹λ‹¤.",
  "name": "BadRequestException"
}
2025-03-07 18:57:05 [STARTER] error: HTTP 400 Error: {"statusCode":400,"message":"μ—…λ°μ΄νΈν•  λ°μ΄ν„°κ°€ μ—†μµλ‹λ‹¤."}
2025-03-07 18:57:22 [STARTER] error: β Error in PATCH /courses/280a205f-d935-4f51-81ef-9ee88239a97e 
π¨ Error: 
{
  "response": {
    "statusCode": 400,
    "message": "μ—…λ°μ΄νΈν•  λ°μ΄ν„°κ°€ μ—†μµλ‹λ‹¤."
  },
  "status": 400,
  "options": {},
  "message": "μ—…λ°μ΄νΈν•  λ°μ΄ν„°κ°€ μ—†μµλ‹λ‹¤.",
  "name": "BadRequestException"
}
2025-03-07 18:57:22 [STARTER] error: HTTP 400 Error: {"statusCode":400,"message":"μ—…λ°μ΄νΈν•  λ°μ΄ν„°κ°€ μ—†μµλ‹λ‹¤."}
2025-03-07 18:57:34 [STARTER] error: β Error in PATCH /courses/280a205f-d935-4f51-81ef-9ee88239a97e 
π¨ Error: 
{
  "response": {
    "statusCode": 400,
    "message": "μ—…λ°μ΄νΈν•  λ°μ΄ν„°κ°€ μ—†μµλ‹λ‹¤."
  },
  "status": 400,
  "options": {},
  "message": "μ—…λ°μ΄νΈν•  λ°μ΄ν„°κ°€ μ—†μµλ‹λ‹¤.",
  "name": "BadRequestException"
}
2025-03-07 18:57:34 [STARTER] error: HTTP 400 Error: {"statusCode":400,"message":"μ—…λ°μ΄νΈν•  λ°μ΄ν„°κ°€ μ—†μµλ‹λ‹¤."}
2025-03-07 19:24:14 [STARTER] error: HTTP 404 Error: {"message":"Cannot POST /courses/280a205f-d935-4f51-81ef-9ee88239a97e/sections/8d2e1cc6-57cc-4fd6-abf5-68066e17c1ba/chapters/ca21d0a6-d399-4539-ba94-e865e1e1e78b/get-upload-url","error":"Not Found","statusCode":404}
2025-03-07 19:24:14 [STARTER] error: HTTP 401 Error: {"message":"Unauthorized","statusCode":401}
2025-03-07 19:24:15 [STARTER] error: HTTP 404 Error: {"message":"Cannot POST /courses/280a205f-d935-4f51-81ef-9ee88239a97e/sections/8d2e1cc6-57cc-4fd6-abf5-68066e17c1ba/chapters/ca21d0a6-d399-4539-ba94-e865e1e1e78b/get-upload-url","error":"Not Found","statusCode":404}
2025-03-07 19:24:15 [STARTER] error: HTTP 401 Error: {"message":"Unauthorized","statusCode":401}
2025-03-07 19:24:15 [STARTER] error: HTTP 404 Error: {"message":"Cannot POST /courses/280a205f-d935-4f51-81ef-9ee88239a97e/sections/8d2e1cc6-57cc-4fd6-abf5-68066e17c1ba/chapters/ca21d0a6-d399-4539-ba94-e865e1e1e78b/get-upload-url","error":"Not Found","statusCode":404}
2025-03-07 19:24:15 [STARTER] error: HTTP 401 Error: {"message":"Unauthorized","statusCode":401}
2025-03-07 19:24:15 [STARTER] error: HTTP 404 Error: {"message":"Cannot POST /courses/280a205f-d935-4f51-81ef-9ee88239a97e/sections/8d2e1cc6-57cc-4fd6-abf5-68066e17c1ba/chapters/ca21d0a6-d399-4539-ba94-e865e1e1e78b/get-upload-url","error":"Not Found","statusCode":404}
2025-03-07 19:24:15 [STARTER] error: HTTP 401 Error: {"message":"Unauthorized","statusCode":401}
2025-03-07 19:24:16 [STARTER] error: HTTP 404 Error: {"message":"Cannot POST /courses/280a205f-d935-4f51-81ef-9ee88239a97e/sections/8d2e1cc6-57cc-4fd6-abf5-68066e17c1ba/chapters/ca21d0a6-d399-4539-ba94-e865e1e1e78b/get-upload-url","error":"Not Found","statusCode":404}
2025-03-07 19:24:16 [STARTER] error: HTTP 401 Error: {"message":"Unauthorized","statusCode":401}
2025-03-07 19:24:16 [STARTER] error: HTTP 404 Error: {"message":"Cannot POST /courses/280a205f-d935-4f51-81ef-9ee88239a97e/sections/8d2e1cc6-57cc-4fd6-abf5-68066e17c1ba/chapters/ca21d0a6-d399-4539-ba94-e865e1e1e78b/get-upload-url","error":"Not Found","statusCode":404}
2025-03-07 19:24:16 [STARTER] error: HTTP 401 Error: {"message":"Unauthorized","statusCode":401}
2025-03-07 19:24:16 [STARTER] error: HTTP 404 Error: {"message":"Cannot POST /courses/280a205f-d935-4f51-81ef-9ee88239a97e/sections/8d2e1cc6-57cc-4fd6-abf5-68066e17c1ba/chapters/ca21d0a6-d399-4539-ba94-e865e1e1e78b/get-upload-url","error":"Not Found","statusCode":404}
2025-03-07 19:24:16 [STARTER] error: HTTP 401 Error: {"message":"Unauthorized","statusCode":401}
2025-03-07 19:24:21 [STARTER] error: HTTP 401 Error: {"message":"Unauthorized","statusCode":401}
2025-03-07 19:24:29 [STARTER] error: HTTP 404 Error: {"message":"Cannot GET /users/course-progress/4577c695-241e-4f25-84a7-f21480c04458/enrolled-courses","error":"Not Found","statusCode":404}
2025-03-07 19:24:55 [STARTER] error: β Error in PATCH /courses/280a205f-d935-4f51-81ef-9ee88239a97e 
π¨ Error: 
{
  "response": {
    "statusCode": 400,
    "message": "μ—…λ°μ΄νΈν•  λ°μ΄ν„°κ°€ μ—†μµλ‹λ‹¤."
  },
  "status": 400,
  "options": {},
  "message": "μ—…λ°μ΄νΈν•  λ°μ΄ν„°κ°€ μ—†μµλ‹λ‹¤.",
  "name": "BadRequestException"
}
2025-03-07 19:24:55 [STARTER] error: HTTP 400 Error: {"statusCode":400,"message":"μ—…λ°μ΄νΈν•  λ°μ΄ν„°κ°€ μ—†μµλ‹λ‹¤."}
2025-03-07 19:25:05 [STARTER] error: β Error in PATCH /courses/280a205f-d935-4f51-81ef-9ee88239a97e 
π¨ Error: 
{
  "response": {
    "statusCode": 400,
    "message": "μ—…λ°μ΄νΈν•  λ°μ΄ν„°κ°€ μ—†μµλ‹λ‹¤."
  },
  "status": 400,
  "options": {},
  "message": "μ—…λ°μ΄νΈν•  λ°μ΄ν„°κ°€ μ—†μµλ‹λ‹¤.",
  "name": "BadRequestException"
}
2025-03-07 19:25:05 [STARTER] error: HTTP 400 Error: {"statusCode":400,"message":"μ—…λ°μ΄νΈν•  λ°μ΄ν„°κ°€ μ—†μµλ‹λ‹¤."}
2025-03-07 19:31:43 [STARTER] error: β Error in PATCH /courses/12819972-aeba-4ec5-ae1c-5cc300e48881 
π¨ Error: 
{
  "response": {
    "statusCode": 400,
    "message": "μ—…λ°μ΄νΈν•  λ°μ΄ν„°κ°€ μ—†μµλ‹λ‹¤."
  },
  "status": 400,
  "options": {},
  "message": "μ—…λ°μ΄νΈν•  λ°μ΄ν„°κ°€ μ—†μµλ‹λ‹¤.",
  "name": "BadRequestException"
}
2025-03-07 19:31:43 [STARTER] error: HTTP 400 Error: {"statusCode":400,"message":"μ—…λ°μ΄νΈν•  λ°μ΄ν„°κ°€ μ—†μµλ‹λ‹¤."}
