2025-03-03 16:53:55 [STARTER] error: Error in POST /auth/login 
 Error: Invalid email or password
2025-03-03 16:53:55 [STARTER] error: HTTP 401 Error: {"message":"Invalid email or password","error":"Unauthorized","statusCode":401}
2025-03-03 17:17:20 [STARTER] error: Error in POST /auth/login 
 Error: μ—…λ°μ΄νΈν•  λ°μ΄ν„°κ°€ μ—†μµλ‹λ‹¤.
2025-03-03 17:17:20 [STARTER] error: HTTP 400 Error: {"statusCode":400,"message":"μ—…λ°μ΄νΈν•  λ°μ΄ν„°κ°€ μ—†μµλ‹λ‹¤."}
2025-03-03 17:23:00 [STARTER] error: Error in POST /auth/refresh 
 Error: Refresh token expired or invalid
2025-03-03 17:23:00 [STARTER] error: HTTP 401 Error: {"message":"Refresh token expired or invalid","error":"Unauthorized","statusCode":401}
2025-03-03 17:23:05 [STARTER] error: Error in POST /auth/refresh 
 Error: Refresh token expired or invalid
2025-03-03 17:23:05 [STARTER] error: HTTP 401 Error: {"message":"Refresh token expired or invalid","error":"Unauthorized","statusCode":401}
2025-03-03 17:27:55 [STARTER] error: Cannot read properties of undefined (reading 'length')
2025-03-03 17:42:49 [STARTER] error: Converting circular structure to JSON
    --> starting at object with constructor 'Socket'
    |     property 'parser' -> object with constructor 'HTTPParser'
    --- property 'socket' closes the circle
2025-03-03 17:47:09 [STARTER] error: Error in GET /auth/google/callback?code=4%2F0AQSTgQG1WAXlbMk-a-noVvGCDS8XMvoMCTZ8qQDOInBM5U8rb0KJTKkCiJwCr5Cpf9ZnWA&scope=email+profile+https%3A%2F%2Fwww.googleapis.com%2Fauth%2Fuserinfo.email+https%3A%2F%2Fwww.googleapis.com%2Fauth%2Fuserinfo.profile+openid&authuser=0&prompt=none 
 Error: {}
2025-03-03 17:47:09 [STARTER] error: "undefined" is not valid JSON
2025-03-03 17:49:09 [STARTER] error: Error in POST /auth/refresh 
 Error: {}
2025-03-03 17:49:09 [STARTER] error: "undefined" is not valid JSON
2025-03-03 17:49:18 [STARTER] error: Error in POST /auth/refresh 
 Error: {}
2025-03-03 17:49:18 [STARTER] error: "undefined" is not valid JSON
2025-03-03 17:49:57 [STARTER] error: Error in POST /auth/refresh 
 Error: {}
2025-03-03 17:49:57 [STARTER] error: "undefined" is not valid JSON
2025-03-03 17:49:57 [STARTER] error: Error in POST /auth/refresh 
 Error: {"response":{"message":"Refresh token expired or invalid","error":"Unauthorized","statusCode":401},"status":401,"options":{},"message":"Refresh token expired or invalid","name":"UnauthorizedException"}
2025-03-03 17:49:57 [STARTER] error: HTTP 401 Error: {"message":"Refresh token expired or invalid","error":"Unauthorized","statusCode":401}
2025-03-03 17:52:06 [STARTER] error: Error in POST /auth/register 
 Error: Email already exists
2025-03-03 17:52:06 [STARTER] error: HTTP 401 Error: {"message":"Email already exists","error":"Unauthorized","statusCode":401}
2025-03-03 18:12:34 [STARTER] error: HTTP 404 Error: {"message":"Cannot GET /","error":"Not Found","statusCode":404}
2025-03-03 18:12:47 [STARTER] error: Error in POST /auth/refresh 
 Error: Refresh token expired or invalid
2025-03-03 18:12:47 [STARTER] error: HTTP 401 Error: {"message":"Refresh token expired or invalid","error":"Unauthorized","statusCode":401}
2025-03-03 18:13:37 [STARTER] error: Error in POST /auth/refresh 
 Error: Refresh token expired or invalid
2025-03-03 18:13:37 [STARTER] error: HTTP 401 Error: {"message":"Refresh token expired or invalid","error":"Unauthorized","statusCode":401}
2025-03-03 18:13:46 [STARTER] error: Error in POST /auth/refresh 
 Error: Refresh token expired or invalid
2025-03-03 18:13:46 [STARTER] error: HTTP 401 Error: {"message":"Refresh token expired or invalid","error":"Unauthorized","statusCode":401}
2025-03-03 18:13:58 [STARTER] error: HTTP 401 Error: {"message":"Unauthorized","statusCode":401}
2025-03-03 18:13:58 [STARTER] error: Error in POST /auth/refresh 
 Error: Refresh token expired or invalid
2025-03-03 18:13:58 [STARTER] error: HTTP 401 Error: {"message":"Refresh token expired or invalid","error":"Unauthorized","statusCode":401}
2025-03-03 18:14:50 [STARTER] error: Error in POST /auth/refresh 
 Error: Refresh token expired or invalid
2025-03-03 18:14:50 [STARTER] error: HTTP 401 Error: {"message":"Refresh token expired or invalid","error":"Unauthorized","statusCode":401}
2025-03-03 18:23:22 [STARTER] error: Error in POST /auth/login 
 Error: Invalid email or password
2025-03-03 18:23:22 [STARTER] error: HTTP 401 Error: {"message":"Invalid email or password","error":"Unauthorized","statusCode":401}
2025-03-03 18:24:08 [STARTER] error: Error in POST /auth/login 
 Error: Invalid email or password
2025-03-03 18:24:08 [STARTER] error: HTTP 401 Error: {"message":"Invalid email or password","error":"Unauthorized","statusCode":401}
2025-03-03 19:14:35 [STARTER] error: Error in POST /auth/login 
 Error: Invalid email or password
2025-03-03 19:14:35 [STARTER] error: HTTP 401 Error: {"message":"Invalid email or password","error":"Unauthorized","statusCode":401}
2025-03-03 19:22:44 [STARTER] error: Cannot set headers after they are sent to the client
2025-03-03 19:24:25 [STARTER] error: Cannot set headers after they are sent to the client
2025-03-03 19:57:07 [STARTER] error: Cannot read properties of undefined (reading 'user-agent')
2025-03-03 20:30:14 [STARTER] error: β Error in POST /auth/register 
π¨ Error: 
{
  "response": {
    "message": "Email already exists",
    "error": "Unauthorized",
    "statusCode": 401
  },
  "status": 401,
  "options": {},
  "message": "Email already exists",
  "name": "UnauthorizedException"
}
2025-03-03 20:30:14 [STARTER] error: HTTP 401 Error: {"message":"Email already exists","error":"Unauthorized","statusCode":401}
2025-03-03 21:09:57 [STARTER] error: HTTP 401 Error: {"message":"Unauthorized","statusCode":401}
2025-03-03 21:10:43 [STARTER] error: β Error in POST /auth/refresh 
π¨ Error: 
{
  "response": {
    "message": "Refresh token not found",
    "error": "Unauthorized",
    "statusCode": 401
  },
  "status": 401,
  "options": {},
  "message": "Refresh token not found",
  "name": "UnauthorizedException"
}
2025-03-03 21:10:43 [STARTER] error: HTTP 401 Error: {"message":"Refresh token not found","error":"Unauthorized","statusCode":401}
2025-03-03 21:10:57 [STARTER] error: β Error in POST /auth/refresh 
π¨ Error: 
{
  "response": {
    "message": "Refresh token not found",
    "error": "Unauthorized",
    "statusCode": 401
  },
  "status": 401,
  "options": {},
  "message": "Refresh token not found",
  "name": "UnauthorizedException"
}
2025-03-03 21:10:57 [STARTER] error: HTTP 401 Error: {"message":"Refresh token not found","error":"Unauthorized","statusCode":401}
2025-03-03 21:11:11 [STARTER] error: β Error in POST /auth/refresh 
π¨ Error: 
{
  "response": {
    "message": "Refresh token not found",
    "error": "Unauthorized",
    "statusCode": 401
  },
  "status": 401,
  "options": {},
  "message": "Refresh token not found",
  "name": "UnauthorizedException"
}
2025-03-03 21:11:11 [STARTER] error: HTTP 401 Error: {"message":"Refresh token not found","error":"Unauthorized","statusCode":401}
2025-03-03 21:11:25 [STARTER] error: HTTP 401 Error: {"message":"Unauthorized","statusCode":401}
2025-03-03 21:11:25 [STARTER] error: β Error in POST /auth/refresh 
π¨ Error: 
{
  "response": {
    "message": "Refresh token not found",
    "error": "Unauthorized",
    "statusCode": 401
  },
  "status": 401,
  "options": {},
  "message": "Refresh token not found",
  "name": "UnauthorizedException"
}
2025-03-03 21:11:25 [STARTER] error: HTTP 401 Error: {"message":"Refresh token not found","error":"Unauthorized","statusCode":401}
2025-03-03 21:11:54 [STARTER] error: β Error in POST /auth/login 
π¨ Error: 
{
  "response": {
    "message": "Invalid email or password",
    "error": "Unauthorized",
    "statusCode": 401
  },
  "status": 401,
  "options": {},
  "message": "Invalid email or password",
  "name": "UnauthorizedException"
}
2025-03-03 21:11:54 [STARTER] error: HTTP 401 Error: {"message":"Invalid email or password","error":"Unauthorized","statusCode":401}
2025-03-03 21:15:14 [STARTER] error: β Error in POST /auth/refresh 
π¨ Error: 
{
  "response": {
    "message": "Refresh token expired or invalid",
    "error": "Unauthorized",
    "statusCode": 401
  },
  "status": 401,
  "options": {},
  "message": "Refresh token expired or invalid",
  "name": "UnauthorizedException"
}
2025-03-03 21:15:14 [STARTER] error: HTTP 401 Error: {"message":"Refresh token expired or invalid","error":"Unauthorized","statusCode":401}
2025-03-03 21:31:44 [STARTER] error: HTTP 401 Error: {"message":"Unauthorized","statusCode":401}
2025-03-03 21:39:03 [STARTER] error: β Error in POST /auth/login 
π¨ Error: 
{
  "response": {
    "message": "Invalid email or password",
    "error": "Unauthorized",
    "statusCode": 401
  },
  "status": 401,
  "options": {},
  "message": "Invalid email or password",
  "name": "UnauthorizedException"
}
2025-03-03 21:39:03 [STARTER] error: HTTP 401 Error: {"message":"Invalid email or password","error":"Unauthorized","statusCode":401}
