2025-03-06 14:29:33 [STARTER] error: HTTP 404 Error: {"message":"Cannot GET /courses","error":"Not Found","statusCode":404}
2025-03-06 14:30:30 [STARTER] error: HTTP 404 Error: {"message":"Cannot GET /courses","error":"Not Found","statusCode":404}
2025-03-06 14:35:25 [STARTER] error: HTTP 404 Error: {"message":"Cannot GET /courses","error":"Not Found","statusCode":404}
2025-03-06 14:35:27 [STARTER] error: HTTP 404 Error: {"message":"Cannot GET /courses","error":"Not Found","statusCode":404}
2025-03-06 14:37:33 [STARTER] error: HTTP 404 Error: {"message":"Cannot GET /courses/REPLACE_WITH_COURSE_ID","error":"Not Found","statusCode":404}
2025-03-06 14:37:40 [STARTER] error: HTTP 404 Error: {"message":"Cannot POST /courses","error":"Not Found","statusCode":404}
2025-03-06 17:14:37 [STARTER] error: HTTP 401 Error: {"message":"Unauthorized","statusCode":401}
2025-03-06 17:14:48 [STARTER] error: ❌ Error in POST /auth/login 
🚨 Error: 
{
  "response": {
    "statusCode": 400,
    "message": "Validation failed",
    "errors": {
      "provider": [
        "Required"
      ]
    }
  },
  "status": 400,
  "options": {},
  "message": "Validation failed",
  "name": "BadRequestException"
}
2025-03-06 17:14:48 [STARTER] error: HTTP 400 Error: {"statusCode":400,"message":"Validation failed","errors":{"provider":["Required"]}}
2025-03-06 17:26:51 [STARTER] error: ❌ Error in POST /auth/login 
🚨 Error: 
{
  "response": {
    "message": "Invalid email or password",
    "error": "Unauthorized",
    "statusCode": 401
  },
  "status": 401,
  "options": {},
  "message": "Invalid email or password",
  "name": "UnauthorizedException"
}
2025-03-06 17:26:51 [STARTER] error: HTTP 401 Error: {"message":"Invalid email or password","error":"Unauthorized","statusCode":401}
2025-03-06 17:28:29 [STARTER] error: ❌ Error in GET /courses/REPLACE_WITH_COURSE_ID 
🚨 Error: 
{
  "length": 154,
  "name": "error",
  "severity": "ERROR",
  "code": "22P02",
  "where": "unnamed portal parameter $1 = '...'",
  "file": "uuid.c",
  "line": "133",
  "routine": "string_to_uuid"
}
2025-03-06 17:28:29 [STARTER] error: invalid input syntax for type uuid: "REPLACE_WITH_COURSE_ID"
2025-03-06 17:28:45 [STARTER] error: ❌ Error in POST /courses 
🚨 Error: 
{
  "response": {
    "statusCode": 400,
    "message": "Validation failed",
    "errors": {
      "teacher_id": [
        "Invalid uuid"
      ]
    }
  },
  "status": 400,
  "options": {},
  "message": "Validation failed",
  "name": "BadRequestException"
}
2025-03-06 17:28:45 [STARTER] error: HTTP 400 Error: {"statusCode":400,"message":"Validation failed","errors":{"teacher_id":["Invalid uuid"]}}
2025-03-06 17:31:49 [STARTER] error: ❌ Error in GET /courses/sections/REPLACE_WITH_SECTION_ID/chapters 
🚨 Error: 
{
  "length": 155,
  "name": "error",
  "severity": "ERROR",
  "code": "22P02",
  "where": "unnamed portal parameter $1 = '...'",
  "file": "uuid.c",
  "line": "133",
  "routine": "string_to_uuid"
}
2025-03-06 17:31:49 [STARTER] error: invalid input syntax for type uuid: "REPLACE_WITH_SECTION_ID"
2025-03-06 17:32:59 [STARTER] error: HTTP 404 Error: {"message":"Cannot DELETE /courses/sections/eb839bd8-aeec-4468-8e03-49d96f437838","error":"Not Found","statusCode":404}
2025-03-06 17:33:46 [STARTER] error: HTTP 404 Error: {"message":"Cannot DELETE /courses/sections/eb839bd8-aeec-4468-8e03-49d96f437838","error":"Not Found","statusCode":404}
2025-03-06 17:42:06 [STARTER] error: HTTP 401 Error: {"message":"Unauthorized","statusCode":401}
2025-03-06 17:42:40 [STARTER] error: HTTP 401 Error: {"message":"Unauthorized","statusCode":401}
2025-03-06 17:42:42 [STARTER] error: HTTP 401 Error: {"message":"Unauthorized","statusCode":401}
2025-03-06 17:43:06 [STARTER] error: HTTP 401 Error: {"message":"Unauthorized","statusCode":401}
2025-03-06 17:43:16 [STARTER] error: HTTP 401 Error: {"message":"Unauthorized","statusCode":401}
2025-03-06 17:43:17 [STARTER] error: HTTP 401 Error: {"message":"Unauthorized","statusCode":401}
2025-03-06 17:43:36 [STARTER] error: ❌ Error in POST /auth/login 
🚨 Error: 
{
  "response": {
    "message": "Invalid email or password",
    "error": "Unauthorized",
    "statusCode": 401
  },
  "status": 401,
  "options": {},
  "message": "Invalid email or password",
  "name": "UnauthorizedException"
}
2025-03-06 17:43:36 [STARTER] error: HTTP 401 Error: {"message":"Invalid email or password","error":"Unauthorized","statusCode":401}
2025-03-06 17:45:35 [STARTER] error: ❌ Error in POST /courses/sections/c3877254-127e-4955-ad27-20db25d0d5da/chapters 
🚨 Error: 
{
  "length": 321,
  "name": "error",
  "severity": "ERROR",
  "code": "23503",
  "detail": "Key (section_id)=(c3877254-127e-4955-ad27-20db25d0d5da) is not present in table \"sections\".",
  "schema": "public",
  "table": "chapters",
  "constraint": "chapters_section_id_sections_id_fk",
  "file": "ri_triggers.c",
  "line": "2608",
  "routine": "ri_ReportViolation"
}
2025-03-06 17:45:35 [STARTER] error: insert or update on table "chapters" violates foreign key constraint "chapters_section_id_sections_id_fk"
2025-03-06 17:47:01 [STARTER] error: ❌ Error in PATCH /courses/d6a722ad-309c-4752-a671-de24277a2a05 
🚨 Error: 
{
  "response": {
    "message": "업데이트 실패: ID d6a722ad-309c-4752-a671-de24277a2a05 없음",
    "error": "Not Found",
    "statusCode": 404
  },
  "status": 404,
  "options": {},
  "message": "업데이트 실패: ID d6a722ad-309c-4752-a671-de24277a2a05 없음",
  "name": "NotFoundException"
}
2025-03-06 17:47:01 [STARTER] error: HTTP 404 Error: {"message":"업데이트 실패: ID d6a722ad-309c-4752-a671-de24277a2a05 없음","error":"Not Found","statusCode":404}
2025-03-06 17:59:30 [STARTER] error: ❌ Error in POST /auth/register 
🚨 Error: 
{
  "response": {
    "message": "Email already exists",
    "error": "Unauthorized",
    "statusCode": 401
  },
  "status": 401,
  "options": {},
  "message": "Email already exists",
  "name": "UnauthorizedException"
}
2025-03-06 17:59:30 [STARTER] error: HTTP 401 Error: {"message":"Email already exists","error":"Unauthorized","statusCode":401}
2025-03-06 18:33:41 [STARTER] error: HTTP 401 Error: {"message":"Unauthorized","statusCode":401}
2025-03-06 18:34:11 [STARTER] error: ❌ Error in POST /auth/register 
🚨 Error: 
{
  "response": {
    "statusCode": 400,
    "message": "Validation failed",
    "errors": {
      "provider": [
        "Required"
      ]
    }
  },
  "status": 400,
  "options": {},
  "message": "Validation failed",
  "name": "BadRequestException"
}
2025-03-06 18:34:11 [STARTER] error: HTTP 400 Error: {"statusCode":400,"message":"Validation failed","errors":{"provider":["Required"]}}
2025-03-06 18:34:45 [STARTER] error: ❌ Error in POST /auth/register 
🚨 Error: 
{
  "response": {
    "message": "Email and password are required",
    "error": "Unauthorized",
    "statusCode": 401
  },
  "status": 401,
  "options": {},
  "message": "Email and password are required",
  "name": "UnauthorizedException"
}
2025-03-06 18:34:45 [STARTER] error: HTTP 401 Error: {"message":"Email and password are required","error":"Unauthorized","statusCode":401}
2025-03-06 18:34:47 [STARTER] error: ❌ Error in POST /auth/register 
🚨 Error: 
{
  "response": {
    "message": "Email and password are required",
    "error": "Unauthorized",
    "statusCode": 401
  },
  "status": 401,
  "options": {},
  "message": "Email and password are required",
  "name": "UnauthorizedException"
}
2025-03-06 18:34:47 [STARTER] error: HTTP 401 Error: {"message":"Email and password are required","error":"Unauthorized","statusCode":401}
2025-03-06 18:35:12 [STARTER] error: ❌ Error in POST /auth/register 
🚨 Error: 
{
  "response": {
    "message": "Email already exists",
    "error": "Unauthorized",
    "statusCode": 401
  },
  "status": 401,
  "options": {},
  "message": "Email already exists",
  "name": "UnauthorizedException"
}
2025-03-06 18:35:12 [STARTER] error: HTTP 401 Error: {"message":"Email already exists","error":"Unauthorized","statusCode":401}
2025-03-06 18:35:20 [STARTER] error: ❌ Error in POST /auth/login 
🚨 Error: 
{
  "response": {
    "statusCode": 400,
    "message": "Validation failed",
    "errors": {
      "provider": [
        "Required"
      ]
    }
  },
  "status": 400,
  "options": {},
  "message": "Validation failed",
  "name": "BadRequestException"
}
2025-03-06 18:35:20 [STARTER] error: HTTP 400 Error: {"statusCode":400,"message":"Validation failed","errors":{"provider":["Required"]}}
2025-03-06 18:35:33 [STARTER] error: ❌ Error in POST /auth/login 
🚨 Error: 
{
  "response": {
    "message": "Invalid email or password",
    "error": "Unauthorized",
    "statusCode": 401
  },
  "status": 401,
  "options": {},
  "message": "Invalid email or password",
  "name": "UnauthorizedException"
}
2025-03-06 18:35:33 [STARTER] error: HTTP 401 Error: {"message":"Invalid email or password","error":"Unauthorized","statusCode":401}
2025-03-06 18:35:41 [STARTER] error: ❌ Error in POST /auth/login 
🚨 Error: 
{}
2025-03-06 18:35:41 [STARTER] error: data and hash arguments required
2025-03-06 18:36:13 [STARTER] error: ❌ Error in POST /auth/login 
🚨 Error: 
{}
2025-03-06 18:36:13 [STARTER] error: data and hash arguments required
2025-03-06 21:37:49 [STARTER] error: HTTP 401 Error: {"message":"Unauthorized","statusCode":401}
2025-03-06 21:44:28 [STARTER] error: ❌ Error in POST /auth/refresh 
🚨 Error: 
{
  "response": {
    "message": "Refresh token expired or invalid",
    "error": "Unauthorized",
    "statusCode": 401
  },
  "status": 401,
  "options": {},
  "message": "Refresh token expired or invalid",
  "name": "UnauthorizedException"
}
2025-03-06 21:44:28 [STARTER] error: HTTP 401 Error: {"message":"Refresh token expired or invalid","error":"Unauthorized","statusCode":401}
2025-03-06 21:44:36 [STARTER] error: HTTP 401 Error: {"message":"Unauthorized","statusCode":401}
2025-03-06 21:44:36 [STARTER] error: ❌ Error in POST /auth/refresh 
🚨 Error: 
{
  "response": {
    "message": "Refresh token expired or invalid",
    "error": "Unauthorized",
    "statusCode": 401
  },
  "status": 401,
  "options": {},
  "message": "Refresh token expired or invalid",
  "name": "UnauthorizedException"
}
2025-03-06 21:44:36 [STARTER] error: HTTP 401 Error: {"message":"Refresh token expired or invalid","error":"Unauthorized","statusCode":401}
2025-03-06 22:11:27 [STARTER] error: HTTP 401 Error: {"message":"Unauthorized","statusCode":401}
