2025-03-04 15:22:24 [STARTER] info: Starting Nest application...
2025-03-04 15:22:25 [STARTER] info: RedisModule dependencies initialized
2025-03-04 15:22:25 [STARTER] info: RedisCoreModule dependencies initialized
2025-03-04 15:22:25 [STARTER] info: PassportModule dependencies initialized
2025-03-04 15:22:25 [STARTER] info: DatabaseModule dependencies initialized
2025-03-04 15:22:25 [STARTER] info: CommonModule dependencies initialized
2025-03-04 15:22:25 [STARTER] info: LoggerModule dependencies initialized
2025-03-04 15:22:25 [STARTER] info: ConfigHostModule dependencies initialized
2025-03-04 15:22:25 [STARTER] info: EnhancerModule dependencies initialized
2025-03-04 15:22:25 [STARTER] info: DiscoveryModule dependencies initialized
2025-03-04 15:22:25 [STARTER] info: CacheModule dependencies initialized
2025-03-04 15:22:25 [STARTER] info: ConfigModule dependencies initialized
2025-03-04 15:22:25 [STARTER] info: ConfigModule dependencies initialized
2025-03-04 15:22:25 [STARTER] info: ScheduleModule dependencies initialized
2025-03-04 15:22:25 [STARTER] info: FileModule dependencies initialized
2025-03-04 15:22:25 [STARTER] info: BatchModule dependencies initialized
2025-03-04 15:22:25 [STARTER] info: AuthCommonModule dependencies initialized
2025-03-04 15:22:25 [STARTER] info: JwtModule dependencies initialized
2025-03-04 15:22:25 [STARTER] info: JwtModule dependencies initialized
2025-03-04 15:22:25 [STARTER] info: UsersModule dependencies initialized
2025-03-04 15:22:25 [STARTER] info: AuthModule dependencies initialized
2025-03-04 15:22:25 [STARTER] info: AuthController {/auth}:
2025-03-04 15:22:25 [STARTER] info: Mapped {/auth/google, GET} route
2025-03-04 15:22:25 [STARTER] info: Mapped {/auth/github, GET} route
2025-03-04 15:22:25 [STARTER] info: Mapped {/auth/google/callback, GET} route
2025-03-04 15:22:25 [STARTER] info: Mapped {/auth/github/callback, GET} route
2025-03-04 15:22:25 [STARTER] info: Mapped {/auth/register, POST} route
2025-03-04 15:22:25 [STARTER] info: Mapped {/auth/login, POST} route
2025-03-04 15:22:25 [STARTER] info: Mapped {/auth/logout, POST} route
2025-03-04 15:22:25 [STARTER] info: Mapped {/auth/refresh, POST} route
2025-03-04 15:22:25 [STARTER] info: Mapped {/auth/profile, GET} route
2025-03-04 15:22:25 [STARTER] info: Mapped {/auth/health, GET} route
2025-03-04 15:22:25 [STARTER] info: UsersController {/users}:
2025-03-04 15:22:25 [STARTER] info: Mapped {/users, POST} route
2025-03-04 15:22:25 [STARTER] info: Mapped {/users/:id, GET} route
2025-03-04 15:22:25 [STARTER] info: Mapped {/users, GET} route
2025-03-04 15:22:25 [STARTER] info: Mapped {/users/:id, PATCH} route
2025-03-04 15:22:25 [STARTER] info: Mapped {/users/:id, DELETE} route
2025-03-04 15:22:25 [STARTER] info: BatchController {/batches}:
2025-03-04 15:22:25 [STARTER] info: Mapped {/batches/start/:name, POST} route
2025-03-04 15:22:25 [STARTER] info: Mapped {/batches/stop/:name, POST} route
2025-03-04 15:22:25 [STARTER] info: FileController {/file}:
2025-03-04 15:22:25 [STARTER] info: Mapped {/file/upload, POST} route
2025-03-04 15:22:25 [STARTER] info: Mapped {/file/down-xlsx, GET} route
2025-03-04 15:22:25 [STARTER] info: Nest application successfully started
2025-03-04 15:39:35 [STARTER] info: Starting Nest application...
2025-03-04 15:39:35 [STARTER] info: RedisModule dependencies initialized
2025-03-04 15:39:35 [STARTER] info: RedisCoreModule dependencies initialized
2025-03-04 15:39:35 [STARTER] info: PassportModule dependencies initialized
2025-03-04 15:39:35 [STARTER] info: DatabaseModule dependencies initialized
2025-03-04 15:39:35 [STARTER] info: CommonModule dependencies initialized
2025-03-04 15:39:35 [STARTER] info: LoggerModule dependencies initialized
2025-03-04 15:39:35 [STARTER] info: ConfigHostModule dependencies initialized
2025-03-04 15:39:35 [STARTER] info: EnhancerModule dependencies initialized
2025-03-04 15:39:35 [STARTER] info: DiscoveryModule dependencies initialized
2025-03-04 15:39:35 [STARTER] info: CacheModule dependencies initialized
2025-03-04 15:39:35 [STARTER] info: ConfigModule dependencies initialized
2025-03-04 15:39:35 [STARTER] info: ConfigModule dependencies initialized
2025-03-04 15:39:35 [STARTER] info: ScheduleModule dependencies initialized
2025-03-04 15:39:35 [STARTER] info: FileModule dependencies initialized
2025-03-04 15:39:35 [STARTER] info: BatchModule dependencies initialized
2025-03-04 15:39:35 [STARTER] info: AuthCommonModule dependencies initialized
2025-03-04 15:39:35 [STARTER] info: JwtModule dependencies initialized
2025-03-04 15:39:35 [STARTER] info: JwtModule dependencies initialized
2025-03-04 15:39:35 [STARTER] info: UsersModule dependencies initialized
2025-03-04 15:39:35 [STARTER] info: AuthModule dependencies initialized
2025-03-04 15:39:35 [STARTER] info: AuthController {/auth}:
2025-03-04 15:39:35 [STARTER] info: Mapped {/auth/google, GET} route
2025-03-04 15:39:35 [STARTER] info: Mapped {/auth/github, GET} route
2025-03-04 15:39:35 [STARTER] info: Mapped {/auth/google/callback, GET} route
2025-03-04 15:39:35 [STARTER] info: Mapped {/auth/github/callback, GET} route
2025-03-04 15:39:35 [STARTER] info: Mapped {/auth/register, POST} route
2025-03-04 15:39:35 [STARTER] info: Mapped {/auth/login, POST} route
2025-03-04 15:39:35 [STARTER] info: Mapped {/auth/logout, POST} route
2025-03-04 15:39:35 [STARTER] info: Mapped {/auth/refresh, POST} route
2025-03-04 15:39:35 [STARTER] info: Mapped {/auth/profile, GET} route
2025-03-04 15:39:35 [STARTER] info: Mapped {/auth/health, GET} route
2025-03-04 15:39:35 [STARTER] info: UsersController {/users}:
2025-03-04 15:39:35 [STARTER] info: Mapped {/users, POST} route
2025-03-04 15:39:35 [STARTER] info: Mapped {/users/:id, GET} route
2025-03-04 15:39:35 [STARTER] info: Mapped {/users, GET} route
2025-03-04 15:39:35 [STARTER] info: Mapped {/users/:id, PATCH} route
2025-03-04 15:39:35 [STARTER] info: Mapped {/users/:id, DELETE} route
2025-03-04 15:39:35 [STARTER] info: BatchController {/batches}:
2025-03-04 15:39:35 [STARTER] info: Mapped {/batches/start/:name, POST} route
2025-03-04 15:39:35 [STARTER] info: Mapped {/batches/stop/:name, POST} route
2025-03-04 15:39:35 [STARTER] info: FileController {/file}:
2025-03-04 15:39:35 [STARTER] info: Mapped {/file/upload, POST} route
2025-03-04 15:39:35 [STARTER] info: Mapped {/file/down-xlsx, GET} route
2025-03-04 15:39:35 [STARTER] info: Nest application successfully started
2025-03-04 15:41:12 [STARTER] info: Starting Nest application...
2025-03-04 15:41:13 [STARTER] info: RedisModule dependencies initialized
2025-03-04 15:41:13 [STARTER] info: RedisCoreModule dependencies initialized
2025-03-04 15:41:13 [STARTER] info: PassportModule dependencies initialized
2025-03-04 15:41:13 [STARTER] info: DatabaseModule dependencies initialized
2025-03-04 15:41:13 [STARTER] info: CommonModule dependencies initialized
2025-03-04 15:41:13 [STARTER] info: LoggerModule dependencies initialized
2025-03-04 15:41:13 [STARTER] info: ConfigHostModule dependencies initialized
2025-03-04 15:41:13 [STARTER] info: EnhancerModule dependencies initialized
2025-03-04 15:41:13 [STARTER] info: DiscoveryModule dependencies initialized
2025-03-04 15:41:13 [STARTER] info: CacheModule dependencies initialized
2025-03-04 15:41:13 [STARTER] info: ConfigModule dependencies initialized
2025-03-04 15:41:13 [STARTER] info: ConfigModule dependencies initialized
2025-03-04 15:41:13 [STARTER] info: ScheduleModule dependencies initialized
2025-03-04 15:41:13 [STARTER] info: FileModule dependencies initialized
2025-03-04 15:41:13 [STARTER] info: BatchModule dependencies initialized
2025-03-04 15:41:13 [STARTER] info: AuthCommonModule dependencies initialized
2025-03-04 15:41:13 [STARTER] info: JwtModule dependencies initialized
2025-03-04 15:41:13 [STARTER] info: JwtModule dependencies initialized
2025-03-04 15:41:13 [STARTER] info: UsersModule dependencies initialized
2025-03-04 15:41:13 [STARTER] info: AuthModule dependencies initialized
2025-03-04 15:41:13 [STARTER] info: AuthController {/auth}:
2025-03-04 15:41:13 [STARTER] info: Mapped {/auth/google, GET} route
2025-03-04 15:41:13 [STARTER] info: Mapped {/auth/github, GET} route
2025-03-04 15:41:13 [STARTER] info: Mapped {/auth/google/callback, GET} route
2025-03-04 15:41:13 [STARTER] info: Mapped {/auth/github/callback, GET} route
2025-03-04 15:41:13 [STARTER] info: Mapped {/auth/register, POST} route
2025-03-04 15:41:13 [STARTER] info: Mapped {/auth/login, POST} route
2025-03-04 15:41:13 [STARTER] info: Mapped {/auth/logout, POST} route
2025-03-04 15:41:13 [STARTER] info: Mapped {/auth/refresh, POST} route
2025-03-04 15:41:13 [STARTER] info: Mapped {/auth/profile, GET} route
2025-03-04 15:41:13 [STARTER] info: Mapped {/auth/health, GET} route
2025-03-04 15:41:13 [STARTER] info: UsersController {/users}:
2025-03-04 15:41:13 [STARTER] info: Mapped {/users, POST} route
2025-03-04 15:41:13 [STARTER] info: Mapped {/users/:id, GET} route
2025-03-04 15:41:13 [STARTER] info: Mapped {/users, GET} route
2025-03-04 15:41:13 [STARTER] info: Mapped {/users/:id, PATCH} route
2025-03-04 15:41:13 [STARTER] info: Mapped {/users/:id, DELETE} route
2025-03-04 15:41:13 [STARTER] info: BatchController {/batches}:
2025-03-04 15:41:13 [STARTER] info: Mapped {/batches/start/:name, POST} route
2025-03-04 15:41:13 [STARTER] info: Mapped {/batches/stop/:name, POST} route
2025-03-04 15:41:13 [STARTER] info: FileController {/file}:
2025-03-04 15:41:13 [STARTER] info: Mapped {/file/upload, POST} route
2025-03-04 15:41:13 [STARTER] info: Mapped {/file/down-xlsx, GET} route
2025-03-04 15:41:13 [STARTER] info: Nest application successfully started
2025-03-04 15:42:10 [STARTER] info: Starting Nest application...
2025-03-04 15:42:11 [STARTER] info: RedisModule dependencies initialized
2025-03-04 15:42:11 [STARTER] info: RedisCoreModule dependencies initialized
2025-03-04 15:42:11 [STARTER] info: PassportModule dependencies initialized
2025-03-04 15:42:11 [STARTER] info: DatabaseModule dependencies initialized
2025-03-04 15:42:11 [STARTER] info: CommonModule dependencies initialized
2025-03-04 15:42:11 [STARTER] info: LoggerModule dependencies initialized
2025-03-04 15:42:11 [STARTER] info: ConfigHostModule dependencies initialized
2025-03-04 15:42:11 [STARTER] info: EnhancerModule dependencies initialized
2025-03-04 15:42:11 [STARTER] info: DiscoveryModule dependencies initialized
2025-03-04 15:42:11 [STARTER] info: CacheModule dependencies initialized
2025-03-04 15:42:11 [STARTER] info: ConfigModule dependencies initialized
2025-03-04 15:42:11 [STARTER] info: ConfigModule dependencies initialized
2025-03-04 15:42:11 [STARTER] info: ScheduleModule dependencies initialized
2025-03-04 15:42:11 [STARTER] info: FileModule dependencies initialized
2025-03-04 15:42:11 [STARTER] info: BatchModule dependencies initialized
2025-03-04 15:42:11 [STARTER] info: AuthCommonModule dependencies initialized
2025-03-04 15:42:11 [STARTER] info: JwtModule dependencies initialized
2025-03-04 15:42:11 [STARTER] info: JwtModule dependencies initialized
2025-03-04 15:42:11 [STARTER] info: UsersModule dependencies initialized
2025-03-04 15:42:11 [STARTER] info: AuthModule dependencies initialized
2025-03-04 15:42:11 [STARTER] info: AuthController {/auth}:
2025-03-04 15:42:11 [STARTER] info: Mapped {/auth/google, GET} route
2025-03-04 15:42:11 [STARTER] info: Mapped {/auth/github, GET} route
2025-03-04 15:42:11 [STARTER] info: Mapped {/auth/google/callback, GET} route
2025-03-04 15:42:11 [STARTER] info: Mapped {/auth/github/callback, GET} route
2025-03-04 15:42:11 [STARTER] info: Mapped {/auth/register, POST} route
2025-03-04 15:42:11 [STARTER] info: Mapped {/auth/login, POST} route
2025-03-04 15:42:11 [STARTER] info: Mapped {/auth/logout, POST} route
2025-03-04 15:42:11 [STARTER] info: Mapped {/auth/refresh, POST} route
2025-03-04 15:42:11 [STARTER] info: Mapped {/auth/profile, GET} route
2025-03-04 15:42:11 [STARTER] info: Mapped {/auth/health, GET} route
2025-03-04 15:42:11 [STARTER] info: UsersController {/users}:
2025-03-04 15:42:11 [STARTER] info: Mapped {/users, POST} route
2025-03-04 15:42:11 [STARTER] info: Mapped {/users/:id, GET} route
2025-03-04 15:42:11 [STARTER] info: Mapped {/users, GET} route
2025-03-04 15:42:11 [STARTER] info: Mapped {/users/:id, PATCH} route
2025-03-04 15:42:11 [STARTER] info: Mapped {/users/:id, DELETE} route
2025-03-04 15:42:11 [STARTER] info: BatchController {/batches}:
2025-03-04 15:42:11 [STARTER] info: Mapped {/batches/start/:name, POST} route
2025-03-04 15:42:11 [STARTER] info: Mapped {/batches/stop/:name, POST} route
2025-03-04 15:42:11 [STARTER] info: FileController {/file}:
2025-03-04 15:42:11 [STARTER] info: Mapped {/file/upload, POST} route
2025-03-04 15:42:11 [STARTER] info: Mapped {/file/down-xlsx, GET} route
2025-03-04 15:42:11 [STARTER] info: Nest application successfully started
2025-03-04 16:08:12 [STARTER] info: Starting Nest application...
2025-03-04 16:08:12 [STARTER] info: RedisModule dependencies initialized
2025-03-04 16:08:12 [STARTER] info: RedisCoreModule dependencies initialized
2025-03-04 16:08:12 [STARTER] info: PassportModule dependencies initialized
2025-03-04 16:08:12 [STARTER] info: DatabaseModule dependencies initialized
2025-03-04 16:08:12 [STARTER] info: CommonModule dependencies initialized
2025-03-04 16:08:12 [STARTER] info: LoggerModule dependencies initialized
2025-03-04 16:08:12 [STARTER] info: ConfigHostModule dependencies initialized
2025-03-04 16:08:12 [STARTER] info: EnhancerModule dependencies initialized
2025-03-04 16:08:12 [STARTER] info: DiscoveryModule dependencies initialized
2025-03-04 16:08:12 [STARTER] info: CacheModule dependencies initialized
2025-03-04 16:08:12 [STARTER] info: ConfigModule dependencies initialized
2025-03-04 16:08:12 [STARTER] info: ConfigModule dependencies initialized
2025-03-04 16:08:12 [STARTER] info: ScheduleModule dependencies initialized
2025-03-04 16:08:12 [STARTER] info: FileModule dependencies initialized
2025-03-04 16:08:12 [STARTER] info: BatchModule dependencies initialized
2025-03-04 16:08:12 [STARTER] info: AuthCommonModule dependencies initialized
2025-03-04 16:08:12 [STARTER] info: JwtModule dependencies initialized
2025-03-04 16:08:12 [STARTER] info: JwtModule dependencies initialized
2025-03-04 16:08:12 [STARTER] info: UsersModule dependencies initialized
2025-03-04 16:08:12 [STARTER] info: AuthModule dependencies initialized
2025-03-04 16:08:12 [STARTER] info: AuthController {/auth}:
2025-03-04 16:08:12 [STARTER] info: Mapped {/auth/google, GET} route
2025-03-04 16:08:12 [STARTER] info: Mapped {/auth/github, GET} route
2025-03-04 16:08:12 [STARTER] info: Mapped {/auth/google/callback, GET} route
2025-03-04 16:08:12 [STARTER] info: Mapped {/auth/github/callback, GET} route
2025-03-04 16:08:12 [STARTER] info: Mapped {/auth/register, POST} route
2025-03-04 16:08:12 [STARTER] info: Mapped {/auth/login, POST} route
2025-03-04 16:08:12 [STARTER] info: Mapped {/auth/logout, POST} route
2025-03-04 16:08:12 [STARTER] info: Mapped {/auth/refresh, POST} route
2025-03-04 16:08:12 [STARTER] info: Mapped {/auth/profile, GET} route
2025-03-04 16:08:12 [STARTER] info: Mapped {/auth/health, GET} route
2025-03-04 16:08:12 [STARTER] info: UsersController {/users}:
2025-03-04 16:08:12 [STARTER] info: Mapped {/users, POST} route
2025-03-04 16:08:12 [STARTER] info: Mapped {/users/:id, GET} route
2025-03-04 16:08:12 [STARTER] info: Mapped {/users, GET} route
2025-03-04 16:08:12 [STARTER] info: Mapped {/users/:id, PATCH} route
2025-03-04 16:08:12 [STARTER] info: Mapped {/users/:id, DELETE} route
2025-03-04 16:08:12 [STARTER] info: BatchController {/batches}:
2025-03-04 16:08:12 [STARTER] info: Mapped {/batches/start/:name, POST} route
2025-03-04 16:08:12 [STARTER] info: Mapped {/batches/stop/:name, POST} route
2025-03-04 16:08:12 [STARTER] info: FileController {/file}:
2025-03-04 16:08:12 [STARTER] info: Mapped {/file/upload, POST} route
2025-03-04 16:08:12 [STARTER] info: Mapped {/file/down-xlsx, GET} route
2025-03-04 16:08:12 [STARTER] info: Nest application successfully started
2025-03-04 17:09:22 [STARTER] info: Starting Nest application...
2025-03-04 17:09:22 [STARTER] info: RedisModule dependencies initialized
2025-03-04 17:09:22 [STARTER] info: RedisCoreModule dependencies initialized
2025-03-04 17:09:22 [STARTER] info: PassportModule dependencies initialized
2025-03-04 17:09:22 [STARTER] info: DatabaseModule dependencies initialized
2025-03-04 17:09:22 [STARTER] info: CommonModule dependencies initialized
2025-03-04 17:09:22 [STARTER] info: LoggerModule dependencies initialized
2025-03-04 17:09:22 [STARTER] info: ConfigHostModule dependencies initialized
2025-03-04 17:09:22 [STARTER] info: EnhancerModule dependencies initialized
2025-03-04 17:09:22 [STARTER] info: DiscoveryModule dependencies initialized
2025-03-04 17:09:22 [STARTER] info: CacheModule dependencies initialized
2025-03-04 17:09:22 [STARTER] info: ConfigModule dependencies initialized
2025-03-04 17:09:22 [STARTER] info: ConfigModule dependencies initialized
2025-03-04 17:09:22 [STARTER] info: ScheduleModule dependencies initialized
2025-03-04 17:09:22 [STARTER] info: FileModule dependencies initialized
2025-03-04 17:09:22 [STARTER] info: BatchModule dependencies initialized
2025-03-04 17:09:22 [STARTER] info: AuthCommonModule dependencies initialized
2025-03-04 17:09:22 [STARTER] info: JwtModule dependencies initialized
2025-03-04 17:09:22 [STARTER] info: JwtModule dependencies initialized
2025-03-04 17:09:22 [STARTER] info: UsersModule dependencies initialized
2025-03-04 17:09:22 [STARTER] info: AuthModule dependencies initialized
2025-03-04 17:09:22 [STARTER] info: AuthController {/auth}:
2025-03-04 17:09:22 [STARTER] info: Mapped {/auth/google, GET} route
2025-03-04 17:09:22 [STARTER] info: Mapped {/auth/github, GET} route
2025-03-04 17:09:22 [STARTER] info: Mapped {/auth/google/callback, GET} route
2025-03-04 17:09:22 [STARTER] info: Mapped {/auth/github/callback, GET} route
2025-03-04 17:09:22 [STARTER] info: Mapped {/auth/register, POST} route
2025-03-04 17:09:22 [STARTER] info: Mapped {/auth/login, POST} route
2025-03-04 17:09:22 [STARTER] info: Mapped {/auth/logout, POST} route
2025-03-04 17:09:22 [STARTER] info: Mapped {/auth/refresh, POST} route
2025-03-04 17:09:22 [STARTER] info: Mapped {/auth/profile, GET} route
2025-03-04 17:09:22 [STARTER] info: Mapped {/auth/health, GET} route
2025-03-04 17:09:22 [STARTER] info: UsersController {/users}:
2025-03-04 17:09:22 [STARTER] info: Mapped {/users, POST} route
2025-03-04 17:09:22 [STARTER] info: Mapped {/users/:id, GET} route
2025-03-04 17:09:22 [STARTER] info: Mapped {/users, GET} route
2025-03-04 17:09:22 [STARTER] info: Mapped {/users/:id, PATCH} route
2025-03-04 17:09:22 [STARTER] info: Mapped {/users/:id, DELETE} route
2025-03-04 17:09:22 [STARTER] info: BatchController {/batches}:
2025-03-04 17:09:22 [STARTER] info: Mapped {/batches/start/:name, POST} route
2025-03-04 17:09:22 [STARTER] info: Mapped {/batches/stop/:name, POST} route
2025-03-04 17:09:22 [STARTER] info: FileController {/file}:
2025-03-04 17:09:22 [STARTER] info: Mapped {/file/upload, POST} route
2025-03-04 17:09:22 [STARTER] info: Mapped {/file/down-xlsx, GET} route
2025-03-04 17:09:22 [STARTER] info: Nest application successfully started
