2025-02-28 14:00:51 [STARTER] info: Starting Nest application...
2025-02-28 14:00:51 [STARTER] info: DatabaseModule dependencies initialized
2025-02-28 14:00:51 [STARTER] info: CommonModule dependencies initialized
2025-02-28 14:00:51 [STARTER] info: PassportModule dependencies initialized
2025-02-28 14:00:51 [STARTER] info: ConfigHostModule dependencies initialized
2025-02-28 14:00:51 [STARTER] info: EnhancerModule dependencies initialized
2025-02-28 14:00:51 [STARTER] info: ProductsModule dependencies initialized
2025-02-28 14:00:51 [STARTER] info: DiscoveryModule dependencies initialized
2025-02-28 14:00:51 [STARTER] info: CacheModule dependencies initialized
2025-02-28 14:00:51 [STARTER] info: ConfigModule dependencies initialized
2025-02-28 14:00:51 [STARTER] info: ConfigModule dependencies initialized
2025-02-28 14:00:51 [STARTER] info: ConfigModule dependencies initialized
2025-02-28 14:00:51 [STARTER] info: PostsModule dependencies initialized
2025-02-28 14:00:51 [STARTER] info: ScheduleModule dependencies initialized
2025-02-28 14:00:51 [STARTER] info: FileModule dependencies initialized
2025-02-28 14:00:51 [STARTER] info: BatchModule dependencies initialized
2025-02-28 14:00:51 [STARTER] info: AuthCommonModule dependencies initialized
2025-02-28 14:00:51 [STARTER] info: JwtModule dependencies initialized
2025-02-28 14:00:51 [STARTER] info: PortfoliosModule dependencies initialized
2025-02-28 14:00:51 [STARTER] info: ProjectsModule dependencies initialized
2025-02-28 14:00:51 [STARTER] info: ContractsModule dependencies initialized
2025-02-28 14:00:51 [STARTER] info: AppModule dependencies initialized
2025-02-28 14:00:51 [STARTER] info: AppController {/}:
2025-02-28 14:00:51 [STARTER] info: Mapped {/auth/profile, GET} route
2025-02-28 14:00:51 [STARTER] info: Mapped {/auth/manual, GET} route
2025-02-28 14:00:51 [STARTER] info: Mapped {/auth/no, GET} route
2025-02-28 14:00:51 [STARTER] info: BatchController {/batches}:
2025-02-28 14:00:51 [STARTER] info: Mapped {/batches/start/:name, POST} route
2025-02-28 14:00:51 [STARTER] info: Mapped {/batches/stop/:name, POST} route
2025-02-28 14:00:51 [STARTER] info: FileController {/file}:
2025-02-28 14:00:51 [STARTER] info: Mapped {/file/upload, POST} route
2025-02-28 14:00:51 [STARTER] info: Mapped {/file/down-xlsx, GET} route
2025-02-28 14:00:51 [STARTER] info: ProductsController {/products}:
2025-02-28 14:00:51 [STARTER] info: Mapped {/products/:id, GET} route
2025-02-28 14:00:51 [STARTER] info: Mapped {/products, GET} route
2025-02-28 14:00:51 [STARTER] info: Mapped {/products, POST} route
2025-02-28 14:00:51 [STARTER] info: Mapped {/products/:id, PUT} route
2025-02-28 14:00:51 [STARTER] info: Mapped {/products/:id, DELETE} route
2025-02-28 14:00:51 [STARTER] info: PostsController {/posts}:
2025-02-28 14:00:51 [STARTER] info: Mapped {/posts, GET} route
2025-02-28 14:00:51 [STARTER] info: Mapped {/posts, POST} route
2025-02-28 14:00:51 [STARTER] info: PortfoliosController {/portfolios}:
2025-02-28 14:00:51 [STARTER] info: Mapped {/portfolios, POST} route
2025-02-28 14:00:51 [STARTER] info: Mapped {/portfolios, GET} route
2025-02-28 14:00:51 [STARTER] info: Mapped {/portfolios, GET} route
2025-02-28 14:00:51 [STARTER] info: Mapped {/portfolios/:id, GET} route
2025-02-28 14:00:51 [STARTER] info: Mapped {/portfolios/:id, PATCH} route
2025-02-28 14:00:51 [STARTER] info: Mapped {/portfolios/:id, DELETE} route
2025-02-28 14:00:51 [STARTER] info: ProjectsController {/projects}:
2025-02-28 14:00:51 [STARTER] info: Mapped {/projects, POST} route
2025-02-28 14:00:51 [STARTER] info: Mapped {/projects, GET} route
2025-02-28 14:00:51 [STARTER] info: Mapped {/projects/:id, GET} route
2025-02-28 14:00:51 [STARTER] info: Mapped {/projects/:id, PATCH} route
2025-02-28 14:00:51 [STARTER] info: Mapped {/projects/:id/close, PATCH} route
2025-02-28 14:00:51 [STARTER] info: Mapped {/projects/:id, DELETE} route
2025-02-28 14:00:51 [STARTER] info: ContractsController {/contracts}:
2025-02-28 14:00:51 [STARTER] info: Mapped {/contracts, POST} route
2025-02-28 14:00:51 [STARTER] info: Nest application successfully started
2025-02-28 14:01:24 [STARTER] info: Starting Nest application...
2025-02-28 14:01:24 [STARTER] info: DatabaseModule dependencies initialized
2025-02-28 14:01:24 [STARTER] info: CommonModule dependencies initialized
2025-02-28 14:01:24 [STARTER] info: PassportModule dependencies initialized
2025-02-28 14:01:24 [STARTER] info: ConfigHostModule dependencies initialized
2025-02-28 14:01:24 [STARTER] info: EnhancerModule dependencies initialized
2025-02-28 14:01:24 [STARTER] info: ProductsModule dependencies initialized
2025-02-28 14:01:24 [STARTER] info: DiscoveryModule dependencies initialized
2025-02-28 14:01:24 [STARTER] info: CacheModule dependencies initialized
2025-02-28 14:01:24 [STARTER] info: ConfigModule dependencies initialized
2025-02-28 14:01:24 [STARTER] info: ConfigModule dependencies initialized
2025-02-28 14:01:24 [STARTER] info: ConfigModule dependencies initialized
2025-02-28 14:01:24 [STARTER] info: PostsModule dependencies initialized
2025-02-28 14:01:24 [STARTER] info: ScheduleModule dependencies initialized
2025-02-28 14:01:24 [STARTER] info: FileModule dependencies initialized
2025-02-28 14:01:24 [STARTER] info: BatchModule dependencies initialized
2025-02-28 14:01:24 [STARTER] info: AuthCommonModule dependencies initialized
2025-02-28 14:01:24 [STARTER] info: JwtModule dependencies initialized
2025-02-28 14:01:24 [STARTER] info: PortfoliosModule dependencies initialized
2025-02-28 14:01:24 [STARTER] info: ProjectsModule dependencies initialized
2025-02-28 14:01:24 [STARTER] info: ContractsModule dependencies initialized
2025-02-28 14:01:24 [STARTER] info: AppModule dependencies initialized
2025-02-28 14:01:24 [STARTER] info: AppController {/}:
2025-02-28 14:01:24 [STARTER] info: Mapped {/auth/profile, GET} route
2025-02-28 14:01:24 [STARTER] info: Mapped {/auth/manual, GET} route
2025-02-28 14:01:24 [STARTER] info: Mapped {/auth/no, GET} route
2025-02-28 14:01:24 [STARTER] info: BatchController {/batches}:
2025-02-28 14:01:24 [STARTER] info: Mapped {/batches/start/:name, POST} route
2025-02-28 14:01:24 [STARTER] info: Mapped {/batches/stop/:name, POST} route
2025-02-28 14:01:24 [STARTER] info: FileController {/file}:
2025-02-28 14:01:24 [STARTER] info: Mapped {/file/upload, POST} route
2025-02-28 14:01:24 [STARTER] info: Mapped {/file/down-xlsx, GET} route
2025-02-28 14:01:24 [STARTER] info: ProductsController {/products}:
2025-02-28 14:01:24 [STARTER] info: Mapped {/products/:id, GET} route
2025-02-28 14:01:24 [STARTER] info: Mapped {/products, GET} route
2025-02-28 14:01:24 [STARTER] info: Mapped {/products, POST} route
2025-02-28 14:01:24 [STARTER] info: Mapped {/products/:id, PUT} route
2025-02-28 14:01:24 [STARTER] info: Mapped {/products/:id, DELETE} route
2025-02-28 14:01:24 [STARTER] info: PostsController {/posts}:
2025-02-28 14:01:24 [STARTER] info: Mapped {/posts, GET} route
2025-02-28 14:01:24 [STARTER] info: Mapped {/posts, POST} route
2025-02-28 14:01:24 [STARTER] info: PortfoliosController {/portfolios}:
2025-02-28 14:01:24 [STARTER] info: Mapped {/portfolios, POST} route
2025-02-28 14:01:24 [STARTER] info: Mapped {/portfolios, GET} route
2025-02-28 14:01:24 [STARTER] info: Mapped {/portfolios, GET} route
2025-02-28 14:01:24 [STARTER] info: Mapped {/portfolios/:id, GET} route
2025-02-28 14:01:24 [STARTER] info: Mapped {/portfolios/:id, PATCH} route
2025-02-28 14:01:24 [STARTER] info: Mapped {/portfolios/:id, DELETE} route
2025-02-28 14:01:24 [STARTER] info: ProjectsController {/projects}:
2025-02-28 14:01:24 [STARTER] info: Mapped {/projects, POST} route
2025-02-28 14:01:24 [STARTER] info: Mapped {/projects, GET} route
2025-02-28 14:01:24 [STARTER] info: Mapped {/projects/:id, GET} route
2025-02-28 14:01:24 [STARTER] info: Mapped {/projects/:id, PATCH} route
2025-02-28 14:01:24 [STARTER] info: Mapped {/projects/:id/close, PATCH} route
2025-02-28 14:01:24 [STARTER] info: Mapped {/projects/:id, DELETE} route
2025-02-28 14:01:24 [STARTER] info: ContractsController {/contracts}:
2025-02-28 14:01:24 [STARTER] info: Mapped {/contracts, POST} route
2025-02-28 14:01:24 [STARTER] info: Nest application successfully started
2025-02-28 14:03:49 [STARTER] info: Starting Nest application...
2025-02-28 14:03:49 [STARTER] info: DatabaseModule dependencies initialized
2025-02-28 14:03:49 [STARTER] info: CommonModule dependencies initialized
2025-02-28 14:03:49 [STARTER] info: PassportModule dependencies initialized
2025-02-28 14:03:49 [STARTER] info: ConfigHostModule dependencies initialized
2025-02-28 14:03:49 [STARTER] info: EnhancerModule dependencies initialized
2025-02-28 14:03:49 [STARTER] info: ProductsModule dependencies initialized
2025-02-28 14:03:49 [STARTER] info: DiscoveryModule dependencies initialized
2025-02-28 14:03:49 [STARTER] info: CacheModule dependencies initialized
2025-02-28 14:03:49 [STARTER] info: ConfigModule dependencies initialized
2025-02-28 14:03:49 [STARTER] info: ConfigModule dependencies initialized
2025-02-28 14:03:49 [STARTER] info: ConfigModule dependencies initialized
2025-02-28 14:03:49 [STARTER] info: PostsModule dependencies initialized
2025-02-28 14:03:49 [STARTER] info: ScheduleModule dependencies initialized
2025-02-28 14:03:49 [STARTER] info: FileModule dependencies initialized
2025-02-28 14:03:49 [STARTER] info: BatchModule dependencies initialized
2025-02-28 14:03:49 [STARTER] info: AuthCommonModule dependencies initialized
2025-02-28 14:03:49 [STARTER] info: JwtModule dependencies initialized
2025-02-28 14:03:49 [STARTER] info: PortfoliosModule dependencies initialized
2025-02-28 14:03:49 [STARTER] info: ProjectsModule dependencies initialized
2025-02-28 14:03:49 [STARTER] info: ContractsModule dependencies initialized
2025-02-28 14:03:49 [STARTER] info: AppModule dependencies initialized
2025-02-28 14:03:49 [STARTER] info: AppController {/}:
2025-02-28 14:03:49 [STARTER] info: Mapped {/auth/profile, GET} route
2025-02-28 14:03:49 [STARTER] info: Mapped {/auth/manual, GET} route
2025-02-28 14:03:49 [STARTER] info: Mapped {/auth/no, GET} route
2025-02-28 14:03:49 [STARTER] info: BatchController {/batches}:
2025-02-28 14:03:49 [STARTER] info: Mapped {/batches/start/:name, POST} route
2025-02-28 14:03:49 [STARTER] info: Mapped {/batches/stop/:name, POST} route
2025-02-28 14:03:49 [STARTER] info: FileController {/file}:
2025-02-28 14:03:49 [STARTER] info: Mapped {/file/upload, POST} route
2025-02-28 14:03:49 [STARTER] info: Mapped {/file/down-xlsx, GET} route
2025-02-28 14:03:49 [STARTER] info: ProductsController {/products}:
2025-02-28 14:03:49 [STARTER] info: Mapped {/products/:id, GET} route
2025-02-28 14:03:49 [STARTER] info: Mapped {/products, GET} route
2025-02-28 14:03:49 [STARTER] info: Mapped {/products, POST} route
2025-02-28 14:03:49 [STARTER] info: Mapped {/products/:id, PUT} route
2025-02-28 14:03:49 [STARTER] info: Mapped {/products/:id, DELETE} route
2025-02-28 14:03:49 [STARTER] info: PostsController {/posts}:
2025-02-28 14:03:49 [STARTER] info: Mapped {/posts, GET} route
2025-02-28 14:03:49 [STARTER] info: Mapped {/posts, POST} route
2025-02-28 14:03:49 [STARTER] info: PortfoliosController {/portfolios}:
2025-02-28 14:03:49 [STARTER] info: Mapped {/portfolios, POST} route
2025-02-28 14:03:49 [STARTER] info: Mapped {/portfolios, GET} route
2025-02-28 14:03:49 [STARTER] info: Mapped {/portfolios, GET} route
2025-02-28 14:03:49 [STARTER] info: Mapped {/portfolios/:id, GET} route
2025-02-28 14:03:49 [STARTER] info: Mapped {/portfolios/:id, PATCH} route
2025-02-28 14:03:49 [STARTER] info: Mapped {/portfolios/:id, DELETE} route
2025-02-28 14:03:49 [STARTER] info: ProjectsController {/projects}:
2025-02-28 14:03:49 [STARTER] info: Mapped {/projects, POST} route
2025-02-28 14:03:49 [STARTER] info: Mapped {/projects, GET} route
2025-02-28 14:03:49 [STARTER] info: Mapped {/projects/:id, GET} route
2025-02-28 14:03:49 [STARTER] info: Mapped {/projects/:id, PATCH} route
2025-02-28 14:03:49 [STARTER] info: Mapped {/projects/:id/close, PATCH} route
2025-02-28 14:03:49 [STARTER] info: Mapped {/projects/:id, DELETE} route
2025-02-28 14:03:49 [STARTER] info: ContractsController {/contracts}:
2025-02-28 14:03:49 [STARTER] info: Mapped {/contracts, POST} route
2025-02-28 14:03:49 [STARTER] info: Nest application successfully started
2025-02-28 14:14:33 [STARTER] info: Starting Nest application...
2025-02-28 14:14:33 [STARTER] info: RedisModule dependencies initialized
2025-02-28 14:14:33 [STARTER] info: RedisCoreModule dependencies initialized
2025-02-28 14:14:33 [STARTER] info: PassportModule dependencies initialized
2025-02-28 14:14:33 [STARTER] info: DatabaseModule dependencies initialized
2025-02-28 14:14:33 [STARTER] info: CommonModule dependencies initialized
2025-02-28 14:14:33 [STARTER] info: ConfigHostModule dependencies initialized
2025-02-28 14:14:33 [STARTER] info: EnhancerModule dependencies initialized
2025-02-28 14:14:33 [STARTER] info: DiscoveryModule dependencies initialized
2025-02-28 14:14:33 [STARTER] info: CacheModule dependencies initialized
2025-02-28 14:14:33 [STARTER] info: ConfigModule dependencies initialized
2025-02-28 14:14:33 [STARTER] info: ConfigModule dependencies initialized
2025-02-28 14:14:33 [STARTER] info: ScheduleModule dependencies initialized
2025-02-28 14:14:33 [STARTER] info: FileModule dependencies initialized
2025-02-28 14:14:33 [STARTER] info: BatchModule dependencies initialized
2025-02-28 14:14:33 [STARTER] info: AuthCommonModule dependencies initialized
2025-02-28 14:14:33 [STARTER] info: JwtModule dependencies initialized
2025-02-28 14:14:33 [STARTER] info: JwtModule dependencies initialized
2025-02-28 14:14:33 [STARTER] info: UsersModule dependencies initialized
2025-02-28 14:14:33 [STARTER] info: AuthModule dependencies initialized
2025-02-28 14:14:33 [STARTER] info: AuthController {/auth}:
2025-02-28 14:14:33 [STARTER] info: Mapped {/auth/google, GET} route
2025-02-28 14:14:33 [STARTER] info: Mapped {/auth/github, GET} route
2025-02-28 14:14:33 [STARTER] info: Mapped {/auth/google/callback, GET} route
2025-02-28 14:14:33 [STARTER] info: Mapped {/auth/github/callback, GET} route
2025-02-28 14:14:33 [STARTER] info: Mapped {/auth/register, POST} route
2025-02-28 14:14:33 [STARTER] info: Mapped {/auth/login, POST} route
2025-02-28 14:14:33 [STARTER] info: Mapped {/auth/logout, POST} route
2025-02-28 14:14:33 [STARTER] info: Mapped {/auth/refresh, POST} route
2025-02-28 14:14:33 [STARTER] info: Mapped {/auth/profile, GET} route
2025-02-28 14:14:33 [STARTER] info: UsersController {/users}:
2025-02-28 14:14:33 [STARTER] info: Mapped {/users, POST} route
2025-02-28 14:14:33 [STARTER] info: Mapped {/users/:id, GET} route
2025-02-28 14:14:33 [STARTER] info: Mapped {/users, GET} route
2025-02-28 14:14:33 [STARTER] info: Mapped {/users/:id, PATCH} route
2025-02-28 14:14:33 [STARTER] info: Mapped {/users/:id, DELETE} route
2025-02-28 14:14:33 [STARTER] info: BatchController {/batches}:
2025-02-28 14:14:33 [STARTER] info: Mapped {/batches/start/:name, POST} route
2025-02-28 14:14:33 [STARTER] info: Mapped {/batches/stop/:name, POST} route
2025-02-28 14:14:33 [STARTER] info: FileController {/file}:
2025-02-28 14:14:33 [STARTER] info: Mapped {/file/upload, POST} route
2025-02-28 14:14:33 [STARTER] info: Mapped {/file/down-xlsx, GET} route
2025-02-28 14:14:33 [STARTER] info: Nest application successfully started
2025-02-28 14:14:34 [STARTER] info: Starting Nest application...
2025-02-28 14:14:34 [STARTER] info: DatabaseModule dependencies initialized
2025-02-28 14:14:34 [STARTER] info: CommonModule dependencies initialized
2025-02-28 14:14:34 [STARTER] info: PassportModule dependencies initialized
2025-02-28 14:14:34 [STARTER] info: ConfigHostModule dependencies initialized
2025-02-28 14:14:34 [STARTER] info: EnhancerModule dependencies initialized
2025-02-28 14:14:34 [STARTER] info: ProductsModule dependencies initialized
2025-02-28 14:14:34 [STARTER] info: DiscoveryModule dependencies initialized
2025-02-28 14:14:34 [STARTER] info: CacheModule dependencies initialized
2025-02-28 14:14:34 [STARTER] info: ConfigModule dependencies initialized
2025-02-28 14:14:34 [STARTER] info: ConfigModule dependencies initialized
2025-02-28 14:14:34 [STARTER] info: ConfigModule dependencies initialized
2025-02-28 14:14:34 [STARTER] info: PostsModule dependencies initialized
2025-02-28 14:14:34 [STARTER] info: ScheduleModule dependencies initialized
2025-02-28 14:14:34 [STARTER] info: FileModule dependencies initialized
2025-02-28 14:14:34 [STARTER] info: BatchModule dependencies initialized
2025-02-28 14:14:34 [STARTER] info: AuthCommonModule dependencies initialized
2025-02-28 14:14:34 [STARTER] info: JwtModule dependencies initialized
2025-02-28 14:14:34 [STARTER] info: PortfoliosModule dependencies initialized
2025-02-28 14:14:34 [STARTER] info: ProjectsModule dependencies initialized
2025-02-28 14:14:34 [STARTER] info: ContractsModule dependencies initialized
2025-02-28 14:14:34 [STARTER] info: AppModule dependencies initialized
2025-02-28 14:14:34 [STARTER] info: AppController {/}:
2025-02-28 14:14:34 [STARTER] info: Mapped {/auth/profile, GET} route
2025-02-28 14:14:34 [STARTER] info: Mapped {/auth/manual, GET} route
2025-02-28 14:14:34 [STARTER] info: Mapped {/auth/no, GET} route
2025-02-28 14:14:34 [STARTER] info: BatchController {/batches}:
2025-02-28 14:14:34 [STARTER] info: Mapped {/batches/start/:name, POST} route
2025-02-28 14:14:34 [STARTER] info: Mapped {/batches/stop/:name, POST} route
2025-02-28 14:14:34 [STARTER] info: FileController {/file}:
2025-02-28 14:14:34 [STARTER] info: Mapped {/file/upload, POST} route
2025-02-28 14:14:34 [STARTER] info: Mapped {/file/down-xlsx, GET} route
2025-02-28 14:14:34 [STARTER] info: ProductsController {/products}:
2025-02-28 14:14:34 [STARTER] info: Mapped {/products/:id, GET} route
2025-02-28 14:14:34 [STARTER] info: Mapped {/products, GET} route
2025-02-28 14:14:34 [STARTER] info: Mapped {/products, POST} route
2025-02-28 14:14:34 [STARTER] info: Mapped {/products/:id, PUT} route
2025-02-28 14:14:34 [STARTER] info: Mapped {/products/:id, DELETE} route
2025-02-28 14:14:34 [STARTER] info: PostsController {/posts}:
2025-02-28 14:14:34 [STARTER] info: Mapped {/posts, GET} route
2025-02-28 14:14:34 [STARTER] info: Mapped {/posts, POST} route
2025-02-28 14:14:34 [STARTER] info: PortfoliosController {/portfolios}:
2025-02-28 14:14:34 [STARTER] info: Mapped {/portfolios, POST} route
2025-02-28 14:14:34 [STARTER] info: Mapped {/portfolios, GET} route
2025-02-28 14:14:34 [STARTER] info: Mapped {/portfolios, GET} route
2025-02-28 14:14:34 [STARTER] info: Mapped {/portfolios/:id, GET} route
2025-02-28 14:14:34 [STARTER] info: Mapped {/portfolios/:id, PATCH} route
2025-02-28 14:14:34 [STARTER] info: Mapped {/portfolios/:id, DELETE} route
2025-02-28 14:14:34 [STARTER] info: ProjectsController {/projects}:
2025-02-28 14:14:34 [STARTER] info: Mapped {/projects, POST} route
2025-02-28 14:14:34 [STARTER] info: Mapped {/projects, GET} route
2025-02-28 14:14:34 [STARTER] info: Mapped {/projects/:id, GET} route
2025-02-28 14:14:34 [STARTER] info: Mapped {/projects/:id, PATCH} route
2025-02-28 14:14:34 [STARTER] info: Mapped {/projects/:id/close, PATCH} route
2025-02-28 14:14:34 [STARTER] info: Mapped {/projects/:id, DELETE} route
2025-02-28 14:14:34 [STARTER] info: ContractsController {/contracts}:
2025-02-28 14:14:34 [STARTER] info: Mapped {/contracts, POST} route
2025-02-28 14:14:34 [STARTER] info: Nest application successfully started
2025-02-28 14:20:18 [STARTER] info: Starting Nest application...
2025-02-28 14:20:18 [STARTER] info: DatabaseModule dependencies initialized
2025-02-28 14:20:18 [STARTER] info: CommonModule dependencies initialized
2025-02-28 14:20:18 [STARTER] info: PassportModule dependencies initialized
2025-02-28 14:20:18 [STARTER] info: ConfigHostModule dependencies initialized
2025-02-28 14:20:18 [STARTER] info: EnhancerModule dependencies initialized
2025-02-28 14:20:18 [STARTER] info: ProductsModule dependencies initialized
2025-02-28 14:20:18 [STARTER] info: DiscoveryModule dependencies initialized
2025-02-28 14:20:18 [STARTER] info: CacheModule dependencies initialized
2025-02-28 14:20:18 [STARTER] info: ConfigModule dependencies initialized
2025-02-28 14:20:18 [STARTER] info: ConfigModule dependencies initialized
2025-02-28 14:20:18 [STARTER] info: ConfigModule dependencies initialized
2025-02-28 14:20:18 [STARTER] info: PostsModule dependencies initialized
2025-02-28 14:20:18 [STARTER] info: ScheduleModule dependencies initialized
2025-02-28 14:20:18 [STARTER] info: FileModule dependencies initialized
2025-02-28 14:20:18 [STARTER] info: BatchModule dependencies initialized
2025-02-28 14:20:18 [STARTER] info: AuthCommonModule dependencies initialized
2025-02-28 14:20:18 [STARTER] info: JwtModule dependencies initialized
2025-02-28 14:20:18 [STARTER] info: PortfoliosModule dependencies initialized
2025-02-28 14:20:18 [STARTER] info: ProjectsModule dependencies initialized
2025-02-28 14:20:18 [STARTER] info: ContractsModule dependencies initialized
2025-02-28 14:20:18 [STARTER] info: AppModule dependencies initialized
2025-02-28 14:20:18 [STARTER] info: AppController {/}:
2025-02-28 14:20:18 [STARTER] info: Mapped {/auth/profile, GET} route
2025-02-28 14:20:18 [STARTER] info: Mapped {/auth/manual, GET} route
2025-02-28 14:20:18 [STARTER] info: Mapped {/auth/no, GET} route
2025-02-28 14:20:18 [STARTER] info: BatchController {/batches}:
2025-02-28 14:20:18 [STARTER] info: Mapped {/batches/start/:name, POST} route
2025-02-28 14:20:18 [STARTER] info: Mapped {/batches/stop/:name, POST} route
2025-02-28 14:20:18 [STARTER] info: FileController {/file}:
2025-02-28 14:20:18 [STARTER] info: Mapped {/file/upload, POST} route
2025-02-28 14:20:18 [STARTER] info: Mapped {/file/down-xlsx, GET} route
2025-02-28 14:20:18 [STARTER] info: ProductsController {/products}:
2025-02-28 14:20:18 [STARTER] info: Mapped {/products/:id, GET} route
2025-02-28 14:20:18 [STARTER] info: Mapped {/products, GET} route
2025-02-28 14:20:18 [STARTER] info: Mapped {/products, POST} route
2025-02-28 14:20:18 [STARTER] info: Mapped {/products/:id, PUT} route
2025-02-28 14:20:18 [STARTER] info: Mapped {/products/:id, DELETE} route
2025-02-28 14:20:18 [STARTER] info: PostsController {/posts}:
2025-02-28 14:20:18 [STARTER] info: Mapped {/posts, GET} route
2025-02-28 14:20:18 [STARTER] info: Mapped {/posts, POST} route
2025-02-28 14:20:18 [STARTER] info: PortfoliosController {/portfolios}:
2025-02-28 14:20:18 [STARTER] info: Mapped {/portfolios, POST} route
2025-02-28 14:20:18 [STARTER] info: Mapped {/portfolios, GET} route
2025-02-28 14:20:18 [STARTER] info: Mapped {/portfolios, GET} route
2025-02-28 14:20:18 [STARTER] info: Mapped {/portfolios/:id, GET} route
2025-02-28 14:20:18 [STARTER] info: Mapped {/portfolios/:id, PATCH} route
2025-02-28 14:20:18 [STARTER] info: Mapped {/portfolios/:id, DELETE} route
2025-02-28 14:20:18 [STARTER] info: ProjectsController {/projects}:
2025-02-28 14:20:18 [STARTER] info: Mapped {/projects, POST} route
2025-02-28 14:20:18 [STARTER] info: Mapped {/projects, GET} route
2025-02-28 14:20:18 [STARTER] info: Mapped {/projects/:id, GET} route
2025-02-28 14:20:18 [STARTER] info: Mapped {/projects/:id, PATCH} route
2025-02-28 14:20:18 [STARTER] info: Mapped {/projects/:id/close, PATCH} route
2025-02-28 14:20:18 [STARTER] info: Mapped {/projects/:id, DELETE} route
2025-02-28 14:20:18 [STARTER] info: ContractsController {/contracts}:
2025-02-28 14:20:18 [STARTER] info: Mapped {/contracts, POST} route
2025-02-28 14:20:18 [STARTER] info: Nest application successfully started
2025-02-28 14:20:18 [STARTER] info: Starting Nest application...
2025-02-28 14:20:18 [STARTER] info: RedisModule dependencies initialized
2025-02-28 14:20:18 [STARTER] info: RedisCoreModule dependencies initialized
2025-02-28 14:20:18 [STARTER] info: PassportModule dependencies initialized
2025-02-28 14:20:18 [STARTER] info: DatabaseModule dependencies initialized
2025-02-28 14:20:18 [STARTER] info: CommonModule dependencies initialized
2025-02-28 14:20:18 [STARTER] info: ConfigHostModule dependencies initialized
2025-02-28 14:20:18 [STARTER] info: EnhancerModule dependencies initialized
2025-02-28 14:20:18 [STARTER] info: DiscoveryModule dependencies initialized
2025-02-28 14:20:18 [STARTER] info: CacheModule dependencies initialized
2025-02-28 14:20:18 [STARTER] info: ConfigModule dependencies initialized
2025-02-28 14:20:18 [STARTER] info: ConfigModule dependencies initialized
2025-02-28 14:20:18 [STARTER] info: ScheduleModule dependencies initialized
2025-02-28 14:20:18 [STARTER] info: FileModule dependencies initialized
2025-02-28 14:20:18 [STARTER] info: BatchModule dependencies initialized
2025-02-28 14:20:18 [STARTER] info: AuthCommonModule dependencies initialized
2025-02-28 14:20:18 [STARTER] info: JwtModule dependencies initialized
2025-02-28 14:20:18 [STARTER] info: JwtModule dependencies initialized
2025-02-28 14:20:18 [STARTER] info: UsersModule dependencies initialized
2025-02-28 14:20:18 [STARTER] info: AuthModule dependencies initialized
2025-02-28 14:20:18 [STARTER] info: AuthController {/auth}:
2025-02-28 14:20:18 [STARTER] info: Mapped {/auth/google, GET} route
2025-02-28 14:20:18 [STARTER] info: Mapped {/auth/github, GET} route
2025-02-28 14:20:18 [STARTER] info: Mapped {/auth/google/callback, GET} route
2025-02-28 14:20:18 [STARTER] info: Mapped {/auth/github/callback, GET} route
2025-02-28 14:20:18 [STARTER] info: Mapped {/auth/register, POST} route
2025-02-28 14:20:18 [STARTER] info: Mapped {/auth/login, POST} route
2025-02-28 14:20:18 [STARTER] info: Mapped {/auth/logout, POST} route
2025-02-28 14:20:18 [STARTER] info: Mapped {/auth/refresh, POST} route
2025-02-28 14:20:18 [STARTER] info: Mapped {/auth/profile, GET} route
2025-02-28 14:20:18 [STARTER] info: UsersController {/users}:
2025-02-28 14:20:18 [STARTER] info: Mapped {/users, POST} route
2025-02-28 14:20:18 [STARTER] info: Mapped {/users/:id, GET} route
2025-02-28 14:20:18 [STARTER] info: Mapped {/users, GET} route
2025-02-28 14:20:18 [STARTER] info: Mapped {/users/:id, PATCH} route
2025-02-28 14:20:18 [STARTER] info: Mapped {/users/:id, DELETE} route
2025-02-28 14:20:18 [STARTER] info: BatchController {/batches}:
2025-02-28 14:20:18 [STARTER] info: Mapped {/batches/start/:name, POST} route
2025-02-28 14:20:18 [STARTER] info: Mapped {/batches/stop/:name, POST} route
2025-02-28 14:20:18 [STARTER] info: FileController {/file}:
2025-02-28 14:20:18 [STARTER] info: Mapped {/file/upload, POST} route
2025-02-28 14:20:18 [STARTER] info: Mapped {/file/down-xlsx, GET} route
2025-02-28 14:20:18 [STARTER] info: Nest application successfully started
2025-02-28 14:23:41 [STARTER] error: HTTP 404 Error: {"message":"Cannot GET /users/course-progress/1/enrolled-courses","error":"Not Found","statusCode":404}
2025-02-28 14:26:47 [STARTER] info: Starting Nest application...
2025-02-28 14:26:47 [STARTER] info: DatabaseModule dependencies initialized
2025-02-28 14:26:47 [STARTER] info: CommonModule dependencies initialized
2025-02-28 14:26:47 [STARTER] info: PassportModule dependencies initialized
2025-02-28 14:26:47 [STARTER] info: ConfigHostModule dependencies initialized
2025-02-28 14:26:47 [STARTER] info: EnhancerModule dependencies initialized
2025-02-28 14:26:47 [STARTER] info: ProductsModule dependencies initialized
2025-02-28 14:26:47 [STARTER] info: DiscoveryModule dependencies initialized
2025-02-28 14:26:47 [STARTER] info: CacheModule dependencies initialized
2025-02-28 14:26:47 [STARTER] info: ConfigModule dependencies initialized
2025-02-28 14:26:47 [STARTER] info: ConfigModule dependencies initialized
2025-02-28 14:26:47 [STARTER] info: ConfigModule dependencies initialized
2025-02-28 14:26:47 [STARTER] info: PostsModule dependencies initialized
2025-02-28 14:26:47 [STARTER] info: ScheduleModule dependencies initialized
2025-02-28 14:26:47 [STARTER] info: FileModule dependencies initialized
2025-02-28 14:26:47 [STARTER] info: BatchModule dependencies initialized
2025-02-28 14:26:47 [STARTER] info: AuthCommonModule dependencies initialized
2025-02-28 14:26:47 [STARTER] info: JwtModule dependencies initialized
2025-02-28 14:26:47 [STARTER] info: PortfoliosModule dependencies initialized
2025-02-28 14:26:47 [STARTER] info: ProjectsModule dependencies initialized
2025-02-28 14:26:47 [STARTER] info: ContractsModule dependencies initialized
2025-02-28 14:26:47 [STARTER] info: AppModule dependencies initialized
2025-02-28 14:26:47 [STARTER] info: AppController {/}:
2025-02-28 14:26:47 [STARTER] info: Mapped {/auth/profile, GET} route
2025-02-28 14:26:47 [STARTER] info: Mapped {/auth/manual, GET} route
2025-02-28 14:26:47 [STARTER] info: Mapped {/auth/no, GET} route
2025-02-28 14:26:47 [STARTER] info: BatchController {/batches}:
2025-02-28 14:26:47 [STARTER] info: Mapped {/batches/start/:name, POST} route
2025-02-28 14:26:47 [STARTER] info: Mapped {/batches/stop/:name, POST} route
2025-02-28 14:26:47 [STARTER] info: FileController {/file}:
2025-02-28 14:26:47 [STARTER] info: Mapped {/file/upload, POST} route
2025-02-28 14:26:47 [STARTER] info: Mapped {/file/down-xlsx, GET} route
2025-02-28 14:26:47 [STARTER] info: ProductsController {/products}:
2025-02-28 14:26:47 [STARTER] info: Mapped {/products/:id, GET} route
2025-02-28 14:26:47 [STARTER] info: Mapped {/products, GET} route
2025-02-28 14:26:47 [STARTER] info: Mapped {/products, POST} route
2025-02-28 14:26:47 [STARTER] info: Mapped {/products/:id, PUT} route
2025-02-28 14:26:47 [STARTER] info: Mapped {/products/:id, DELETE} route
2025-02-28 14:26:47 [STARTER] info: PostsController {/posts}:
2025-02-28 14:26:47 [STARTER] info: Mapped {/posts, GET} route
2025-02-28 14:26:47 [STARTER] info: Mapped {/posts, POST} route
2025-02-28 14:26:47 [STARTER] info: PortfoliosController {/portfolios}:
2025-02-28 14:26:47 [STARTER] info: Mapped {/portfolios, POST} route
2025-02-28 14:26:47 [STARTER] info: Mapped {/portfolios, GET} route
2025-02-28 14:26:47 [STARTER] info: Mapped {/portfolios, GET} route
2025-02-28 14:26:47 [STARTER] info: Mapped {/portfolios/:id, GET} route
2025-02-28 14:26:47 [STARTER] info: Mapped {/portfolios/:id, PATCH} route
2025-02-28 14:26:47 [STARTER] info: Mapped {/portfolios/:id, DELETE} route
2025-02-28 14:26:47 [STARTER] info: ProjectsController {/projects}:
2025-02-28 14:26:47 [STARTER] info: Mapped {/projects, POST} route
2025-02-28 14:26:47 [STARTER] info: Mapped {/projects, GET} route
2025-02-28 14:26:47 [STARTER] info: Mapped {/projects/:id, GET} route
2025-02-28 14:26:47 [STARTER] info: Mapped {/projects/:id, PATCH} route
2025-02-28 14:26:47 [STARTER] info: Mapped {/projects/:id/close, PATCH} route
2025-02-28 14:26:47 [STARTER] info: Mapped {/projects/:id, DELETE} route
2025-02-28 14:26:47 [STARTER] info: ContractsController {/contracts}:
2025-02-28 14:26:47 [STARTER] info: Mapped {/contracts, POST} route
2025-02-28 14:26:47 [STARTER] info: Nest application successfully started
2025-02-28 14:26:47 [STARTER] info: Starting Nest application...
2025-02-28 14:26:47 [STARTER] info: RedisModule dependencies initialized
2025-02-28 14:26:47 [STARTER] info: RedisCoreModule dependencies initialized
2025-02-28 14:26:47 [STARTER] info: PassportModule dependencies initialized
2025-02-28 14:26:47 [STARTER] info: DatabaseModule dependencies initialized
2025-02-28 14:26:47 [STARTER] info: CommonModule dependencies initialized
2025-02-28 14:26:47 [STARTER] info: ConfigHostModule dependencies initialized
2025-02-28 14:26:47 [STARTER] info: EnhancerModule dependencies initialized
2025-02-28 14:26:47 [STARTER] info: DiscoveryModule dependencies initialized
2025-02-28 14:26:47 [STARTER] info: CacheModule dependencies initialized
2025-02-28 14:26:47 [STARTER] info: ConfigModule dependencies initialized
2025-02-28 14:26:47 [STARTER] info: ConfigModule dependencies initialized
2025-02-28 14:26:47 [STARTER] info: ScheduleModule dependencies initialized
2025-02-28 14:26:47 [STARTER] info: FileModule dependencies initialized
2025-02-28 14:26:47 [STARTER] info: BatchModule dependencies initialized
2025-02-28 14:26:47 [STARTER] info: AuthCommonModule dependencies initialized
2025-02-28 14:26:47 [STARTER] info: JwtModule dependencies initialized
2025-02-28 14:26:47 [STARTER] info: JwtModule dependencies initialized
2025-02-28 14:26:47 [STARTER] info: UsersModule dependencies initialized
2025-02-28 14:26:47 [STARTER] info: AuthModule dependencies initialized
2025-02-28 14:26:47 [STARTER] info: AuthController {/auth}:
2025-02-28 14:26:47 [STARTER] info: Mapped {/auth/google, GET} route
2025-02-28 14:26:47 [STARTER] info: Mapped {/auth/github, GET} route
2025-02-28 14:26:47 [STARTER] info: Mapped {/auth/google/callback, GET} route
2025-02-28 14:26:47 [STARTER] info: Mapped {/auth/github/callback, GET} route
2025-02-28 14:26:47 [STARTER] info: Mapped {/auth/register, POST} route
2025-02-28 14:26:47 [STARTER] info: Mapped {/auth/login, POST} route
2025-02-28 14:26:47 [STARTER] info: Mapped {/auth/logout, POST} route
2025-02-28 14:26:47 [STARTER] info: Mapped {/auth/refresh, POST} route
2025-02-28 14:26:47 [STARTER] info: Mapped {/auth/profile, GET} route
2025-02-28 14:26:47 [STARTER] info: UsersController {/users}:
2025-02-28 14:26:47 [STARTER] info: Mapped {/users, POST} route
2025-02-28 14:26:47 [STARTER] info: Mapped {/users/:id, GET} route
2025-02-28 14:26:47 [STARTER] info: Mapped {/users, GET} route
2025-02-28 14:26:47 [STARTER] info: Mapped {/users/:id, PATCH} route
2025-02-28 14:26:47 [STARTER] info: Mapped {/users/:id, DELETE} route
2025-02-28 14:26:47 [STARTER] info: BatchController {/batches}:
2025-02-28 14:26:47 [STARTER] info: Mapped {/batches/start/:name, POST} route
2025-02-28 14:26:47 [STARTER] info: Mapped {/batches/stop/:name, POST} route
2025-02-28 14:26:47 [STARTER] info: FileController {/file}:
2025-02-28 14:26:47 [STARTER] info: Mapped {/file/upload, POST} route
2025-02-28 14:26:47 [STARTER] info: Mapped {/file/down-xlsx, GET} route
2025-02-28 14:26:47 [STARTER] info: Nest application successfully started
2025-02-28 14:57:04 [STARTER] info: Starting Nest application...
2025-02-28 14:57:04 [STARTER] info: DatabaseModule dependencies initialized
2025-02-28 14:57:04 [STARTER] info: CommonModule dependencies initialized
2025-02-28 14:57:04 [STARTER] info: PassportModule dependencies initialized
2025-02-28 14:57:04 [STARTER] info: ConfigHostModule dependencies initialized
2025-02-28 14:57:04 [STARTER] info: EnhancerModule dependencies initialized
2025-02-28 14:57:04 [STARTER] info: ProductsModule dependencies initialized
2025-02-28 14:57:04 [STARTER] info: DiscoveryModule dependencies initialized
2025-02-28 14:57:04 [STARTER] info: CacheModule dependencies initialized
2025-02-28 14:57:04 [STARTER] info: ConfigModule dependencies initialized
2025-02-28 14:57:04 [STARTER] info: ConfigModule dependencies initialized
2025-02-28 14:57:04 [STARTER] info: ConfigModule dependencies initialized
2025-02-28 14:57:04 [STARTER] info: PostsModule dependencies initialized
2025-02-28 14:57:04 [STARTER] info: ScheduleModule dependencies initialized
2025-02-28 14:57:04 [STARTER] info: FileModule dependencies initialized
2025-02-28 14:57:04 [STARTER] info: BatchModule dependencies initialized
2025-02-28 14:57:04 [STARTER] info: AuthCommonModule dependencies initialized
2025-02-28 14:57:04 [STARTER] info: JwtModule dependencies initialized
2025-02-28 14:57:04 [STARTER] info: PortfoliosModule dependencies initialized
2025-02-28 14:57:04 [STARTER] info: ProjectsModule dependencies initialized
2025-02-28 14:57:04 [STARTER] info: ContractsModule dependencies initialized
2025-02-28 14:57:04 [STARTER] info: AppModule dependencies initialized
2025-02-28 14:57:04 [STARTER] info: AppController {/}:
2025-02-28 14:57:04 [STARTER] info: Mapped {/auth/profile, GET} route
2025-02-28 14:57:04 [STARTER] info: Mapped {/auth/manual, GET} route
2025-02-28 14:57:04 [STARTER] info: Mapped {/auth/no, GET} route
2025-02-28 14:57:04 [STARTER] info: BatchController {/batches}:
2025-02-28 14:57:04 [STARTER] info: Mapped {/batches/start/:name, POST} route
2025-02-28 14:57:04 [STARTER] info: Mapped {/batches/stop/:name, POST} route
2025-02-28 14:57:04 [STARTER] info: FileController {/file}:
2025-02-28 14:57:04 [STARTER] info: Mapped {/file/upload, POST} route
2025-02-28 14:57:04 [STARTER] info: Mapped {/file/down-xlsx, GET} route
2025-02-28 14:57:04 [STARTER] info: ProductsController {/products}:
2025-02-28 14:57:04 [STARTER] info: Mapped {/products/:id, GET} route
2025-02-28 14:57:04 [STARTER] info: Mapped {/products, GET} route
2025-02-28 14:57:04 [STARTER] info: Mapped {/products, POST} route
2025-02-28 14:57:04 [STARTER] info: Mapped {/products/:id, PUT} route
2025-02-28 14:57:04 [STARTER] info: Mapped {/products/:id, DELETE} route
2025-02-28 14:57:04 [STARTER] info: PostsController {/posts}:
2025-02-28 14:57:04 [STARTER] info: Mapped {/posts, GET} route
2025-02-28 14:57:04 [STARTER] info: Mapped {/posts, POST} route
2025-02-28 14:57:04 [STARTER] info: PortfoliosController {/portfolios}:
2025-02-28 14:57:04 [STARTER] info: Mapped {/portfolios, POST} route
2025-02-28 14:57:04 [STARTER] info: Mapped {/portfolios, GET} route
2025-02-28 14:57:04 [STARTER] info: Mapped {/portfolios, GET} route
2025-02-28 14:57:04 [STARTER] info: Mapped {/portfolios/:id, GET} route
2025-02-28 14:57:04 [STARTER] info: Mapped {/portfolios/:id, PATCH} route
2025-02-28 14:57:04 [STARTER] info: Mapped {/portfolios/:id, DELETE} route
2025-02-28 14:57:04 [STARTER] info: ProjectsController {/projects}:
2025-02-28 14:57:04 [STARTER] info: Mapped {/projects, POST} route
2025-02-28 14:57:04 [STARTER] info: Mapped {/projects, GET} route
2025-02-28 14:57:04 [STARTER] info: Mapped {/projects/:id, GET} route
2025-02-28 14:57:04 [STARTER] info: Mapped {/projects/:id, PATCH} route
2025-02-28 14:57:04 [STARTER] info: Mapped {/projects/:id/close, PATCH} route
2025-02-28 14:57:04 [STARTER] info: Mapped {/projects/:id, DELETE} route
2025-02-28 14:57:04 [STARTER] info: ContractsController {/contracts}:
2025-02-28 14:57:04 [STARTER] info: Mapped {/contracts, POST} route
2025-02-28 14:57:04 [STARTER] info: Nest application successfully started
2025-02-28 14:57:04 [STARTER] info: Starting Nest application...
2025-02-28 14:57:04 [STARTER] info: RedisModule dependencies initialized
2025-02-28 14:57:04 [STARTER] info: RedisCoreModule dependencies initialized
2025-02-28 14:57:04 [STARTER] info: PassportModule dependencies initialized
2025-02-28 14:57:04 [STARTER] info: DatabaseModule dependencies initialized
2025-02-28 14:57:04 [STARTER] info: CommonModule dependencies initialized
2025-02-28 14:57:04 [STARTER] info: ConfigHostModule dependencies initialized
2025-02-28 14:57:04 [STARTER] info: EnhancerModule dependencies initialized
2025-02-28 14:57:04 [STARTER] info: DiscoveryModule dependencies initialized
2025-02-28 14:57:04 [STARTER] info: CacheModule dependencies initialized
2025-02-28 14:57:04 [STARTER] info: ConfigModule dependencies initialized
2025-02-28 14:57:04 [STARTER] info: ConfigModule dependencies initialized
2025-02-28 14:57:04 [STARTER] info: ScheduleModule dependencies initialized
2025-02-28 14:57:04 [STARTER] info: FileModule dependencies initialized
2025-02-28 14:57:04 [STARTER] info: BatchModule dependencies initialized
2025-02-28 14:57:04 [STARTER] info: AuthCommonModule dependencies initialized
2025-02-28 14:57:04 [STARTER] info: JwtModule dependencies initialized
2025-02-28 14:57:04 [STARTER] info: JwtModule dependencies initialized
2025-02-28 14:57:04 [STARTER] info: UsersModule dependencies initialized
2025-02-28 14:57:04 [STARTER] info: AuthModule dependencies initialized
2025-02-28 14:57:04 [STARTER] info: AuthController {/auth}:
2025-02-28 14:57:04 [STARTER] info: Mapped {/auth/google, GET} route
2025-02-28 14:57:04 [STARTER] info: Mapped {/auth/github, GET} route
2025-02-28 14:57:04 [STARTER] info: Mapped {/auth/google/callback, GET} route
2025-02-28 14:57:04 [STARTER] info: Mapped {/auth/github/callback, GET} route
2025-02-28 14:57:04 [STARTER] info: Mapped {/auth/register, POST} route
2025-02-28 14:57:04 [STARTER] info: Mapped {/auth/login, POST} route
2025-02-28 14:57:04 [STARTER] info: Mapped {/auth/logout, POST} route
2025-02-28 14:57:04 [STARTER] info: Mapped {/auth/refresh, POST} route
2025-02-28 14:57:04 [STARTER] info: Mapped {/auth/profile, GET} route
2025-02-28 14:57:04 [STARTER] info: UsersController {/users}:
2025-02-28 14:57:04 [STARTER] info: Mapped {/users, POST} route
2025-02-28 14:57:04 [STARTER] info: Mapped {/users/:id, GET} route
2025-02-28 14:57:04 [STARTER] info: Mapped {/users, GET} route
2025-02-28 14:57:04 [STARTER] info: Mapped {/users/:id, PATCH} route
2025-02-28 14:57:04 [STARTER] info: Mapped {/users/:id, DELETE} route
2025-02-28 14:57:04 [STARTER] info: BatchController {/batches}:
2025-02-28 14:57:04 [STARTER] info: Mapped {/batches/start/:name, POST} route
2025-02-28 14:57:04 [STARTER] info: Mapped {/batches/stop/:name, POST} route
2025-02-28 14:57:04 [STARTER] info: FileController {/file}:
2025-02-28 14:57:04 [STARTER] info: Mapped {/file/upload, POST} route
2025-02-28 14:57:04 [STARTER] info: Mapped {/file/down-xlsx, GET} route
2025-02-28 14:57:04 [STARTER] info: Nest application successfully started
2025-02-28 15:53:10 [STARTER] info: Starting Nest application...
2025-02-28 15:53:10 [STARTER] info: DatabaseModule dependencies initialized
2025-02-28 15:53:10 [STARTER] info: CommonModule dependencies initialized
2025-02-28 15:53:10 [STARTER] info: PassportModule dependencies initialized
2025-02-28 15:53:10 [STARTER] info: ConfigHostModule dependencies initialized
2025-02-28 15:53:10 [STARTER] info: EnhancerModule dependencies initialized
2025-02-28 15:53:10 [STARTER] info: ProductsModule dependencies initialized
2025-02-28 15:53:10 [STARTER] info: DiscoveryModule dependencies initialized
2025-02-28 15:53:10 [STARTER] info: CacheModule dependencies initialized
2025-02-28 15:53:10 [STARTER] info: ConfigModule dependencies initialized
2025-02-28 15:53:10 [STARTER] info: ConfigModule dependencies initialized
2025-02-28 15:53:10 [STARTER] info: ConfigModule dependencies initialized
2025-02-28 15:53:10 [STARTER] info: PostsModule dependencies initialized
2025-02-28 15:53:10 [STARTER] info: ScheduleModule dependencies initialized
2025-02-28 15:53:10 [STARTER] info: FileModule dependencies initialized
2025-02-28 15:53:10 [STARTER] info: BatchModule dependencies initialized
2025-02-28 15:53:10 [STARTER] info: AuthCommonModule dependencies initialized
2025-02-28 15:53:10 [STARTER] info: JwtModule dependencies initialized
2025-02-28 15:53:10 [STARTER] info: PortfoliosModule dependencies initialized
2025-02-28 15:53:10 [STARTER] info: ProjectsModule dependencies initialized
2025-02-28 15:53:10 [STARTER] info: ContractsModule dependencies initialized
2025-02-28 15:53:10 [STARTER] info: AppModule dependencies initialized
2025-02-28 15:53:10 [STARTER] info: AppController {/}:
2025-02-28 15:53:10 [STARTER] info: Mapped {/auth/profile, GET} route
2025-02-28 15:53:10 [STARTER] info: Mapped {/auth/manual, GET} route
2025-02-28 15:53:10 [STARTER] info: Mapped {/auth/no, GET} route
2025-02-28 15:53:10 [STARTER] info: BatchController {/batches}:
2025-02-28 15:53:10 [STARTER] info: Mapped {/batches/start/:name, POST} route
2025-02-28 15:53:10 [STARTER] info: Mapped {/batches/stop/:name, POST} route
2025-02-28 15:53:10 [STARTER] info: FileController {/file}:
2025-02-28 15:53:10 [STARTER] info: Mapped {/file/upload, POST} route
2025-02-28 15:53:10 [STARTER] info: Mapped {/file/down-xlsx, GET} route
2025-02-28 15:53:10 [STARTER] info: ProductsController {/products}:
2025-02-28 15:53:10 [STARTER] info: Mapped {/products/:id, GET} route
2025-02-28 15:53:10 [STARTER] info: Mapped {/products, GET} route
2025-02-28 15:53:10 [STARTER] info: Mapped {/products, POST} route
2025-02-28 15:53:10 [STARTER] info: Mapped {/products/:id, PUT} route
2025-02-28 15:53:10 [STARTER] info: Mapped {/products/:id, DELETE} route
2025-02-28 15:53:10 [STARTER] info: PostsController {/posts}:
2025-02-28 15:53:10 [STARTER] info: Mapped {/posts, GET} route
2025-02-28 15:53:10 [STARTER] info: Mapped {/posts, POST} route
2025-02-28 15:53:10 [STARTER] info: PortfoliosController {/portfolios}:
2025-02-28 15:53:10 [STARTER] info: Mapped {/portfolios, POST} route
2025-02-28 15:53:10 [STARTER] info: Mapped {/portfolios, GET} route
2025-02-28 15:53:10 [STARTER] info: Mapped {/portfolios, GET} route
2025-02-28 15:53:10 [STARTER] info: Mapped {/portfolios/:id, GET} route
2025-02-28 15:53:10 [STARTER] info: Mapped {/portfolios/:id, PATCH} route
2025-02-28 15:53:10 [STARTER] info: Mapped {/portfolios/:id, DELETE} route
2025-02-28 15:53:10 [STARTER] info: ProjectsController {/projects}:
2025-02-28 15:53:10 [STARTER] info: Mapped {/projects, POST} route
2025-02-28 15:53:10 [STARTER] info: Mapped {/projects, GET} route
2025-02-28 15:53:10 [STARTER] info: Mapped {/projects/:id, GET} route
2025-02-28 15:53:10 [STARTER] info: Mapped {/projects/:id, PATCH} route
2025-02-28 15:53:10 [STARTER] info: Mapped {/projects/:id/close, PATCH} route
2025-02-28 15:53:10 [STARTER] info: Mapped {/projects/:id, DELETE} route
2025-02-28 15:53:10 [STARTER] info: ContractsController {/contracts}:
2025-02-28 15:53:10 [STARTER] info: Mapped {/contracts, POST} route
2025-02-28 15:53:10 [STARTER] info: Nest application successfully started
2025-02-28 15:53:10 [STARTER] info: Starting Nest application...
2025-02-28 15:53:10 [STARTER] info: RedisModule dependencies initialized
2025-02-28 15:53:10 [STARTER] info: RedisCoreModule dependencies initialized
2025-02-28 15:53:10 [STARTER] info: PassportModule dependencies initialized
2025-02-28 15:53:10 [STARTER] info: DatabaseModule dependencies initialized
2025-02-28 15:53:10 [STARTER] info: CommonModule dependencies initialized
2025-02-28 15:53:10 [STARTER] info: ConfigHostModule dependencies initialized
2025-02-28 15:53:10 [STARTER] info: EnhancerModule dependencies initialized
2025-02-28 15:53:10 [STARTER] info: DiscoveryModule dependencies initialized
2025-02-28 15:53:10 [STARTER] info: CacheModule dependencies initialized
2025-02-28 15:53:10 [STARTER] info: ConfigModule dependencies initialized
2025-02-28 15:53:10 [STARTER] info: ConfigModule dependencies initialized
2025-02-28 15:53:10 [STARTER] info: ScheduleModule dependencies initialized
2025-02-28 15:53:10 [STARTER] info: FileModule dependencies initialized
2025-02-28 15:53:10 [STARTER] info: BatchModule dependencies initialized
2025-02-28 15:53:10 [STARTER] info: AuthCommonModule dependencies initialized
2025-02-28 15:53:10 [STARTER] info: JwtModule dependencies initialized
2025-02-28 15:53:10 [STARTER] info: JwtModule dependencies initialized
2025-02-28 15:53:10 [STARTER] info: UsersModule dependencies initialized
2025-02-28 15:53:10 [STARTER] info: AuthModule dependencies initialized
2025-02-28 15:53:10 [STARTER] info: AuthController {/auth}:
2025-02-28 15:53:10 [STARTER] info: Mapped {/auth/google, GET} route
2025-02-28 15:53:10 [STARTER] info: Mapped {/auth/github, GET} route
2025-02-28 15:53:10 [STARTER] info: Mapped {/auth/google/callback, GET} route
2025-02-28 15:53:10 [STARTER] info: Mapped {/auth/github/callback, GET} route
2025-02-28 15:53:10 [STARTER] info: Mapped {/auth/register, POST} route
2025-02-28 15:53:10 [STARTER] info: Mapped {/auth/login, POST} route
2025-02-28 15:53:10 [STARTER] info: Mapped {/auth/logout, POST} route
2025-02-28 15:53:10 [STARTER] info: Mapped {/auth/refresh, POST} route
2025-02-28 15:53:10 [STARTER] info: Mapped {/auth/profile, GET} route
2025-02-28 15:53:10 [STARTER] info: UsersController {/users}:
2025-02-28 15:53:10 [STARTER] info: Mapped {/users, POST} route
2025-02-28 15:53:10 [STARTER] info: Mapped {/users/:id, GET} route
2025-02-28 15:53:10 [STARTER] info: Mapped {/users, GET} route
2025-02-28 15:53:10 [STARTER] info: Mapped {/users/:id, PATCH} route
2025-02-28 15:53:10 [STARTER] info: Mapped {/users/:id, DELETE} route
2025-02-28 15:53:10 [STARTER] info: BatchController {/batches}:
2025-02-28 15:53:10 [STARTER] info: Mapped {/batches/start/:name, POST} route
2025-02-28 15:53:10 [STARTER] info: Mapped {/batches/stop/:name, POST} route
2025-02-28 15:53:10 [STARTER] info: FileController {/file}:
2025-02-28 15:53:10 [STARTER] info: Mapped {/file/upload, POST} route
2025-02-28 15:53:10 [STARTER] info: Mapped {/file/down-xlsx, GET} route
2025-02-28 15:53:10 [STARTER] info: Nest application successfully started
2025-02-28 15:54:49 [STARTER] info: Starting Nest application...
2025-02-28 15:54:49 [STARTER] info: DatabaseModule dependencies initialized
2025-02-28 15:54:49 [STARTER] info: CommonModule dependencies initialized
2025-02-28 15:54:49 [STARTER] info: PassportModule dependencies initialized
2025-02-28 15:54:49 [STARTER] info: ConfigHostModule dependencies initialized
2025-02-28 15:54:49 [STARTER] info: EnhancerModule dependencies initialized
2025-02-28 15:54:49 [STARTER] info: ProductsModule dependencies initialized
2025-02-28 15:54:49 [STARTER] info: DiscoveryModule dependencies initialized
2025-02-28 15:54:49 [STARTER] info: CacheModule dependencies initialized
2025-02-28 15:54:49 [STARTER] info: ConfigModule dependencies initialized
2025-02-28 15:54:49 [STARTER] info: ConfigModule dependencies initialized
2025-02-28 15:54:49 [STARTER] info: ConfigModule dependencies initialized
2025-02-28 15:54:49 [STARTER] info: PostsModule dependencies initialized
2025-02-28 15:54:49 [STARTER] info: ScheduleModule dependencies initialized
2025-02-28 15:54:49 [STARTER] info: FileModule dependencies initialized
2025-02-28 15:54:49 [STARTER] info: BatchModule dependencies initialized
2025-02-28 15:54:49 [STARTER] info: AuthCommonModule dependencies initialized
2025-02-28 15:54:49 [STARTER] info: JwtModule dependencies initialized
2025-02-28 15:54:49 [STARTER] info: PortfoliosModule dependencies initialized
2025-02-28 15:54:49 [STARTER] info: ProjectsModule dependencies initialized
2025-02-28 15:54:49 [STARTER] info: ContractsModule dependencies initialized
2025-02-28 15:54:49 [STARTER] info: AppModule dependencies initialized
2025-02-28 15:54:49 [STARTER] info: AppController {/}:
2025-02-28 15:54:49 [STARTER] info: Mapped {/auth/profile, GET} route
2025-02-28 15:54:49 [STARTER] info: Mapped {/auth/manual, GET} route
2025-02-28 15:54:49 [STARTER] info: Mapped {/auth/no, GET} route
2025-02-28 15:54:49 [STARTER] info: BatchController {/batches}:
2025-02-28 15:54:49 [STARTER] info: Mapped {/batches/start/:name, POST} route
2025-02-28 15:54:49 [STARTER] info: Mapped {/batches/stop/:name, POST} route
2025-02-28 15:54:49 [STARTER] info: FileController {/file}:
2025-02-28 15:54:49 [STARTER] info: Mapped {/file/upload, POST} route
2025-02-28 15:54:49 [STARTER] info: Mapped {/file/down-xlsx, GET} route
2025-02-28 15:54:49 [STARTER] info: ProductsController {/products}:
2025-02-28 15:54:49 [STARTER] info: Mapped {/products/:id, GET} route
2025-02-28 15:54:49 [STARTER] info: Mapped {/products, GET} route
2025-02-28 15:54:49 [STARTER] info: Mapped {/products, POST} route
2025-02-28 15:54:49 [STARTER] info: Mapped {/products/:id, PUT} route
2025-02-28 15:54:49 [STARTER] info: Mapped {/products/:id, DELETE} route
2025-02-28 15:54:49 [STARTER] info: PostsController {/posts}:
2025-02-28 15:54:49 [STARTER] info: Mapped {/posts, GET} route
2025-02-28 15:54:49 [STARTER] info: Mapped {/posts, POST} route
2025-02-28 15:54:49 [STARTER] info: PortfoliosController {/portfolios}:
2025-02-28 15:54:49 [STARTER] info: Mapped {/portfolios, POST} route
2025-02-28 15:54:49 [STARTER] info: Mapped {/portfolios, GET} route
2025-02-28 15:54:49 [STARTER] info: Mapped {/portfolios, GET} route
2025-02-28 15:54:49 [STARTER] info: Mapped {/portfolios/:id, GET} route
2025-02-28 15:54:49 [STARTER] info: Mapped {/portfolios/:id, PATCH} route
2025-02-28 15:54:49 [STARTER] info: Mapped {/portfolios/:id, DELETE} route
2025-02-28 15:54:49 [STARTER] info: ProjectsController {/projects}:
2025-02-28 15:54:49 [STARTER] info: Mapped {/projects, POST} route
2025-02-28 15:54:49 [STARTER] info: Mapped {/projects, GET} route
2025-02-28 15:54:49 [STARTER] info: Mapped {/projects/:id, GET} route
2025-02-28 15:54:49 [STARTER] info: Mapped {/projects/:id, PATCH} route
2025-02-28 15:54:49 [STARTER] info: Mapped {/projects/:id/close, PATCH} route
2025-02-28 15:54:49 [STARTER] info: Mapped {/projects/:id, DELETE} route
2025-02-28 15:54:49 [STARTER] info: ContractsController {/contracts}:
2025-02-28 15:54:49 [STARTER] info: Mapped {/contracts, POST} route
2025-02-28 15:54:49 [STARTER] info: Nest application successfully started
2025-02-28 15:54:49 [STARTER] info: Starting Nest application...
2025-02-28 15:54:49 [STARTER] info: RedisModule dependencies initialized
2025-02-28 15:54:49 [STARTER] info: RedisCoreModule dependencies initialized
2025-02-28 15:54:49 [STARTER] info: PassportModule dependencies initialized
2025-02-28 15:54:49 [STARTER] info: DatabaseModule dependencies initialized
2025-02-28 15:54:49 [STARTER] info: CommonModule dependencies initialized
2025-02-28 15:54:49 [STARTER] info: ConfigHostModule dependencies initialized
2025-02-28 15:54:49 [STARTER] info: EnhancerModule dependencies initialized
2025-02-28 15:54:49 [STARTER] info: DiscoveryModule dependencies initialized
2025-02-28 15:54:49 [STARTER] info: CacheModule dependencies initialized
2025-02-28 15:54:49 [STARTER] info: ConfigModule dependencies initialized
2025-02-28 15:54:49 [STARTER] info: ConfigModule dependencies initialized
2025-02-28 15:54:49 [STARTER] info: ScheduleModule dependencies initialized
2025-02-28 15:54:49 [STARTER] info: FileModule dependencies initialized
2025-02-28 15:54:49 [STARTER] info: BatchModule dependencies initialized
2025-02-28 15:54:49 [STARTER] info: AuthCommonModule dependencies initialized
2025-02-28 15:54:49 [STARTER] info: JwtModule dependencies initialized
2025-02-28 15:54:49 [STARTER] info: JwtModule dependencies initialized
2025-02-28 15:54:49 [STARTER] info: UsersModule dependencies initialized
2025-02-28 15:54:49 [STARTER] info: AuthModule dependencies initialized
2025-02-28 15:54:49 [STARTER] info: AuthController {/auth}:
2025-02-28 15:54:49 [STARTER] info: Mapped {/auth/google, GET} route
2025-02-28 15:54:49 [STARTER] info: Mapped {/auth/github, GET} route
2025-02-28 15:54:49 [STARTER] info: Mapped {/auth/google/callback, GET} route
2025-02-28 15:54:49 [STARTER] info: Mapped {/auth/github/callback, GET} route
2025-02-28 15:54:49 [STARTER] info: Mapped {/auth/register, POST} route
2025-02-28 15:54:49 [STARTER] info: Mapped {/auth/login, POST} route
2025-02-28 15:54:49 [STARTER] info: Mapped {/auth/logout, POST} route
2025-02-28 15:54:49 [STARTER] info: Mapped {/auth/refresh, POST} route
2025-02-28 15:54:49 [STARTER] info: Mapped {/auth/profile, GET} route
2025-02-28 15:54:49 [STARTER] info: UsersController {/users}:
2025-02-28 15:54:49 [STARTER] info: Mapped {/users, POST} route
2025-02-28 15:54:49 [STARTER] info: Mapped {/users/:id, GET} route
2025-02-28 15:54:49 [STARTER] info: Mapped {/users, GET} route
2025-02-28 15:54:49 [STARTER] info: Mapped {/users/:id, PATCH} route
2025-02-28 15:54:49 [STARTER] info: Mapped {/users/:id, DELETE} route
2025-02-28 15:54:49 [STARTER] info: BatchController {/batches}:
2025-02-28 15:54:49 [STARTER] info: Mapped {/batches/start/:name, POST} route
2025-02-28 15:54:49 [STARTER] info: Mapped {/batches/stop/:name, POST} route
2025-02-28 15:54:49 [STARTER] info: FileController {/file}:
2025-02-28 15:54:49 [STARTER] info: Mapped {/file/upload, POST} route
2025-02-28 15:54:49 [STARTER] info: Mapped {/file/down-xlsx, GET} route
2025-02-28 15:54:49 [STARTER] info: Nest application successfully started
2025-02-28 16:08:54 [STARTER] info: Starting Nest application...
2025-02-28 16:08:54 [STARTER] info: DatabaseModule dependencies initialized
2025-02-28 16:08:54 [STARTER] info: CommonModule dependencies initialized
2025-02-28 16:08:54 [STARTER] info: PassportModule dependencies initialized
2025-02-28 16:08:54 [STARTER] info: ConfigHostModule dependencies initialized
2025-02-28 16:08:54 [STARTER] info: EnhancerModule dependencies initialized
2025-02-28 16:08:54 [STARTER] info: ProductsModule dependencies initialized
2025-02-28 16:08:54 [STARTER] info: DiscoveryModule dependencies initialized
2025-02-28 16:08:54 [STARTER] info: CacheModule dependencies initialized
2025-02-28 16:08:54 [STARTER] info: ConfigModule dependencies initialized
2025-02-28 16:08:54 [STARTER] info: ConfigModule dependencies initialized
2025-02-28 16:08:54 [STARTER] info: ConfigModule dependencies initialized
2025-02-28 16:08:54 [STARTER] info: PostsModule dependencies initialized
2025-02-28 16:08:54 [STARTER] info: ScheduleModule dependencies initialized
2025-02-28 16:08:54 [STARTER] info: FileModule dependencies initialized
2025-02-28 16:08:54 [STARTER] info: BatchModule dependencies initialized
2025-02-28 16:08:54 [STARTER] info: AuthCommonModule dependencies initialized
2025-02-28 16:08:54 [STARTER] info: JwtModule dependencies initialized
2025-02-28 16:08:54 [STARTER] info: PortfoliosModule dependencies initialized
2025-02-28 16:08:54 [STARTER] info: ProjectsModule dependencies initialized
2025-02-28 16:08:54 [STARTER] info: ContractsModule dependencies initialized
2025-02-28 16:08:54 [STARTER] info: AppModule dependencies initialized
2025-02-28 16:08:54 [STARTER] info: AppController {/}:
2025-02-28 16:08:54 [STARTER] info: Mapped {/auth/profile, GET} route
2025-02-28 16:08:54 [STARTER] info: Mapped {/auth/manual, GET} route
2025-02-28 16:08:54 [STARTER] info: Mapped {/auth/no, GET} route
2025-02-28 16:08:54 [STARTER] info: BatchController {/batches}:
2025-02-28 16:08:54 [STARTER] info: Mapped {/batches/start/:name, POST} route
2025-02-28 16:08:54 [STARTER] info: Mapped {/batches/stop/:name, POST} route
2025-02-28 16:08:54 [STARTER] info: FileController {/file}:
2025-02-28 16:08:54 [STARTER] info: Mapped {/file/upload, POST} route
2025-02-28 16:08:54 [STARTER] info: Mapped {/file/down-xlsx, GET} route
2025-02-28 16:08:54 [STARTER] info: ProductsController {/products}:
2025-02-28 16:08:54 [STARTER] info: Mapped {/products/:id, GET} route
2025-02-28 16:08:54 [STARTER] info: Mapped {/products, GET} route
2025-02-28 16:08:54 [STARTER] info: Mapped {/products, POST} route
2025-02-28 16:08:54 [STARTER] info: Mapped {/products/:id, PUT} route
2025-02-28 16:08:54 [STARTER] info: Mapped {/products/:id, DELETE} route
2025-02-28 16:08:54 [STARTER] info: PostsController {/posts}:
2025-02-28 16:08:54 [STARTER] info: Mapped {/posts, GET} route
2025-02-28 16:08:54 [STARTER] info: Mapped {/posts, POST} route
2025-02-28 16:08:54 [STARTER] info: PortfoliosController {/portfolios}:
2025-02-28 16:08:54 [STARTER] info: Mapped {/portfolios, POST} route
2025-02-28 16:08:54 [STARTER] info: Mapped {/portfolios, GET} route
2025-02-28 16:08:54 [STARTER] info: Mapped {/portfolios, GET} route
2025-02-28 16:08:54 [STARTER] info: Mapped {/portfolios/:id, GET} route
2025-02-28 16:08:54 [STARTER] info: Mapped {/portfolios/:id, PATCH} route
2025-02-28 16:08:54 [STARTER] info: Mapped {/portfolios/:id, DELETE} route
2025-02-28 16:08:54 [STARTER] info: ProjectsController {/projects}:
2025-02-28 16:08:54 [STARTER] info: Mapped {/projects, POST} route
2025-02-28 16:08:54 [STARTER] info: Mapped {/projects, GET} route
2025-02-28 16:08:54 [STARTER] info: Mapped {/projects/:id, GET} route
2025-02-28 16:08:54 [STARTER] info: Mapped {/projects/:id, PATCH} route
2025-02-28 16:08:54 [STARTER] info: Mapped {/projects/:id/close, PATCH} route
2025-02-28 16:08:54 [STARTER] info: Mapped {/projects/:id, DELETE} route
2025-02-28 16:08:54 [STARTER] info: ContractsController {/contracts}:
2025-02-28 16:08:54 [STARTER] info: Mapped {/contracts, POST} route
2025-02-28 16:08:54 [STARTER] info: Nest application successfully started
2025-02-28 16:08:54 [STARTER] info: Starting Nest application...
2025-02-28 16:08:54 [STARTER] info: RedisModule dependencies initialized
2025-02-28 16:08:54 [STARTER] info: RedisCoreModule dependencies initialized
2025-02-28 16:08:54 [STARTER] info: PassportModule dependencies initialized
2025-02-28 16:08:54 [STARTER] info: DatabaseModule dependencies initialized
2025-02-28 16:08:54 [STARTER] info: CommonModule dependencies initialized
2025-02-28 16:08:54 [STARTER] info: ConfigHostModule dependencies initialized
2025-02-28 16:08:54 [STARTER] info: EnhancerModule dependencies initialized
2025-02-28 16:08:54 [STARTER] info: DiscoveryModule dependencies initialized
2025-02-28 16:08:54 [STARTER] info: CacheModule dependencies initialized
2025-02-28 16:08:54 [STARTER] info: ConfigModule dependencies initialized
2025-02-28 16:08:54 [STARTER] info: ConfigModule dependencies initialized
2025-02-28 16:08:54 [STARTER] info: ScheduleModule dependencies initialized
2025-02-28 16:08:54 [STARTER] info: FileModule dependencies initialized
2025-02-28 16:08:54 [STARTER] info: BatchModule dependencies initialized
2025-02-28 16:08:54 [STARTER] info: AuthCommonModule dependencies initialized
2025-02-28 16:08:54 [STARTER] info: JwtModule dependencies initialized
2025-02-28 16:08:54 [STARTER] info: JwtModule dependencies initialized
2025-02-28 16:08:54 [STARTER] info: UsersModule dependencies initialized
2025-02-28 16:08:54 [STARTER] info: AuthModule dependencies initialized
2025-02-28 16:08:54 [STARTER] info: AuthController {/auth}:
2025-02-28 16:08:54 [STARTER] info: Mapped {/auth/google, GET} route
2025-02-28 16:08:54 [STARTER] info: Mapped {/auth/github, GET} route
2025-02-28 16:08:54 [STARTER] info: Mapped {/auth/google/callback, GET} route
2025-02-28 16:08:54 [STARTER] info: Mapped {/auth/github/callback, GET} route
2025-02-28 16:08:54 [STARTER] info: Mapped {/auth/register, POST} route
2025-02-28 16:08:54 [STARTER] info: Mapped {/auth/login, POST} route
2025-02-28 16:08:54 [STARTER] info: Mapped {/auth/logout, POST} route
2025-02-28 16:08:54 [STARTER] info: Mapped {/auth/refresh, POST} route
2025-02-28 16:08:54 [STARTER] info: Mapped {/auth/profile, GET} route
2025-02-28 16:08:54 [STARTER] info: UsersController {/users}:
2025-02-28 16:08:54 [STARTER] info: Mapped {/users, POST} route
2025-02-28 16:08:54 [STARTER] info: Mapped {/users/:id, GET} route
2025-02-28 16:08:54 [STARTER] info: Mapped {/users, GET} route
2025-02-28 16:08:54 [STARTER] info: Mapped {/users/:id, PATCH} route
2025-02-28 16:08:54 [STARTER] info: Mapped {/users/:id, DELETE} route
2025-02-28 16:08:54 [STARTER] info: BatchController {/batches}:
2025-02-28 16:08:54 [STARTER] info: Mapped {/batches/start/:name, POST} route
2025-02-28 16:08:54 [STARTER] info: Mapped {/batches/stop/:name, POST} route
2025-02-28 16:08:54 [STARTER] info: FileController {/file}:
2025-02-28 16:08:54 [STARTER] info: Mapped {/file/upload, POST} route
2025-02-28 16:08:54 [STARTER] info: Mapped {/file/down-xlsx, GET} route
2025-02-28 16:08:54 [STARTER] info: Nest application successfully started
2025-02-28 16:23:28 [STARTER] info: Starting Nest application...
2025-02-28 16:23:28 [STARTER] info: DatabaseModule dependencies initialized
2025-02-28 16:23:28 [STARTER] info: CommonModule dependencies initialized
2025-02-28 16:23:28 [STARTER] info: PassportModule dependencies initialized
2025-02-28 16:23:28 [STARTER] info: ConfigHostModule dependencies initialized
2025-02-28 16:23:28 [STARTER] info: EnhancerModule dependencies initialized
2025-02-28 16:23:28 [STARTER] info: ProductsModule dependencies initialized
2025-02-28 16:23:28 [STARTER] info: DiscoveryModule dependencies initialized
2025-02-28 16:23:28 [STARTER] info: CacheModule dependencies initialized
2025-02-28 16:23:28 [STARTER] info: ConfigModule dependencies initialized
2025-02-28 16:23:28 [STARTER] info: ConfigModule dependencies initialized
2025-02-28 16:23:28 [STARTER] info: ConfigModule dependencies initialized
2025-02-28 16:23:28 [STARTER] info: PostsModule dependencies initialized
2025-02-28 16:23:28 [STARTER] info: ScheduleModule dependencies initialized
2025-02-28 16:23:28 [STARTER] info: FileModule dependencies initialized
2025-02-28 16:23:28 [STARTER] info: BatchModule dependencies initialized
2025-02-28 16:23:28 [STARTER] info: AuthCommonModule dependencies initialized
2025-02-28 16:23:28 [STARTER] info: JwtModule dependencies initialized
2025-02-28 16:23:28 [STARTER] info: PortfoliosModule dependencies initialized
2025-02-28 16:23:28 [STARTER] info: ProjectsModule dependencies initialized
2025-02-28 16:23:28 [STARTER] info: ContractsModule dependencies initialized
2025-02-28 16:23:28 [STARTER] info: AppModule dependencies initialized
2025-02-28 16:23:28 [STARTER] info: AppController {/}:
2025-02-28 16:23:28 [STARTER] info: Mapped {/auth/profile, GET} route
2025-02-28 16:23:28 [STARTER] info: Mapped {/auth/manual, GET} route
2025-02-28 16:23:28 [STARTER] info: Mapped {/auth/no, GET} route
2025-02-28 16:23:28 [STARTER] info: BatchController {/batches}:
2025-02-28 16:23:28 [STARTER] info: Mapped {/batches/start/:name, POST} route
2025-02-28 16:23:28 [STARTER] info: Mapped {/batches/stop/:name, POST} route
2025-02-28 16:23:28 [STARTER] info: FileController {/file}:
2025-02-28 16:23:28 [STARTER] info: Mapped {/file/upload, POST} route
2025-02-28 16:23:28 [STARTER] info: Mapped {/file/down-xlsx, GET} route
2025-02-28 16:23:28 [STARTER] info: ProductsController {/products}:
2025-02-28 16:23:28 [STARTER] info: Mapped {/products/:id, GET} route
2025-02-28 16:23:28 [STARTER] info: Mapped {/products, GET} route
2025-02-28 16:23:28 [STARTER] info: Mapped {/products, POST} route
2025-02-28 16:23:28 [STARTER] info: Mapped {/products/:id, PUT} route
2025-02-28 16:23:28 [STARTER] info: Mapped {/products/:id, DELETE} route
2025-02-28 16:23:28 [STARTER] info: PostsController {/posts}:
2025-02-28 16:23:28 [STARTER] info: Mapped {/posts, GET} route
2025-02-28 16:23:28 [STARTER] info: Mapped {/posts, POST} route
2025-02-28 16:23:28 [STARTER] info: PortfoliosController {/portfolios}:
2025-02-28 16:23:28 [STARTER] info: Mapped {/portfolios, POST} route
2025-02-28 16:23:28 [STARTER] info: Mapped {/portfolios, GET} route
2025-02-28 16:23:28 [STARTER] info: Mapped {/portfolios, GET} route
2025-02-28 16:23:28 [STARTER] info: Mapped {/portfolios/:id, GET} route
2025-02-28 16:23:28 [STARTER] info: Mapped {/portfolios/:id, PATCH} route
2025-02-28 16:23:28 [STARTER] info: Mapped {/portfolios/:id, DELETE} route
2025-02-28 16:23:28 [STARTER] info: ProjectsController {/projects}:
2025-02-28 16:23:28 [STARTER] info: Mapped {/projects, POST} route
2025-02-28 16:23:28 [STARTER] info: Mapped {/projects, GET} route
2025-02-28 16:23:28 [STARTER] info: Mapped {/projects/:id, GET} route
2025-02-28 16:23:28 [STARTER] info: Mapped {/projects/:id, PATCH} route
2025-02-28 16:23:28 [STARTER] info: Mapped {/projects/:id/close, PATCH} route
2025-02-28 16:23:28 [STARTER] info: Mapped {/projects/:id, DELETE} route
2025-02-28 16:23:28 [STARTER] info: ContractsController {/contracts}:
2025-02-28 16:23:28 [STARTER] info: Mapped {/contracts, POST} route
2025-02-28 16:23:28 [STARTER] info: Nest application successfully started
2025-02-28 16:23:28 [STARTER] info: Starting Nest application...
2025-02-28 16:23:28 [STARTER] info: RedisModule dependencies initialized
2025-02-28 16:23:28 [STARTER] info: RedisCoreModule dependencies initialized
2025-02-28 16:23:28 [STARTER] info: PassportModule dependencies initialized
2025-02-28 16:23:28 [STARTER] info: DatabaseModule dependencies initialized
2025-02-28 16:23:28 [STARTER] info: CommonModule dependencies initialized
2025-02-28 16:23:28 [STARTER] info: ConfigHostModule dependencies initialized
2025-02-28 16:23:28 [STARTER] info: EnhancerModule dependencies initialized
2025-02-28 16:23:28 [STARTER] info: DiscoveryModule dependencies initialized
2025-02-28 16:23:28 [STARTER] info: CacheModule dependencies initialized
2025-02-28 16:23:28 [STARTER] info: ConfigModule dependencies initialized
2025-02-28 16:23:28 [STARTER] info: ConfigModule dependencies initialized
2025-02-28 16:23:28 [STARTER] info: ScheduleModule dependencies initialized
2025-02-28 16:23:28 [STARTER] info: FileModule dependencies initialized
2025-02-28 16:23:28 [STARTER] info: BatchModule dependencies initialized
2025-02-28 16:23:28 [STARTER] info: AuthCommonModule dependencies initialized
2025-02-28 16:23:28 [STARTER] info: JwtModule dependencies initialized
2025-02-28 16:23:28 [STARTER] info: JwtModule dependencies initialized
2025-02-28 16:23:28 [STARTER] info: UsersModule dependencies initialized
2025-02-28 16:23:28 [STARTER] info: AuthModule dependencies initialized
2025-02-28 16:23:28 [STARTER] info: AuthController {/auth}:
2025-02-28 16:23:28 [STARTER] info: Mapped {/auth/google, GET} route
2025-02-28 16:23:28 [STARTER] info: Mapped {/auth/github, GET} route
2025-02-28 16:23:28 [STARTER] info: Mapped {/auth/google/callback, GET} route
2025-02-28 16:23:28 [STARTER] info: Mapped {/auth/github/callback, GET} route
2025-02-28 16:23:28 [STARTER] info: Mapped {/auth/register, POST} route
2025-02-28 16:23:28 [STARTER] info: Mapped {/auth/login, POST} route
2025-02-28 16:23:28 [STARTER] info: Mapped {/auth/logout, POST} route
2025-02-28 16:23:28 [STARTER] info: Mapped {/auth/refresh, POST} route
2025-02-28 16:23:28 [STARTER] info: Mapped {/auth/profile, GET} route
2025-02-28 16:23:28 [STARTER] info: UsersController {/users}:
2025-02-28 16:23:28 [STARTER] info: Mapped {/users, POST} route
2025-02-28 16:23:28 [STARTER] info: Mapped {/users/:id, GET} route
2025-02-28 16:23:28 [STARTER] info: Mapped {/users, GET} route
2025-02-28 16:23:28 [STARTER] info: Mapped {/users/:id, PATCH} route
2025-02-28 16:23:28 [STARTER] info: Mapped {/users/:id, DELETE} route
2025-02-28 16:23:28 [STARTER] info: BatchController {/batches}:
2025-02-28 16:23:28 [STARTER] info: Mapped {/batches/start/:name, POST} route
2025-02-28 16:23:28 [STARTER] info: Mapped {/batches/stop/:name, POST} route
2025-02-28 16:23:28 [STARTER] info: FileController {/file}:
2025-02-28 16:23:28 [STARTER] info: Mapped {/file/upload, POST} route
2025-02-28 16:23:28 [STARTER] info: Mapped {/file/down-xlsx, GET} route
2025-02-28 16:23:28 [STARTER] info: Nest application successfully started
2025-02-28 17:13:52 [STARTER] info: Starting Nest application...
2025-02-28 17:13:52 [STARTER] info: DatabaseModule dependencies initialized
2025-02-28 17:13:52 [STARTER] info: CommonModule dependencies initialized
2025-02-28 17:13:52 [STARTER] info: PassportModule dependencies initialized
2025-02-28 17:13:52 [STARTER] info: ConfigHostModule dependencies initialized
2025-02-28 17:13:52 [STARTER] info: EnhancerModule dependencies initialized
2025-02-28 17:13:52 [STARTER] info: ProductsModule dependencies initialized
2025-02-28 17:13:52 [STARTER] info: DiscoveryModule dependencies initialized
2025-02-28 17:13:52 [STARTER] info: CacheModule dependencies initialized
2025-02-28 17:13:52 [STARTER] info: ConfigModule dependencies initialized
2025-02-28 17:13:52 [STARTER] info: ConfigModule dependencies initialized
2025-02-28 17:13:52 [STARTER] info: ConfigModule dependencies initialized
2025-02-28 17:13:52 [STARTER] info: PostsModule dependencies initialized
2025-02-28 17:13:52 [STARTER] info: ScheduleModule dependencies initialized
2025-02-28 17:13:52 [STARTER] info: FileModule dependencies initialized
2025-02-28 17:13:52 [STARTER] info: BatchModule dependencies initialized
2025-02-28 17:13:52 [STARTER] info: AuthCommonModule dependencies initialized
2025-02-28 17:13:52 [STARTER] info: JwtModule dependencies initialized
2025-02-28 17:13:52 [STARTER] info: PortfoliosModule dependencies initialized
2025-02-28 17:13:52 [STARTER] info: ProjectsModule dependencies initialized
2025-02-28 17:13:52 [STARTER] info: ContractsModule dependencies initialized
2025-02-28 17:13:52 [STARTER] info: AppModule dependencies initialized
2025-02-28 17:13:52 [STARTER] info: AppController {/}:
2025-02-28 17:13:52 [STARTER] info: Mapped {/auth/profile, GET} route
2025-02-28 17:13:52 [STARTER] info: Mapped {/auth/manual, GET} route
2025-02-28 17:13:52 [STARTER] info: Mapped {/auth/no, GET} route
2025-02-28 17:13:52 [STARTER] info: BatchController {/batches}:
2025-02-28 17:13:52 [STARTER] info: Mapped {/batches/start/:name, POST} route
2025-02-28 17:13:52 [STARTER] info: Mapped {/batches/stop/:name, POST} route
2025-02-28 17:13:52 [STARTER] info: FileController {/file}:
2025-02-28 17:13:52 [STARTER] info: Mapped {/file/upload, POST} route
2025-02-28 17:13:52 [STARTER] info: Mapped {/file/down-xlsx, GET} route
2025-02-28 17:13:52 [STARTER] info: ProductsController {/products}:
2025-02-28 17:13:52 [STARTER] info: Mapped {/products/:id, GET} route
2025-02-28 17:13:52 [STARTER] info: Mapped {/products, GET} route
2025-02-28 17:13:52 [STARTER] info: Mapped {/products, POST} route
2025-02-28 17:13:52 [STARTER] info: Mapped {/products/:id, PUT} route
2025-02-28 17:13:52 [STARTER] info: Mapped {/products/:id, DELETE} route
2025-02-28 17:13:52 [STARTER] info: PostsController {/posts}:
2025-02-28 17:13:52 [STARTER] info: Mapped {/posts, GET} route
2025-02-28 17:13:52 [STARTER] info: Mapped {/posts, POST} route
2025-02-28 17:13:52 [STARTER] info: PortfoliosController {/portfolios}:
2025-02-28 17:13:52 [STARTER] info: Mapped {/portfolios, POST} route
2025-02-28 17:13:52 [STARTER] info: Mapped {/portfolios, GET} route
2025-02-28 17:13:52 [STARTER] info: Mapped {/portfolios, GET} route
2025-02-28 17:13:52 [STARTER] info: Mapped {/portfolios/:id, GET} route
2025-02-28 17:13:52 [STARTER] info: Mapped {/portfolios/:id, PATCH} route
2025-02-28 17:13:52 [STARTER] info: Mapped {/portfolios/:id, DELETE} route
2025-02-28 17:13:52 [STARTER] info: ProjectsController {/projects}:
2025-02-28 17:13:52 [STARTER] info: Mapped {/projects, POST} route
2025-02-28 17:13:52 [STARTER] info: Mapped {/projects, GET} route
2025-02-28 17:13:52 [STARTER] info: Mapped {/projects/:id, GET} route
2025-02-28 17:13:52 [STARTER] info: Mapped {/projects/:id, PATCH} route
2025-02-28 17:13:52 [STARTER] info: Mapped {/projects/:id/close, PATCH} route
2025-02-28 17:13:52 [STARTER] info: Mapped {/projects/:id, DELETE} route
2025-02-28 17:13:52 [STARTER] info: ContractsController {/contracts}:
2025-02-28 17:13:52 [STARTER] info: Mapped {/contracts, POST} route
2025-02-28 17:13:52 [STARTER] info: Nest application successfully started
2025-02-28 17:13:52 [STARTER] info: Starting Nest application...
2025-02-28 17:13:52 [STARTER] info: RedisModule dependencies initialized
2025-02-28 17:13:52 [STARTER] info: RedisCoreModule dependencies initialized
2025-02-28 17:13:52 [STARTER] info: PassportModule dependencies initialized
2025-02-28 17:13:52 [STARTER] info: DatabaseModule dependencies initialized
2025-02-28 17:13:52 [STARTER] info: CommonModule dependencies initialized
2025-02-28 17:13:52 [STARTER] info: ConfigHostModule dependencies initialized
2025-02-28 17:13:52 [STARTER] info: EnhancerModule dependencies initialized
2025-02-28 17:13:52 [STARTER] info: DiscoveryModule dependencies initialized
2025-02-28 17:13:52 [STARTER] info: CacheModule dependencies initialized
2025-02-28 17:13:52 [STARTER] info: ConfigModule dependencies initialized
2025-02-28 17:13:52 [STARTER] info: ConfigModule dependencies initialized
2025-02-28 17:13:52 [STARTER] info: ScheduleModule dependencies initialized
2025-02-28 17:13:52 [STARTER] info: FileModule dependencies initialized
2025-02-28 17:13:52 [STARTER] info: BatchModule dependencies initialized
2025-02-28 17:13:52 [STARTER] info: AuthCommonModule dependencies initialized
2025-02-28 17:13:52 [STARTER] info: JwtModule dependencies initialized
2025-02-28 17:13:52 [STARTER] info: JwtModule dependencies initialized
2025-02-28 17:13:52 [STARTER] info: UsersModule dependencies initialized
2025-02-28 17:13:52 [STARTER] info: AuthModule dependencies initialized
2025-02-28 17:13:52 [STARTER] info: AuthController {/auth}:
2025-02-28 17:13:52 [STARTER] info: Mapped {/auth/google, GET} route
2025-02-28 17:13:52 [STARTER] info: Mapped {/auth/github, GET} route
2025-02-28 17:13:52 [STARTER] info: Mapped {/auth/google/callback, GET} route
2025-02-28 17:13:52 [STARTER] info: Mapped {/auth/github/callback, GET} route
2025-02-28 17:13:52 [STARTER] info: Mapped {/auth/register, POST} route
2025-02-28 17:13:52 [STARTER] info: Mapped {/auth/login, POST} route
2025-02-28 17:13:52 [STARTER] info: Mapped {/auth/logout, POST} route
2025-02-28 17:13:52 [STARTER] info: Mapped {/auth/refresh, POST} route
2025-02-28 17:13:52 [STARTER] info: Mapped {/auth/profile, GET} route
2025-02-28 17:13:52 [STARTER] info: UsersController {/users}:
2025-02-28 17:13:52 [STARTER] info: Mapped {/users, POST} route
2025-02-28 17:13:52 [STARTER] info: Mapped {/users/:id, GET} route
2025-02-28 17:13:52 [STARTER] info: Mapped {/users, GET} route
2025-02-28 17:13:52 [STARTER] info: Mapped {/users/:id, PATCH} route
2025-02-28 17:13:52 [STARTER] info: Mapped {/users/:id, DELETE} route
2025-02-28 17:13:52 [STARTER] info: BatchController {/batches}:
2025-02-28 17:13:52 [STARTER] info: Mapped {/batches/start/:name, POST} route
2025-02-28 17:13:52 [STARTER] info: Mapped {/batches/stop/:name, POST} route
2025-02-28 17:13:52 [STARTER] info: FileController {/file}:
2025-02-28 17:13:52 [STARTER] info: Mapped {/file/upload, POST} route
2025-02-28 17:13:52 [STARTER] info: Mapped {/file/down-xlsx, GET} route
2025-02-28 17:13:52 [STARTER] info: Nest application successfully started
