2025-03-01 15:42:59 [STARTER] info: Starting Nest application...
2025-03-01 15:42:59 [STARTER] info: DatabaseModule dependencies initialized
2025-03-01 15:42:59 [STARTER] info: CommonModule dependencies initialized
2025-03-01 15:42:59 [STARTER] info: PassportModule dependencies initialized
2025-03-01 15:42:59 [STARTER] info: ConfigHostModule dependencies initialized
2025-03-01 15:42:59 [STARTER] info: EnhancerModule dependencies initialized
2025-03-01 15:42:59 [STARTER] info: ProductsModule dependencies initialized
2025-03-01 15:42:59 [STARTER] info: DiscoveryModule dependencies initialized
2025-03-01 15:42:59 [STARTER] info: CacheModule dependencies initialized
2025-03-01 15:42:59 [STARTER] info: ConfigModule dependencies initialized
2025-03-01 15:42:59 [STARTER] info: ConfigModule dependencies initialized
2025-03-01 15:42:59 [STARTER] info: ConfigModule dependencies initialized
2025-03-01 15:42:59 [STARTER] info: PostsModule dependencies initialized
2025-03-01 15:42:59 [STARTER] info: ScheduleModule dependencies initialized
2025-03-01 15:42:59 [STARTER] info: FileModule dependencies initialized
2025-03-01 15:42:59 [STARTER] info: BatchModule dependencies initialized
2025-03-01 15:42:59 [STARTER] info: AuthCommonModule dependencies initialized
2025-03-01 15:42:59 [STARTER] info: JwtModule dependencies initialized
2025-03-01 15:42:59 [STARTER] info: PortfoliosModule dependencies initialized
2025-03-01 15:42:59 [STARTER] info: ProjectsModule dependencies initialized
2025-03-01 15:42:59 [STARTER] info: ContractsModule dependencies initialized
2025-03-01 15:42:59 [STARTER] info: AppModule dependencies initialized
2025-03-01 15:42:59 [STARTER] info: AppController {/}:
2025-03-01 15:42:59 [STARTER] info: Mapped {/auth/profile, GET} route
2025-03-01 15:42:59 [STARTER] info: Mapped {/auth/manual, GET} route
2025-03-01 15:42:59 [STARTER] info: Mapped {/auth/no, GET} route
2025-03-01 15:42:59 [STARTER] info: BatchController {/batches}:
2025-03-01 15:42:59 [STARTER] info: Mapped {/batches/start/:name, POST} route
2025-03-01 15:42:59 [STARTER] info: Mapped {/batches/stop/:name, POST} route
2025-03-01 15:42:59 [STARTER] info: FileController {/file}:
2025-03-01 15:42:59 [STARTER] info: Mapped {/file/upload, POST} route
2025-03-01 15:42:59 [STARTER] info: Mapped {/file/down-xlsx, GET} route
2025-03-01 15:42:59 [STARTER] info: ProductsController {/products}:
2025-03-01 15:42:59 [STARTER] info: Mapped {/products/:id, GET} route
2025-03-01 15:42:59 [STARTER] info: Mapped {/products, GET} route
2025-03-01 15:42:59 [STARTER] info: Mapped {/products, POST} route
2025-03-01 15:42:59 [STARTER] info: Mapped {/products/:id, PUT} route
2025-03-01 15:42:59 [STARTER] info: Mapped {/products/:id, DELETE} route
2025-03-01 15:42:59 [STARTER] info: PostsController {/posts}:
2025-03-01 15:42:59 [STARTER] info: Mapped {/posts, GET} route
2025-03-01 15:42:59 [STARTER] info: Mapped {/posts, POST} route
2025-03-01 15:42:59 [STARTER] info: PortfoliosController {/portfolios}:
2025-03-01 15:42:59 [STARTER] info: Mapped {/portfolios, POST} route
2025-03-01 15:42:59 [STARTER] info: Mapped {/portfolios, GET} route
2025-03-01 15:42:59 [STARTER] info: Mapped {/portfolios, GET} route
2025-03-01 15:42:59 [STARTER] info: Mapped {/portfolios/:id, GET} route
2025-03-01 15:42:59 [STARTER] info: Mapped {/portfolios/:id, PATCH} route
2025-03-01 15:42:59 [STARTER] info: Mapped {/portfolios/:id, DELETE} route
2025-03-01 15:42:59 [STARTER] info: ProjectsController {/projects}:
2025-03-01 15:42:59 [STARTER] info: Mapped {/projects, POST} route
2025-03-01 15:42:59 [STARTER] info: Mapped {/projects, GET} route
2025-03-01 15:42:59 [STARTER] info: Mapped {/projects/:id, GET} route
2025-03-01 15:42:59 [STARTER] info: Mapped {/projects/:id, PATCH} route
2025-03-01 15:42:59 [STARTER] info: Mapped {/projects/:id/close, PATCH} route
2025-03-01 15:42:59 [STARTER] info: Mapped {/projects/:id, DELETE} route
2025-03-01 15:42:59 [STARTER] info: ContractsController {/contracts}:
2025-03-01 15:42:59 [STARTER] info: Mapped {/contracts, POST} route
2025-03-01 15:42:59 [STARTER] info: Nest application successfully started
2025-03-01 15:42:59 [STARTER] info: Starting Nest application...
2025-03-01 15:42:59 [STARTER] info: RedisModule dependencies initialized
2025-03-01 15:42:59 [STARTER] info: RedisCoreModule dependencies initialized
2025-03-01 15:42:59 [STARTER] info: PassportModule dependencies initialized
2025-03-01 15:42:59 [STARTER] info: DatabaseModule dependencies initialized
2025-03-01 15:42:59 [STARTER] info: CommonModule dependencies initialized
2025-03-01 15:42:59 [STARTER] info: ConfigHostModule dependencies initialized
2025-03-01 15:42:59 [STARTER] info: EnhancerModule dependencies initialized
2025-03-01 15:42:59 [STARTER] info: DiscoveryModule dependencies initialized
2025-03-01 15:42:59 [STARTER] info: CacheModule dependencies initialized
2025-03-01 15:42:59 [STARTER] info: ConfigModule dependencies initialized
2025-03-01 15:42:59 [STARTER] info: ConfigModule dependencies initialized
2025-03-01 15:42:59 [STARTER] info: ScheduleModule dependencies initialized
2025-03-01 15:42:59 [STARTER] info: FileModule dependencies initialized
2025-03-01 15:42:59 [STARTER] info: BatchModule dependencies initialized
2025-03-01 15:42:59 [STARTER] info: AuthCommonModule dependencies initialized
2025-03-01 15:42:59 [STARTER] info: JwtModule dependencies initialized
2025-03-01 15:42:59 [STARTER] info: JwtModule dependencies initialized
2025-03-01 15:42:59 [STARTER] info: UsersModule dependencies initialized
2025-03-01 15:42:59 [STARTER] info: AuthModule dependencies initialized
2025-03-01 15:43:00 [STARTER] info: AuthController {/auth}:
2025-03-01 15:43:00 [STARTER] info: Mapped {/auth/google, GET} route
2025-03-01 15:43:00 [STARTER] info: Mapped {/auth/github, GET} route
2025-03-01 15:43:00 [STARTER] info: Mapped {/auth/google/callback, GET} route
2025-03-01 15:43:00 [STARTER] info: Mapped {/auth/github/callback, GET} route
2025-03-01 15:43:00 [STARTER] info: Mapped {/auth/register, POST} route
2025-03-01 15:43:00 [STARTER] info: Mapped {/auth/login, POST} route
2025-03-01 15:43:00 [STARTER] info: Mapped {/auth/logout, POST} route
2025-03-01 15:43:00 [STARTER] info: Mapped {/auth/refresh, POST} route
2025-03-01 15:43:00 [STARTER] info: Mapped {/auth/profile, GET} route
2025-03-01 15:43:00 [STARTER] info: UsersController {/users}:
2025-03-01 15:43:00 [STARTER] info: Mapped {/users, POST} route
2025-03-01 15:43:00 [STARTER] info: Mapped {/users/:id, GET} route
2025-03-01 15:43:00 [STARTER] info: Mapped {/users, GET} route
2025-03-01 15:43:00 [STARTER] info: Mapped {/users/:id, PATCH} route
2025-03-01 15:43:00 [STARTER] info: Mapped {/users/:id, DELETE} route
2025-03-01 15:43:00 [STARTER] info: BatchController {/batches}:
2025-03-01 15:43:00 [STARTER] info: Mapped {/batches/start/:name, POST} route
2025-03-01 15:43:00 [STARTER] info: Mapped {/batches/stop/:name, POST} route
2025-03-01 15:43:00 [STARTER] info: FileController {/file}:
2025-03-01 15:43:00 [STARTER] info: Mapped {/file/upload, POST} route
2025-03-01 15:43:00 [STARTER] info: Mapped {/file/down-xlsx, GET} route
2025-03-01 15:43:00 [STARTER] info: Nest application successfully started
2025-03-01 15:49:41 [STARTER] info: Starting Nest application...
2025-03-01 15:49:41 [STARTER] info: DatabaseModule dependencies initialized
2025-03-01 15:49:41 [STARTER] info: CommonModule dependencies initialized
2025-03-01 15:49:41 [STARTER] info: PassportModule dependencies initialized
2025-03-01 15:49:41 [STARTER] info: ConfigHostModule dependencies initialized
2025-03-01 15:49:41 [STARTER] info: EnhancerModule dependencies initialized
2025-03-01 15:49:41 [STARTER] info: ProductsModule dependencies initialized
2025-03-01 15:49:41 [STARTER] info: DiscoveryModule dependencies initialized
2025-03-01 15:49:41 [STARTER] info: CacheModule dependencies initialized
2025-03-01 15:49:41 [STARTER] info: ConfigModule dependencies initialized
2025-03-01 15:49:41 [STARTER] info: ConfigModule dependencies initialized
2025-03-01 15:49:41 [STARTER] info: ConfigModule dependencies initialized
2025-03-01 15:49:41 [STARTER] info: PostsModule dependencies initialized
2025-03-01 15:49:41 [STARTER] info: ScheduleModule dependencies initialized
2025-03-01 15:49:41 [STARTER] info: FileModule dependencies initialized
2025-03-01 15:49:41 [STARTER] info: BatchModule dependencies initialized
2025-03-01 15:49:41 [STARTER] info: AuthCommonModule dependencies initialized
2025-03-01 15:49:41 [STARTER] info: JwtModule dependencies initialized
2025-03-01 15:49:41 [STARTER] info: PortfoliosModule dependencies initialized
2025-03-01 15:49:41 [STARTER] info: ProjectsModule dependencies initialized
2025-03-01 15:49:41 [STARTER] info: ContractsModule dependencies initialized
2025-03-01 15:49:41 [STARTER] info: AppModule dependencies initialized
2025-03-01 15:49:41 [STARTER] info: AppController {/}:
2025-03-01 15:49:41 [STARTER] info: Mapped {/auth/profile, GET} route
2025-03-01 15:49:41 [STARTER] info: Mapped {/auth/manual, GET} route
2025-03-01 15:49:41 [STARTER] info: Mapped {/auth/no, GET} route
2025-03-01 15:49:41 [STARTER] info: BatchController {/batches}:
2025-03-01 15:49:41 [STARTER] info: Mapped {/batches/start/:name, POST} route
2025-03-01 15:49:41 [STARTER] info: Mapped {/batches/stop/:name, POST} route
2025-03-01 15:49:41 [STARTER] info: FileController {/file}:
2025-03-01 15:49:41 [STARTER] info: Mapped {/file/upload, POST} route
2025-03-01 15:49:41 [STARTER] info: Mapped {/file/down-xlsx, GET} route
2025-03-01 15:49:41 [STARTER] info: ProductsController {/products}:
2025-03-01 15:49:41 [STARTER] info: Mapped {/products/:id, GET} route
2025-03-01 15:49:41 [STARTER] info: Mapped {/products, GET} route
2025-03-01 15:49:41 [STARTER] info: Mapped {/products, POST} route
2025-03-01 15:49:41 [STARTER] info: Mapped {/products/:id, PUT} route
2025-03-01 15:49:41 [STARTER] info: Mapped {/products/:id, DELETE} route
2025-03-01 15:49:41 [STARTER] info: PostsController {/posts}:
2025-03-01 15:49:41 [STARTER] info: Mapped {/posts, GET} route
2025-03-01 15:49:41 [STARTER] info: Mapped {/posts, POST} route
2025-03-01 15:49:41 [STARTER] info: PortfoliosController {/portfolios}:
2025-03-01 15:49:41 [STARTER] info: Mapped {/portfolios, POST} route
2025-03-01 15:49:41 [STARTER] info: Mapped {/portfolios, GET} route
2025-03-01 15:49:41 [STARTER] info: Mapped {/portfolios, GET} route
2025-03-01 15:49:41 [STARTER] info: Mapped {/portfolios/:id, GET} route
2025-03-01 15:49:41 [STARTER] info: Mapped {/portfolios/:id, PATCH} route
2025-03-01 15:49:41 [STARTER] info: Mapped {/portfolios/:id, DELETE} route
2025-03-01 15:49:41 [STARTER] info: ProjectsController {/projects}:
2025-03-01 15:49:41 [STARTER] info: Mapped {/projects, POST} route
2025-03-01 15:49:41 [STARTER] info: Mapped {/projects, GET} route
2025-03-01 15:49:41 [STARTER] info: Mapped {/projects/:id, GET} route
2025-03-01 15:49:41 [STARTER] info: Mapped {/projects/:id, PATCH} route
2025-03-01 15:49:41 [STARTER] info: Mapped {/projects/:id/close, PATCH} route
2025-03-01 15:49:41 [STARTER] info: Mapped {/projects/:id, DELETE} route
2025-03-01 15:49:41 [STARTER] info: ContractsController {/contracts}:
2025-03-01 15:49:41 [STARTER] info: Mapped {/contracts, POST} route
2025-03-01 15:49:41 [STARTER] info: Nest application successfully started
2025-03-01 15:49:41 [STARTER] info: Starting Nest application...
2025-03-01 15:49:41 [STARTER] info: RedisModule dependencies initialized
2025-03-01 15:49:41 [STARTER] info: RedisCoreModule dependencies initialized
2025-03-01 15:49:41 [STARTER] info: PassportModule dependencies initialized
2025-03-01 15:49:41 [STARTER] info: DatabaseModule dependencies initialized
2025-03-01 15:49:41 [STARTER] info: CommonModule dependencies initialized
2025-03-01 15:49:41 [STARTER] info: ConfigHostModule dependencies initialized
2025-03-01 15:49:41 [STARTER] info: EnhancerModule dependencies initialized
2025-03-01 15:49:41 [STARTER] info: DiscoveryModule dependencies initialized
2025-03-01 15:49:41 [STARTER] info: CacheModule dependencies initialized
2025-03-01 15:49:41 [STARTER] info: ConfigModule dependencies initialized
2025-03-01 15:49:41 [STARTER] info: ConfigModule dependencies initialized
2025-03-01 15:49:41 [STARTER] info: ScheduleModule dependencies initialized
2025-03-01 15:49:41 [STARTER] info: FileModule dependencies initialized
2025-03-01 15:49:41 [STARTER] info: BatchModule dependencies initialized
2025-03-01 15:49:41 [STARTER] info: AuthCommonModule dependencies initialized
2025-03-01 15:49:41 [STARTER] info: JwtModule dependencies initialized
2025-03-01 15:49:41 [STARTER] info: JwtModule dependencies initialized
2025-03-01 15:49:41 [STARTER] info: UsersModule dependencies initialized
2025-03-01 15:49:41 [STARTER] info: AuthModule dependencies initialized
2025-03-01 15:49:41 [STARTER] info: AuthController {/auth}:
2025-03-01 15:49:41 [STARTER] info: Mapped {/auth/google, GET} route
2025-03-01 15:49:41 [STARTER] info: Mapped {/auth/github, GET} route
2025-03-01 15:49:41 [STARTER] info: Mapped {/auth/google/callback, GET} route
2025-03-01 15:49:41 [STARTER] info: Mapped {/auth/github/callback, GET} route
2025-03-01 15:49:41 [STARTER] info: Mapped {/auth/register, POST} route
2025-03-01 15:49:41 [STARTER] info: Mapped {/auth/login, POST} route
2025-03-01 15:49:41 [STARTER] info: Mapped {/auth/logout, POST} route
2025-03-01 15:49:41 [STARTER] info: Mapped {/auth/refresh, POST} route
2025-03-01 15:49:41 [STARTER] info: Mapped {/auth/profile, GET} route
2025-03-01 15:49:41 [STARTER] info: UsersController {/users}:
2025-03-01 15:49:41 [STARTER] info: Mapped {/users, POST} route
2025-03-01 15:49:41 [STARTER] info: Mapped {/users/:id, GET} route
2025-03-01 15:49:41 [STARTER] info: Mapped {/users, GET} route
2025-03-01 15:49:41 [STARTER] info: Mapped {/users/:id, PATCH} route
2025-03-01 15:49:41 [STARTER] info: Mapped {/users/:id, DELETE} route
2025-03-01 15:49:41 [STARTER] info: BatchController {/batches}:
2025-03-01 15:49:41 [STARTER] info: Mapped {/batches/start/:name, POST} route
2025-03-01 15:49:41 [STARTER] info: Mapped {/batches/stop/:name, POST} route
2025-03-01 15:49:41 [STARTER] info: FileController {/file}:
2025-03-01 15:49:41 [STARTER] info: Mapped {/file/upload, POST} route
2025-03-01 15:49:41 [STARTER] info: Mapped {/file/down-xlsx, GET} route
2025-03-01 15:49:41 [STARTER] info: Nest application successfully started
2025-03-01 15:51:19 [STARTER] info: Starting Nest application...
2025-03-01 15:51:19 [STARTER] info: RedisModule dependencies initialized
2025-03-01 15:51:19 [STARTER] info: RedisCoreModule dependencies initialized
2025-03-01 15:51:19 [STARTER] info: PassportModule dependencies initialized
2025-03-01 15:51:19 [STARTER] info: DatabaseModule dependencies initialized
2025-03-01 15:51:19 [STARTER] info: CommonModule dependencies initialized
2025-03-01 15:51:19 [STARTER] info: ConfigHostModule dependencies initialized
2025-03-01 15:51:19 [STARTER] info: EnhancerModule dependencies initialized
2025-03-01 15:51:19 [STARTER] info: DiscoveryModule dependencies initialized
2025-03-01 15:51:19 [STARTER] info: CacheModule dependencies initialized
2025-03-01 15:51:19 [STARTER] info: ConfigModule dependencies initialized
2025-03-01 15:51:19 [STARTER] info: ConfigModule dependencies initialized
2025-03-01 15:51:19 [STARTER] info: ScheduleModule dependencies initialized
2025-03-01 15:51:19 [STARTER] info: FileModule dependencies initialized
2025-03-01 15:51:19 [STARTER] info: BatchModule dependencies initialized
2025-03-01 15:51:19 [STARTER] info: AuthCommonModule dependencies initialized
2025-03-01 15:51:19 [STARTER] info: JwtModule dependencies initialized
2025-03-01 15:51:19 [STARTER] info: JwtModule dependencies initialized
2025-03-01 15:51:19 [STARTER] info: UsersModule dependencies initialized
2025-03-01 15:51:19 [STARTER] info: AuthModule dependencies initialized
2025-03-01 15:51:19 [STARTER] info: AuthController {/auth}:
2025-03-01 15:51:19 [STARTER] info: Mapped {/auth/google, GET} route
2025-03-01 15:51:19 [STARTER] info: Mapped {/auth/github, GET} route
2025-03-01 15:51:19 [STARTER] info: Mapped {/auth/google/callback, GET} route
2025-03-01 15:51:19 [STARTER] info: Mapped {/auth/github/callback, GET} route
2025-03-01 15:51:19 [STARTER] info: Mapped {/auth/register, POST} route
2025-03-01 15:51:19 [STARTER] info: Mapped {/auth/login, POST} route
2025-03-01 15:51:19 [STARTER] info: Mapped {/auth/logout, POST} route
2025-03-01 15:51:19 [STARTER] info: Mapped {/auth/refresh, POST} route
2025-03-01 15:51:19 [STARTER] info: Mapped {/auth/profile, GET} route
2025-03-01 15:51:19 [STARTER] info: UsersController {/users}:
2025-03-01 15:51:19 [STARTER] info: Mapped {/users, POST} route
2025-03-01 15:51:19 [STARTER] info: Mapped {/users/:id, GET} route
2025-03-01 15:51:19 [STARTER] info: Mapped {/users, GET} route
2025-03-01 15:51:19 [STARTER] info: Mapped {/users/:id, PATCH} route
2025-03-01 15:51:19 [STARTER] info: Mapped {/users/:id, DELETE} route
2025-03-01 15:51:19 [STARTER] info: BatchController {/batches}:
2025-03-01 15:51:19 [STARTER] info: Mapped {/batches/start/:name, POST} route
2025-03-01 15:51:19 [STARTER] info: Mapped {/batches/stop/:name, POST} route
2025-03-01 15:51:19 [STARTER] info: FileController {/file}:
2025-03-01 15:51:19 [STARTER] info: Mapped {/file/upload, POST} route
2025-03-01 15:51:19 [STARTER] info: Mapped {/file/down-xlsx, GET} route
2025-03-01 15:51:19 [STARTER] info: Nest application successfully started
2025-03-01 15:51:20 [STARTER] info: Starting Nest application...
2025-03-01 15:51:20 [STARTER] info: DatabaseModule dependencies initialized
2025-03-01 15:51:20 [STARTER] info: CommonModule dependencies initialized
2025-03-01 15:51:20 [STARTER] info: PassportModule dependencies initialized
2025-03-01 15:51:20 [STARTER] info: ConfigHostModule dependencies initialized
2025-03-01 15:51:20 [STARTER] info: EnhancerModule dependencies initialized
2025-03-01 15:51:20 [STARTER] info: ProductsModule dependencies initialized
2025-03-01 15:51:20 [STARTER] info: DiscoveryModule dependencies initialized
2025-03-01 15:51:20 [STARTER] info: CacheModule dependencies initialized
2025-03-01 15:51:20 [STARTER] info: ConfigModule dependencies initialized
2025-03-01 15:51:20 [STARTER] info: ConfigModule dependencies initialized
2025-03-01 15:51:20 [STARTER] info: ConfigModule dependencies initialized
2025-03-01 15:51:20 [STARTER] info: PostsModule dependencies initialized
2025-03-01 15:51:20 [STARTER] info: ScheduleModule dependencies initialized
2025-03-01 15:51:20 [STARTER] info: FileModule dependencies initialized
2025-03-01 15:51:20 [STARTER] info: BatchModule dependencies initialized
2025-03-01 15:51:20 [STARTER] info: AuthCommonModule dependencies initialized
2025-03-01 15:51:20 [STARTER] info: JwtModule dependencies initialized
2025-03-01 15:51:20 [STARTER] info: PortfoliosModule dependencies initialized
2025-03-01 15:51:20 [STARTER] info: ProjectsModule dependencies initialized
2025-03-01 15:51:20 [STARTER] info: ContractsModule dependencies initialized
2025-03-01 15:51:20 [STARTER] info: AppModule dependencies initialized
2025-03-01 15:51:20 [STARTER] info: AppController {/}:
2025-03-01 15:51:20 [STARTER] info: Mapped {/auth/profile, GET} route
2025-03-01 15:51:20 [STARTER] info: Mapped {/auth/manual, GET} route
2025-03-01 15:51:20 [STARTER] info: Mapped {/auth/no, GET} route
2025-03-01 15:51:20 [STARTER] info: BatchController {/batches}:
2025-03-01 15:51:20 [STARTER] info: Mapped {/batches/start/:name, POST} route
2025-03-01 15:51:20 [STARTER] info: Mapped {/batches/stop/:name, POST} route
2025-03-01 15:51:20 [STARTER] info: FileController {/file}:
2025-03-01 15:51:20 [STARTER] info: Mapped {/file/upload, POST} route
2025-03-01 15:51:20 [STARTER] info: Mapped {/file/down-xlsx, GET} route
2025-03-01 15:51:20 [STARTER] info: ProductsController {/products}:
2025-03-01 15:51:20 [STARTER] info: Mapped {/products/:id, GET} route
2025-03-01 15:51:20 [STARTER] info: Mapped {/products, GET} route
2025-03-01 15:51:20 [STARTER] info: Mapped {/products, POST} route
2025-03-01 15:51:20 [STARTER] info: Mapped {/products/:id, PUT} route
2025-03-01 15:51:20 [STARTER] info: Mapped {/products/:id, DELETE} route
2025-03-01 15:51:20 [STARTER] info: PostsController {/posts}:
2025-03-01 15:51:20 [STARTER] info: Mapped {/posts, GET} route
2025-03-01 15:51:20 [STARTER] info: Mapped {/posts, POST} route
2025-03-01 15:51:20 [STARTER] info: PortfoliosController {/portfolios}:
2025-03-01 15:51:20 [STARTER] info: Mapped {/portfolios, POST} route
2025-03-01 15:51:20 [STARTER] info: Mapped {/portfolios, GET} route
2025-03-01 15:51:20 [STARTER] info: Mapped {/portfolios, GET} route
2025-03-01 15:51:20 [STARTER] info: Mapped {/portfolios/:id, GET} route
2025-03-01 15:51:20 [STARTER] info: Mapped {/portfolios/:id, PATCH} route
2025-03-01 15:51:20 [STARTER] info: Mapped {/portfolios/:id, DELETE} route
2025-03-01 15:51:20 [STARTER] info: ProjectsController {/projects}:
2025-03-01 15:51:20 [STARTER] info: Mapped {/projects, POST} route
2025-03-01 15:51:20 [STARTER] info: Mapped {/projects, GET} route
2025-03-01 15:51:20 [STARTER] info: Mapped {/projects/:id, GET} route
2025-03-01 15:51:20 [STARTER] info: Mapped {/projects/:id, PATCH} route
2025-03-01 15:51:20 [STARTER] info: Mapped {/projects/:id/close, PATCH} route
2025-03-01 15:51:20 [STARTER] info: Mapped {/projects/:id, DELETE} route
2025-03-01 15:51:20 [STARTER] info: ContractsController {/contracts}:
2025-03-01 15:51:20 [STARTER] info: Mapped {/contracts, POST} route
2025-03-01 15:51:20 [STARTER] info: Nest application successfully started
2025-03-01 16:01:44 [STARTER] info: Starting Nest application...
2025-03-01 16:01:44 [STARTER] info: DatabaseModule dependencies initialized
2025-03-01 16:01:44 [STARTER] info: CommonModule dependencies initialized
2025-03-01 16:01:44 [STARTER] info: PassportModule dependencies initialized
2025-03-01 16:01:44 [STARTER] info: ConfigHostModule dependencies initialized
2025-03-01 16:01:44 [STARTER] info: EnhancerModule dependencies initialized
2025-03-01 16:01:44 [STARTER] info: ProductsModule dependencies initialized
2025-03-01 16:01:44 [STARTER] info: DiscoveryModule dependencies initialized
2025-03-01 16:01:44 [STARTER] info: CacheModule dependencies initialized
2025-03-01 16:01:44 [STARTER] info: ConfigModule dependencies initialized
2025-03-01 16:01:44 [STARTER] info: ConfigModule dependencies initialized
2025-03-01 16:01:44 [STARTER] info: ConfigModule dependencies initialized
2025-03-01 16:01:44 [STARTER] info: PostsModule dependencies initialized
2025-03-01 16:01:44 [STARTER] info: ScheduleModule dependencies initialized
2025-03-01 16:01:44 [STARTER] info: FileModule dependencies initialized
2025-03-01 16:01:44 [STARTER] info: BatchModule dependencies initialized
2025-03-01 16:01:44 [STARTER] info: AuthCommonModule dependencies initialized
2025-03-01 16:01:44 [STARTER] info: JwtModule dependencies initialized
2025-03-01 16:01:44 [STARTER] info: PortfoliosModule dependencies initialized
2025-03-01 16:01:44 [STARTER] info: ProjectsModule dependencies initialized
2025-03-01 16:01:44 [STARTER] info: ContractsModule dependencies initialized
2025-03-01 16:01:44 [STARTER] info: AppModule dependencies initialized
2025-03-01 16:01:44 [STARTER] info: AppController {/}:
2025-03-01 16:01:44 [STARTER] info: Mapped {/auth/profile, GET} route
2025-03-01 16:01:44 [STARTER] info: Mapped {/auth/manual, GET} route
2025-03-01 16:01:44 [STARTER] info: Mapped {/auth/no, GET} route
2025-03-01 16:01:44 [STARTER] info: BatchController {/batches}:
2025-03-01 16:01:44 [STARTER] info: Mapped {/batches/start/:name, POST} route
2025-03-01 16:01:44 [STARTER] info: Mapped {/batches/stop/:name, POST} route
2025-03-01 16:01:44 [STARTER] info: FileController {/file}:
2025-03-01 16:01:44 [STARTER] info: Mapped {/file/upload, POST} route
2025-03-01 16:01:44 [STARTER] info: Mapped {/file/down-xlsx, GET} route
2025-03-01 16:01:44 [STARTER] info: ProductsController {/products}:
2025-03-01 16:01:44 [STARTER] info: Mapped {/products/:id, GET} route
2025-03-01 16:01:44 [STARTER] info: Mapped {/products, GET} route
2025-03-01 16:01:44 [STARTER] info: Mapped {/products, POST} route
2025-03-01 16:01:44 [STARTER] info: Mapped {/products/:id, PUT} route
2025-03-01 16:01:44 [STARTER] info: Mapped {/products/:id, DELETE} route
2025-03-01 16:01:44 [STARTER] info: PostsController {/posts}:
2025-03-01 16:01:44 [STARTER] info: Mapped {/posts, GET} route
2025-03-01 16:01:44 [STARTER] info: Mapped {/posts, POST} route
2025-03-01 16:01:44 [STARTER] info: PortfoliosController {/portfolios}:
2025-03-01 16:01:44 [STARTER] info: Mapped {/portfolios, POST} route
2025-03-01 16:01:44 [STARTER] info: Mapped {/portfolios, GET} route
2025-03-01 16:01:44 [STARTER] info: Mapped {/portfolios, GET} route
2025-03-01 16:01:44 [STARTER] info: Mapped {/portfolios/:id, GET} route
2025-03-01 16:01:44 [STARTER] info: Mapped {/portfolios/:id, PATCH} route
2025-03-01 16:01:44 [STARTER] info: Mapped {/portfolios/:id, DELETE} route
2025-03-01 16:01:44 [STARTER] info: ProjectsController {/projects}:
2025-03-01 16:01:44 [STARTER] info: Mapped {/projects, POST} route
2025-03-01 16:01:44 [STARTER] info: Mapped {/projects, GET} route
2025-03-01 16:01:44 [STARTER] info: Mapped {/projects/:id, GET} route
2025-03-01 16:01:44 [STARTER] info: Mapped {/projects/:id, PATCH} route
2025-03-01 16:01:44 [STARTER] info: Mapped {/projects/:id/close, PATCH} route
2025-03-01 16:01:44 [STARTER] info: Mapped {/projects/:id, DELETE} route
2025-03-01 16:01:44 [STARTER] info: ContractsController {/contracts}:
2025-03-01 16:01:44 [STARTER] info: Mapped {/contracts, POST} route
2025-03-01 16:01:44 [STARTER] info: Nest application successfully started
2025-03-01 16:43:30 [STARTER] info: Starting Nest application...
2025-03-01 16:43:30 [STARTER] info: DatabaseModule dependencies initialized
2025-03-01 16:43:30 [STARTER] info: CommonModule dependencies initialized
2025-03-01 16:43:30 [STARTER] info: PassportModule dependencies initialized
2025-03-01 16:43:30 [STARTER] info: ConfigHostModule dependencies initialized
2025-03-01 16:43:30 [STARTER] info: EnhancerModule dependencies initialized
2025-03-01 16:43:30 [STARTER] info: ProductsModule dependencies initialized
2025-03-01 16:43:30 [STARTER] info: DiscoveryModule dependencies initialized
2025-03-01 16:43:30 [STARTER] info: CacheModule dependencies initialized
2025-03-01 16:43:30 [STARTER] info: ConfigModule dependencies initialized
2025-03-01 16:43:30 [STARTER] info: ConfigModule dependencies initialized
2025-03-01 16:43:30 [STARTER] info: ConfigModule dependencies initialized
2025-03-01 16:43:30 [STARTER] info: PostsModule dependencies initialized
2025-03-01 16:43:30 [STARTER] info: ScheduleModule dependencies initialized
2025-03-01 16:43:30 [STARTER] info: FileModule dependencies initialized
2025-03-01 16:43:30 [STARTER] info: BatchModule dependencies initialized
2025-03-01 16:43:30 [STARTER] info: AuthCommonModule dependencies initialized
2025-03-01 16:43:30 [STARTER] info: JwtModule dependencies initialized
2025-03-01 16:43:30 [STARTER] info: PortfoliosModule dependencies initialized
2025-03-01 16:43:30 [STARTER] info: ProjectsModule dependencies initialized
2025-03-01 16:43:30 [STARTER] info: ContractsModule dependencies initialized
2025-03-01 16:43:30 [STARTER] info: AppModule dependencies initialized
2025-03-01 16:43:30 [STARTER] info: AppController {/}:
2025-03-01 16:43:30 [STARTER] info: Mapped {/auth/profile, GET} route
2025-03-01 16:43:30 [STARTER] info: Mapped {/auth/manual, GET} route
2025-03-01 16:43:30 [STARTER] info: Mapped {/auth/no, GET} route
2025-03-01 16:43:30 [STARTER] info: BatchController {/batches}:
2025-03-01 16:43:30 [STARTER] info: Mapped {/batches/start/:name, POST} route
2025-03-01 16:43:30 [STARTER] info: Mapped {/batches/stop/:name, POST} route
2025-03-01 16:43:30 [STARTER] info: FileController {/file}:
2025-03-01 16:43:30 [STARTER] info: Mapped {/file/upload, POST} route
2025-03-01 16:43:30 [STARTER] info: Mapped {/file/down-xlsx, GET} route
2025-03-01 16:43:30 [STARTER] info: ProductsController {/products}:
2025-03-01 16:43:30 [STARTER] info: Mapped {/products/:id, GET} route
2025-03-01 16:43:30 [STARTER] info: Mapped {/products, GET} route
2025-03-01 16:43:31 [STARTER] info: Mapped {/products, POST} route
2025-03-01 16:43:31 [STARTER] info: Mapped {/products/:id, PUT} route
2025-03-01 16:43:31 [STARTER] info: Mapped {/products/:id, DELETE} route
2025-03-01 16:43:31 [STARTER] info: PostsController {/posts}:
2025-03-01 16:43:31 [STARTER] info: Mapped {/posts, GET} route
2025-03-01 16:43:31 [STARTER] info: Mapped {/posts, POST} route
2025-03-01 16:43:31 [STARTER] info: PortfoliosController {/portfolios}:
2025-03-01 16:43:31 [STARTER] info: Mapped {/portfolios, POST} route
2025-03-01 16:43:31 [STARTER] info: Mapped {/portfolios, GET} route
2025-03-01 16:43:31 [STARTER] info: Mapped {/portfolios, GET} route
2025-03-01 16:43:31 [STARTER] info: Mapped {/portfolios/:id, GET} route
2025-03-01 16:43:31 [STARTER] info: Mapped {/portfolios/:id, PATCH} route
2025-03-01 16:43:31 [STARTER] info: Mapped {/portfolios/:id, DELETE} route
2025-03-01 16:43:31 [STARTER] info: ProjectsController {/projects}:
2025-03-01 16:43:31 [STARTER] info: Mapped {/projects, POST} route
2025-03-01 16:43:31 [STARTER] info: Mapped {/projects, GET} route
2025-03-01 16:43:31 [STARTER] info: Mapped {/projects/:id, GET} route
2025-03-01 16:43:31 [STARTER] info: Mapped {/projects/:id, PATCH} route
2025-03-01 16:43:31 [STARTER] info: Mapped {/projects/:id/close, PATCH} route
2025-03-01 16:43:31 [STARTER] info: Mapped {/projects/:id, DELETE} route
2025-03-01 16:43:31 [STARTER] info: ContractsController {/contracts}:
2025-03-01 16:43:31 [STARTER] info: Mapped {/contracts, POST} route
2025-03-01 16:43:31 [STARTER] info: Nest application successfully started
2025-03-01 16:58:25 [STARTER] info: Starting Nest application...
2025-03-01 16:58:25 [STARTER] info: DatabaseModule dependencies initialized
2025-03-01 16:58:25 [STARTER] info: CommonModule dependencies initialized
2025-03-01 16:58:25 [STARTER] info: PassportModule dependencies initialized
2025-03-01 16:58:25 [STARTER] info: ConfigHostModule dependencies initialized
2025-03-01 16:58:25 [STARTER] info: EnhancerModule dependencies initialized
2025-03-01 16:58:25 [STARTER] info: ProductsModule dependencies initialized
2025-03-01 16:58:25 [STARTER] info: DiscoveryModule dependencies initialized
2025-03-01 16:58:25 [STARTER] info: CacheModule dependencies initialized
2025-03-01 16:58:25 [STARTER] info: ConfigModule dependencies initialized
2025-03-01 16:58:25 [STARTER] info: ConfigModule dependencies initialized
2025-03-01 16:58:25 [STARTER] info: ConfigModule dependencies initialized
2025-03-01 16:58:25 [STARTER] info: PostsModule dependencies initialized
2025-03-01 16:58:25 [STARTER] info: ScheduleModule dependencies initialized
2025-03-01 16:58:25 [STARTER] info: FileModule dependencies initialized
2025-03-01 16:58:25 [STARTER] info: BatchModule dependencies initialized
2025-03-01 16:58:25 [STARTER] info: AuthCommonModule dependencies initialized
2025-03-01 16:58:25 [STARTER] info: JwtModule dependencies initialized
2025-03-01 16:58:25 [STARTER] info: PortfoliosModule dependencies initialized
2025-03-01 16:58:25 [STARTER] info: ProjectsModule dependencies initialized
2025-03-01 16:58:25 [STARTER] info: ContractsModule dependencies initialized
2025-03-01 16:58:25 [STARTER] info: AppModule dependencies initialized
2025-03-01 16:58:25 [STARTER] info: AppController {/}:
2025-03-01 16:58:25 [STARTER] info: Mapped {/auth/profile, GET} route
2025-03-01 16:58:25 [STARTER] info: Mapped {/auth/manual, GET} route
2025-03-01 16:58:25 [STARTER] info: Mapped {/auth/no, GET} route
2025-03-01 16:58:25 [STARTER] info: BatchController {/batches}:
2025-03-01 16:58:25 [STARTER] info: Mapped {/batches/start/:name, POST} route
2025-03-01 16:58:25 [STARTER] info: Mapped {/batches/stop/:name, POST} route
2025-03-01 16:58:25 [STARTER] info: FileController {/file}:
2025-03-01 16:58:25 [STARTER] info: Mapped {/file/upload, POST} route
2025-03-01 16:58:25 [STARTER] info: Mapped {/file/down-xlsx, GET} route
2025-03-01 16:58:25 [STARTER] info: ProductsController {/products}:
2025-03-01 16:58:25 [STARTER] info: Mapped {/products/:id, GET} route
2025-03-01 16:58:25 [STARTER] info: Mapped {/products, GET} route
2025-03-01 16:58:25 [STARTER] info: Mapped {/products, POST} route
2025-03-01 16:58:25 [STARTER] info: Mapped {/products/:id, PUT} route
2025-03-01 16:58:25 [STARTER] info: Mapped {/products/:id, DELETE} route
2025-03-01 16:58:25 [STARTER] info: PostsController {/posts}:
2025-03-01 16:58:25 [STARTER] info: Mapped {/posts, GET} route
2025-03-01 16:58:25 [STARTER] info: Mapped {/posts, POST} route
2025-03-01 16:58:25 [STARTER] info: PortfoliosController {/portfolios}:
2025-03-01 16:58:25 [STARTER] info: Mapped {/portfolios, POST} route
2025-03-01 16:58:25 [STARTER] info: Mapped {/portfolios, GET} route
2025-03-01 16:58:25 [STARTER] info: Mapped {/portfolios, GET} route
2025-03-01 16:58:25 [STARTER] info: Mapped {/portfolios/:id, GET} route
2025-03-01 16:58:25 [STARTER] info: Mapped {/portfolios/:id, PATCH} route
2025-03-01 16:58:25 [STARTER] info: Mapped {/portfolios/:id, DELETE} route
2025-03-01 16:58:25 [STARTER] info: ProjectsController {/projects}:
2025-03-01 16:58:25 [STARTER] info: Mapped {/projects, POST} route
2025-03-01 16:58:25 [STARTER] info: Mapped {/projects, GET} route
2025-03-01 16:58:25 [STARTER] info: Mapped {/projects/:id, GET} route
2025-03-01 16:58:25 [STARTER] info: Mapped {/projects/:id, PATCH} route
2025-03-01 16:58:25 [STARTER] info: Mapped {/projects/:id/close, PATCH} route
2025-03-01 16:58:25 [STARTER] info: Mapped {/projects/:id, DELETE} route
2025-03-01 16:58:25 [STARTER] info: ContractsController {/contracts}:
2025-03-01 16:58:25 [STARTER] info: Mapped {/contracts, POST} route
2025-03-01 16:58:25 [STARTER] info: Nest application successfully started
2025-03-01 17:24:01 [STARTER] info: Starting Nest application...
2025-03-01 17:24:01 [STARTER] info: DatabaseModule dependencies initialized
2025-03-01 17:24:01 [STARTER] info: CommonModule dependencies initialized
2025-03-01 17:24:01 [STARTER] info: PassportModule dependencies initialized
2025-03-01 17:24:01 [STARTER] info: ConfigHostModule dependencies initialized
2025-03-01 17:24:01 [STARTER] info: EnhancerModule dependencies initialized
2025-03-01 17:24:01 [STARTER] info: ProductsModule dependencies initialized
2025-03-01 17:24:01 [STARTER] info: DiscoveryModule dependencies initialized
2025-03-01 17:24:01 [STARTER] info: CacheModule dependencies initialized
2025-03-01 17:24:01 [STARTER] info: ConfigModule dependencies initialized
2025-03-01 17:24:01 [STARTER] info: ConfigModule dependencies initialized
2025-03-01 17:24:01 [STARTER] info: ConfigModule dependencies initialized
2025-03-01 17:24:01 [STARTER] info: PostsModule dependencies initialized
2025-03-01 17:24:01 [STARTER] info: ScheduleModule dependencies initialized
2025-03-01 17:24:01 [STARTER] info: FileModule dependencies initialized
2025-03-01 17:24:01 [STARTER] info: BatchModule dependencies initialized
2025-03-01 17:24:01 [STARTER] info: AuthCommonModule dependencies initialized
2025-03-01 17:24:01 [STARTER] info: JwtModule dependencies initialized
2025-03-01 17:24:01 [STARTER] info: PortfoliosModule dependencies initialized
2025-03-01 17:24:01 [STARTER] info: ProjectsModule dependencies initialized
2025-03-01 17:24:01 [STARTER] info: ContractsModule dependencies initialized
2025-03-01 17:24:01 [STARTER] info: AppModule dependencies initialized
2025-03-01 17:24:01 [STARTER] info: AppController {/}:
2025-03-01 17:24:01 [STARTER] info: Mapped {/auth/profile, GET} route
2025-03-01 17:24:01 [STARTER] info: Mapped {/auth/manual, GET} route
2025-03-01 17:24:01 [STARTER] info: Mapped {/auth/no, GET} route
2025-03-01 17:24:01 [STARTER] info: BatchController {/batches}:
2025-03-01 17:24:01 [STARTER] info: Mapped {/batches/start/:name, POST} route
2025-03-01 17:24:01 [STARTER] info: Mapped {/batches/stop/:name, POST} route
2025-03-01 17:24:01 [STARTER] info: FileController {/file}:
2025-03-01 17:24:01 [STARTER] info: Mapped {/file/upload, POST} route
2025-03-01 17:24:01 [STARTER] info: Mapped {/file/down-xlsx, GET} route
2025-03-01 17:24:01 [STARTER] info: ProductsController {/products}:
2025-03-01 17:24:01 [STARTER] info: Mapped {/products/:id, GET} route
2025-03-01 17:24:01 [STARTER] info: Mapped {/products, GET} route
2025-03-01 17:24:01 [STARTER] info: Mapped {/products, POST} route
2025-03-01 17:24:01 [STARTER] info: Mapped {/products/:id, PUT} route
2025-03-01 17:24:01 [STARTER] info: Mapped {/products/:id, DELETE} route
2025-03-01 17:24:01 [STARTER] info: PostsController {/posts}:
2025-03-01 17:24:01 [STARTER] info: Mapped {/posts, GET} route
2025-03-01 17:24:01 [STARTER] info: Mapped {/posts, POST} route
2025-03-01 17:24:01 [STARTER] info: PortfoliosController {/portfolios}:
2025-03-01 17:24:01 [STARTER] info: Mapped {/portfolios, POST} route
2025-03-01 17:24:01 [STARTER] info: Mapped {/portfolios, GET} route
2025-03-01 17:24:01 [STARTER] info: Mapped {/portfolios, GET} route
2025-03-01 17:24:01 [STARTER] info: Mapped {/portfolios/:id, GET} route
2025-03-01 17:24:01 [STARTER] info: Mapped {/portfolios/:id, PATCH} route
2025-03-01 17:24:01 [STARTER] info: Mapped {/portfolios/:id, DELETE} route
2025-03-01 17:24:01 [STARTER] info: ProjectsController {/projects}:
2025-03-01 17:24:01 [STARTER] info: Mapped {/projects, POST} route
2025-03-01 17:24:01 [STARTER] info: Mapped {/projects, GET} route
2025-03-01 17:24:01 [STARTER] info: Mapped {/projects/:id, GET} route
2025-03-01 17:24:01 [STARTER] info: Mapped {/projects/:id, PATCH} route
2025-03-01 17:24:01 [STARTER] info: Mapped {/projects/:id/close, PATCH} route
2025-03-01 17:24:01 [STARTER] info: Mapped {/projects/:id, DELETE} route
2025-03-01 17:24:01 [STARTER] info: ContractsController {/contracts}:
2025-03-01 17:24:01 [STARTER] info: Mapped {/contracts, POST} route
2025-03-01 17:24:01 [STARTER] info: Nest application successfully started
2025-03-01 17:28:11 [STARTER] info: Starting Nest application...
2025-03-01 17:28:11 [STARTER] info: DatabaseModule dependencies initialized
2025-03-01 17:28:11 [STARTER] info: CommonModule dependencies initialized
2025-03-01 17:28:11 [STARTER] info: PassportModule dependencies initialized
2025-03-01 17:28:11 [STARTER] info: ConfigHostModule dependencies initialized
2025-03-01 17:28:11 [STARTER] info: EnhancerModule dependencies initialized
2025-03-01 17:28:11 [STARTER] info: ProductsModule dependencies initialized
2025-03-01 17:28:11 [STARTER] info: DiscoveryModule dependencies initialized
2025-03-01 17:28:11 [STARTER] info: CacheModule dependencies initialized
2025-03-01 17:28:11 [STARTER] info: ConfigModule dependencies initialized
2025-03-01 17:28:11 [STARTER] info: ConfigModule dependencies initialized
2025-03-01 17:28:11 [STARTER] info: ConfigModule dependencies initialized
2025-03-01 17:28:11 [STARTER] info: PostsModule dependencies initialized
2025-03-01 17:28:11 [STARTER] info: ScheduleModule dependencies initialized
2025-03-01 17:28:11 [STARTER] info: FileModule dependencies initialized
2025-03-01 17:28:11 [STARTER] info: BatchModule dependencies initialized
2025-03-01 17:28:11 [STARTER] info: AuthCommonModule dependencies initialized
2025-03-01 17:28:11 [STARTER] info: JwtModule dependencies initialized
2025-03-01 17:28:11 [STARTER] info: PortfoliosModule dependencies initialized
2025-03-01 17:28:11 [STARTER] info: ProjectsModule dependencies initialized
2025-03-01 17:28:11 [STARTER] info: ContractsModule dependencies initialized
2025-03-01 17:28:11 [STARTER] info: AppModule dependencies initialized
2025-03-01 17:28:11 [STARTER] info: AppController {/}:
2025-03-01 17:28:11 [STARTER] info: Mapped {/auth/profile, GET} route
2025-03-01 17:28:11 [STARTER] info: Mapped {/auth/manual, GET} route
2025-03-01 17:28:11 [STARTER] info: Mapped {/auth/no, GET} route
2025-03-01 17:28:11 [STARTER] info: BatchController {/batches}:
2025-03-01 17:28:11 [STARTER] info: Mapped {/batches/start/:name, POST} route
2025-03-01 17:28:11 [STARTER] info: Mapped {/batches/stop/:name, POST} route
2025-03-01 17:28:11 [STARTER] info: FileController {/file}:
2025-03-01 17:28:11 [STARTER] info: Mapped {/file/upload, POST} route
2025-03-01 17:28:11 [STARTER] info: Mapped {/file/down-xlsx, GET} route
2025-03-01 17:28:11 [STARTER] info: ProductsController {/products}:
2025-03-01 17:28:11 [STARTER] info: Mapped {/products/:id, GET} route
2025-03-01 17:28:11 [STARTER] info: Mapped {/products, GET} route
2025-03-01 17:28:11 [STARTER] info: Mapped {/products, POST} route
2025-03-01 17:28:11 [STARTER] info: Mapped {/products/:id, PUT} route
2025-03-01 17:28:11 [STARTER] info: Mapped {/products/:id, DELETE} route
2025-03-01 17:28:11 [STARTER] info: PostsController {/posts}:
2025-03-01 17:28:11 [STARTER] info: Mapped {/posts, GET} route
2025-03-01 17:28:11 [STARTER] info: Mapped {/posts, POST} route
2025-03-01 17:28:11 [STARTER] info: PortfoliosController {/portfolios}:
2025-03-01 17:28:11 [STARTER] info: Mapped {/portfolios, POST} route
2025-03-01 17:28:11 [STARTER] info: Mapped {/portfolios, GET} route
2025-03-01 17:28:11 [STARTER] info: Mapped {/portfolios, GET} route
2025-03-01 17:28:11 [STARTER] info: Mapped {/portfolios/:id, GET} route
2025-03-01 17:28:11 [STARTER] info: Mapped {/portfolios/:id, PATCH} route
2025-03-01 17:28:11 [STARTER] info: Mapped {/portfolios/:id, DELETE} route
2025-03-01 17:28:11 [STARTER] info: ProjectsController {/projects}:
2025-03-01 17:28:11 [STARTER] info: Mapped {/projects, POST} route
2025-03-01 17:28:11 [STARTER] info: Mapped {/projects, GET} route
2025-03-01 17:28:11 [STARTER] info: Mapped {/projects/:id, GET} route
2025-03-01 17:28:11 [STARTER] info: Mapped {/projects/:id, PATCH} route
2025-03-01 17:28:11 [STARTER] info: Mapped {/projects/:id/close, PATCH} route
2025-03-01 17:28:11 [STARTER] info: Mapped {/projects/:id, DELETE} route
2025-03-01 17:28:11 [STARTER] info: ContractsController {/contracts}:
2025-03-01 17:28:11 [STARTER] info: Mapped {/contracts, POST} route
2025-03-01 17:28:11 [STARTER] info: Nest application successfully started
2025-03-01 20:36:52 [STARTER] info: Starting Nest application...
2025-03-01 20:36:52 [STARTER] info: DatabaseModule dependencies initialized
2025-03-01 20:36:52 [STARTER] info: CommonModule dependencies initialized
2025-03-01 20:36:52 [STARTER] info: PassportModule dependencies initialized
2025-03-01 20:36:52 [STARTER] info: ConfigHostModule dependencies initialized
2025-03-01 20:36:52 [STARTER] info: EnhancerModule dependencies initialized
2025-03-01 20:36:52 [STARTER] info: ProductsModule dependencies initialized
2025-03-01 20:36:52 [STARTER] info: DiscoveryModule dependencies initialized
2025-03-01 20:36:52 [STARTER] info: CacheModule dependencies initialized
2025-03-01 20:36:52 [STARTER] info: ConfigModule dependencies initialized
2025-03-01 20:36:52 [STARTER] info: ConfigModule dependencies initialized
2025-03-01 20:36:52 [STARTER] info: ConfigModule dependencies initialized
2025-03-01 20:36:52 [STARTER] info: PostsModule dependencies initialized
2025-03-01 20:36:52 [STARTER] info: ScheduleModule dependencies initialized
2025-03-01 20:36:52 [STARTER] info: FileModule dependencies initialized
2025-03-01 20:36:52 [STARTER] info: BatchModule dependencies initialized
2025-03-01 20:36:52 [STARTER] info: AuthCommonModule dependencies initialized
2025-03-01 20:36:52 [STARTER] info: JwtModule dependencies initialized
2025-03-01 20:36:52 [STARTER] info: PortfoliosModule dependencies initialized
2025-03-01 20:36:52 [STARTER] info: ProjectsModule dependencies initialized
2025-03-01 20:36:52 [STARTER] info: ContractsModule dependencies initialized
2025-03-01 20:36:52 [STARTER] info: AppModule dependencies initialized
2025-03-01 20:36:52 [STARTER] info: AppController {/}:
2025-03-01 20:36:52 [STARTER] info: Mapped {/auth/profile, GET} route
2025-03-01 20:36:52 [STARTER] info: Mapped {/auth/manual, GET} route
2025-03-01 20:36:52 [STARTER] info: Mapped {/auth/no, GET} route
2025-03-01 20:36:52 [STARTER] info: BatchController {/batches}:
2025-03-01 20:36:52 [STARTER] info: Mapped {/batches/start/:name, POST} route
2025-03-01 20:36:52 [STARTER] info: Mapped {/batches/stop/:name, POST} route
2025-03-01 20:36:52 [STARTER] info: FileController {/file}:
2025-03-01 20:36:52 [STARTER] info: Mapped {/file/upload, POST} route
2025-03-01 20:36:52 [STARTER] info: Mapped {/file/down-xlsx, GET} route
2025-03-01 20:36:52 [STARTER] info: ProductsController {/products}:
2025-03-01 20:36:52 [STARTER] info: Mapped {/products/:id, GET} route
2025-03-01 20:36:52 [STARTER] info: Mapped {/products, GET} route
2025-03-01 20:36:52 [STARTER] info: Mapped {/products, POST} route
2025-03-01 20:36:52 [STARTER] info: Mapped {/products/:id, PUT} route
2025-03-01 20:36:52 [STARTER] info: Mapped {/products/:id, DELETE} route
2025-03-01 20:36:52 [STARTER] info: PostsController {/posts}:
2025-03-01 20:36:52 [STARTER] info: Mapped {/posts, GET} route
2025-03-01 20:36:52 [STARTER] info: Mapped {/posts, POST} route
2025-03-01 20:36:52 [STARTER] info: PortfoliosController {/portfolios}:
2025-03-01 20:36:52 [STARTER] info: Mapped {/portfolios, POST} route
2025-03-01 20:36:52 [STARTER] info: Mapped {/portfolios, GET} route
2025-03-01 20:36:52 [STARTER] info: Mapped {/portfolios, GET} route
2025-03-01 20:36:52 [STARTER] info: Mapped {/portfolios/:id, GET} route
2025-03-01 20:36:52 [STARTER] info: Mapped {/portfolios/:id, PATCH} route
2025-03-01 20:36:52 [STARTER] info: Mapped {/portfolios/:id, DELETE} route
2025-03-01 20:36:52 [STARTER] info: ProjectsController {/projects}:
2025-03-01 20:36:52 [STARTER] info: Mapped {/projects, POST} route
2025-03-01 20:36:52 [STARTER] info: Mapped {/projects, GET} route
2025-03-01 20:36:52 [STARTER] info: Mapped {/projects/:id, GET} route
2025-03-01 20:36:52 [STARTER] info: Mapped {/projects/:id, PATCH} route
2025-03-01 20:36:52 [STARTER] info: Mapped {/projects/:id/close, PATCH} route
2025-03-01 20:36:52 [STARTER] info: Mapped {/projects/:id, DELETE} route
2025-03-01 20:36:52 [STARTER] info: ContractsController {/contracts}:
2025-03-01 20:36:52 [STARTER] info: Mapped {/contracts, POST} route
2025-03-01 20:36:52 [STARTER] info: Nest application successfully started
2025-03-01 21:33:23 [STARTER] info: Starting Nest application...
2025-03-01 21:33:23 [STARTER] info: DatabaseModule dependencies initialized
2025-03-01 21:33:23 [STARTER] info: CommonModule dependencies initialized
2025-03-01 21:33:23 [STARTER] info: PassportModule dependencies initialized
2025-03-01 21:33:23 [STARTER] info: ConfigHostModule dependencies initialized
2025-03-01 21:33:23 [STARTER] info: EnhancerModule dependencies initialized
2025-03-01 21:33:23 [STARTER] info: ProductsModule dependencies initialized
2025-03-01 21:33:23 [STARTER] info: DiscoveryModule dependencies initialized
2025-03-01 21:33:23 [STARTER] info: CacheModule dependencies initialized
2025-03-01 21:33:23 [STARTER] info: ConfigModule dependencies initialized
2025-03-01 21:33:23 [STARTER] info: ConfigModule dependencies initialized
2025-03-01 21:33:23 [STARTER] info: ConfigModule dependencies initialized
2025-03-01 21:33:23 [STARTER] info: PostsModule dependencies initialized
2025-03-01 21:33:23 [STARTER] info: ScheduleModule dependencies initialized
2025-03-01 21:33:23 [STARTER] info: FileModule dependencies initialized
2025-03-01 21:33:23 [STARTER] info: BatchModule dependencies initialized
2025-03-01 21:33:23 [STARTER] info: AuthCommonModule dependencies initialized
2025-03-01 21:33:23 [STARTER] info: JwtModule dependencies initialized
2025-03-01 21:33:23 [STARTER] info: PortfoliosModule dependencies initialized
2025-03-01 21:33:23 [STARTER] info: ProjectsModule dependencies initialized
2025-03-01 21:33:23 [STARTER] info: ContractsModule dependencies initialized
2025-03-01 21:33:23 [STARTER] info: AppModule dependencies initialized
2025-03-01 21:33:23 [STARTER] info: AppController {/}:
2025-03-01 21:33:23 [STARTER] info: Mapped {/auth/profile, GET} route
2025-03-01 21:33:23 [STARTER] info: Mapped {/auth/manual, GET} route
2025-03-01 21:33:23 [STARTER] info: Mapped {/auth/no, GET} route
2025-03-01 21:33:23 [STARTER] info: BatchController {/batches}:
2025-03-01 21:33:23 [STARTER] info: Mapped {/batches/start/:name, POST} route
2025-03-01 21:33:23 [STARTER] info: Mapped {/batches/stop/:name, POST} route
2025-03-01 21:33:23 [STARTER] info: FileController {/file}:
2025-03-01 21:33:23 [STARTER] info: Mapped {/file/upload, POST} route
2025-03-01 21:33:23 [STARTER] info: Mapped {/file/down-xlsx, GET} route
2025-03-01 21:33:23 [STARTER] info: ProductsController {/products}:
2025-03-01 21:33:23 [STARTER] info: Mapped {/products/:id, GET} route
2025-03-01 21:33:23 [STARTER] info: Mapped {/products, GET} route
2025-03-01 21:33:23 [STARTER] info: Mapped {/products, POST} route
2025-03-01 21:33:23 [STARTER] info: Mapped {/products/:id, PUT} route
2025-03-01 21:33:23 [STARTER] info: Mapped {/products/:id, DELETE} route
2025-03-01 21:33:23 [STARTER] info: PostsController {/posts}:
2025-03-01 21:33:23 [STARTER] info: Mapped {/posts, GET} route
2025-03-01 21:33:23 [STARTER] info: Mapped {/posts, POST} route
2025-03-01 21:33:23 [STARTER] info: PortfoliosController {/portfolios}:
2025-03-01 21:33:23 [STARTER] info: Mapped {/portfolios, POST} route
2025-03-01 21:33:23 [STARTER] info: Mapped {/portfolios, GET} route
2025-03-01 21:33:23 [STARTER] info: Mapped {/portfolios, GET} route
2025-03-01 21:33:23 [STARTER] info: Mapped {/portfolios/:id, GET} route
2025-03-01 21:33:23 [STARTER] info: Mapped {/portfolios/:id, PATCH} route
2025-03-01 21:33:23 [STARTER] info: Mapped {/portfolios/:id, DELETE} route
2025-03-01 21:33:23 [STARTER] info: ProjectsController {/projects}:
2025-03-01 21:33:23 [STARTER] info: Mapped {/projects, POST} route
2025-03-01 21:33:23 [STARTER] info: Mapped {/projects, GET} route
2025-03-01 21:33:23 [STARTER] info: Mapped {/projects/:id, GET} route
2025-03-01 21:33:23 [STARTER] info: Mapped {/projects/:id, PATCH} route
2025-03-01 21:33:23 [STARTER] info: Mapped {/projects/:id/close, PATCH} route
2025-03-01 21:33:23 [STARTER] info: Mapped {/projects/:id, DELETE} route
2025-03-01 21:33:23 [STARTER] info: ContractsController {/contracts}:
2025-03-01 21:33:23 [STARTER] info: Mapped {/contracts, POST} route
2025-03-01 21:33:23 [STARTER] info: Nest application successfully started
2025-03-01 21:39:01 [STARTER] info: Starting Nest application...
2025-03-01 21:39:01 [STARTER] info: DatabaseModule dependencies initialized
2025-03-01 21:39:01 [STARTER] info: CommonModule dependencies initialized
2025-03-01 21:39:01 [STARTER] info: PassportModule dependencies initialized
2025-03-01 21:39:01 [STARTER] info: ConfigHostModule dependencies initialized
2025-03-01 21:39:01 [STARTER] info: EnhancerModule dependencies initialized
2025-03-01 21:39:01 [STARTER] info: ProductsModule dependencies initialized
2025-03-01 21:39:01 [STARTER] info: DiscoveryModule dependencies initialized
2025-03-01 21:39:01 [STARTER] info: CacheModule dependencies initialized
2025-03-01 21:39:01 [STARTER] info: ConfigModule dependencies initialized
2025-03-01 21:39:01 [STARTER] info: ConfigModule dependencies initialized
2025-03-01 21:39:01 [STARTER] info: ConfigModule dependencies initialized
2025-03-01 21:39:01 [STARTER] info: PostsModule dependencies initialized
2025-03-01 21:39:01 [STARTER] info: ScheduleModule dependencies initialized
2025-03-01 21:39:01 [STARTER] info: FileModule dependencies initialized
2025-03-01 21:39:01 [STARTER] info: BatchModule dependencies initialized
2025-03-01 21:39:01 [STARTER] info: AuthCommonModule dependencies initialized
2025-03-01 21:39:01 [STARTER] info: JwtModule dependencies initialized
2025-03-01 21:39:01 [STARTER] info: PortfoliosModule dependencies initialized
2025-03-01 21:39:01 [STARTER] info: ProjectsModule dependencies initialized
2025-03-01 21:39:01 [STARTER] info: ContractsModule dependencies initialized
2025-03-01 21:39:01 [STARTER] info: AppModule dependencies initialized
2025-03-01 21:39:01 [STARTER] info: AppController {/}:
2025-03-01 21:39:01 [STARTER] info: Mapped {/auth/profile, GET} route
2025-03-01 21:39:01 [STARTER] info: Mapped {/auth/manual, GET} route
2025-03-01 21:39:01 [STARTER] info: Mapped {/auth/no, GET} route
2025-03-01 21:39:01 [STARTER] info: BatchController {/batches}:
2025-03-01 21:39:01 [STARTER] info: Mapped {/batches/start/:name, POST} route
2025-03-01 21:39:01 [STARTER] info: Mapped {/batches/stop/:name, POST} route
2025-03-01 21:39:01 [STARTER] info: FileController {/file}:
2025-03-01 21:39:01 [STARTER] info: Mapped {/file/upload, POST} route
2025-03-01 21:39:01 [STARTER] info: Mapped {/file/down-xlsx, GET} route
2025-03-01 21:39:01 [STARTER] info: ProductsController {/products}:
2025-03-01 21:39:01 [STARTER] info: Mapped {/products/:id, GET} route
2025-03-01 21:39:01 [STARTER] info: Mapped {/products, GET} route
2025-03-01 21:39:01 [STARTER] info: Mapped {/products, POST} route
2025-03-01 21:39:01 [STARTER] info: Mapped {/products/:id, PUT} route
2025-03-01 21:39:01 [STARTER] info: Mapped {/products/:id, DELETE} route
2025-03-01 21:39:01 [STARTER] info: PostsController {/posts}:
2025-03-01 21:39:01 [STARTER] info: Mapped {/posts, GET} route
2025-03-01 21:39:01 [STARTER] info: Mapped {/posts, POST} route
2025-03-01 21:39:01 [STARTER] info: PortfoliosController {/portfolios}:
2025-03-01 21:39:01 [STARTER] info: Mapped {/portfolios, POST} route
2025-03-01 21:39:01 [STARTER] info: Mapped {/portfolios, GET} route
2025-03-01 21:39:01 [STARTER] info: Mapped {/portfolios, GET} route
2025-03-01 21:39:01 [STARTER] info: Mapped {/portfolios/:id, GET} route
2025-03-01 21:39:01 [STARTER] info: Mapped {/portfolios/:id, PATCH} route
2025-03-01 21:39:01 [STARTER] info: Mapped {/portfolios/:id, DELETE} route
2025-03-01 21:39:01 [STARTER] info: ProjectsController {/projects}:
2025-03-01 21:39:01 [STARTER] info: Mapped {/projects, POST} route
2025-03-01 21:39:01 [STARTER] info: Mapped {/projects, GET} route
2025-03-01 21:39:01 [STARTER] info: Mapped {/projects/:id, GET} route
2025-03-01 21:39:01 [STARTER] info: Mapped {/projects/:id, PATCH} route
2025-03-01 21:39:01 [STARTER] info: Mapped {/projects/:id/close, PATCH} route
2025-03-01 21:39:01 [STARTER] info: Mapped {/projects/:id, DELETE} route
2025-03-01 21:39:01 [STARTER] info: ContractsController {/contracts}:
2025-03-01 21:39:01 [STARTER] info: Mapped {/contracts, POST} route
2025-03-01 21:39:01 [STARTER] info: Nest application successfully started
2025-03-01 22:40:51 [STARTER] info: Starting Nest application...
2025-03-01 22:40:51 [STARTER] info: DatabaseModule dependencies initialized
2025-03-01 22:40:51 [STARTER] info: CommonModule dependencies initialized
2025-03-01 22:40:51 [STARTER] info: PassportModule dependencies initialized
2025-03-01 22:40:51 [STARTER] info: ConfigHostModule dependencies initialized
2025-03-01 22:40:51 [STARTER] info: EnhancerModule dependencies initialized
2025-03-01 22:40:51 [STARTER] info: ProductsModule dependencies initialized
2025-03-01 22:40:51 [STARTER] info: DiscoveryModule dependencies initialized
2025-03-01 22:40:51 [STARTER] info: CacheModule dependencies initialized
2025-03-01 22:40:51 [STARTER] info: ConfigModule dependencies initialized
2025-03-01 22:40:51 [STARTER] info: ConfigModule dependencies initialized
2025-03-01 22:40:51 [STARTER] info: ConfigModule dependencies initialized
2025-03-01 22:40:51 [STARTER] info: PostsModule dependencies initialized
2025-03-01 22:40:51 [STARTER] info: ScheduleModule dependencies initialized
2025-03-01 22:40:51 [STARTER] info: FileModule dependencies initialized
2025-03-01 22:40:51 [STARTER] info: BatchModule dependencies initialized
2025-03-01 22:40:51 [STARTER] info: AuthCommonModule dependencies initialized
2025-03-01 22:40:51 [STARTER] info: JwtModule dependencies initialized
2025-03-01 22:40:51 [STARTER] info: PortfoliosModule dependencies initialized
2025-03-01 22:40:51 [STARTER] info: ProjectsModule dependencies initialized
2025-03-01 22:40:51 [STARTER] info: ContractsModule dependencies initialized
2025-03-01 22:40:51 [STARTER] info: AppModule dependencies initialized
2025-03-01 22:40:51 [STARTER] info: AppController {/}:
2025-03-01 22:40:51 [STARTER] info: Mapped {/auth/profile, GET} route
2025-03-01 22:40:51 [STARTER] info: Mapped {/auth/manual, GET} route
2025-03-01 22:40:51 [STARTER] info: Mapped {/auth/no, GET} route
2025-03-01 22:40:51 [STARTER] info: BatchController {/batches}:
2025-03-01 22:40:51 [STARTER] info: Mapped {/batches/start/:name, POST} route
2025-03-01 22:40:51 [STARTER] info: Mapped {/batches/stop/:name, POST} route
2025-03-01 22:40:51 [STARTER] info: FileController {/file}:
2025-03-01 22:40:51 [STARTER] info: Mapped {/file/upload, POST} route
2025-03-01 22:40:51 [STARTER] info: Mapped {/file/down-xlsx, GET} route
2025-03-01 22:40:51 [STARTER] info: ProductsController {/products}:
2025-03-01 22:40:51 [STARTER] info: Mapped {/products/:id, GET} route
2025-03-01 22:40:51 [STARTER] info: Mapped {/products, GET} route
2025-03-01 22:40:51 [STARTER] info: Mapped {/products, POST} route
2025-03-01 22:40:51 [STARTER] info: Mapped {/products/:id, PUT} route
2025-03-01 22:40:51 [STARTER] info: Mapped {/products/:id, DELETE} route
2025-03-01 22:40:51 [STARTER] info: PostsController {/posts}:
2025-03-01 22:40:51 [STARTER] info: Mapped {/posts, GET} route
2025-03-01 22:40:51 [STARTER] info: Mapped {/posts, POST} route
2025-03-01 22:40:51 [STARTER] info: PortfoliosController {/portfolios}:
2025-03-01 22:40:51 [STARTER] info: Mapped {/portfolios, POST} route
2025-03-01 22:40:51 [STARTER] info: Mapped {/portfolios, GET} route
2025-03-01 22:40:51 [STARTER] info: Mapped {/portfolios, GET} route
2025-03-01 22:40:51 [STARTER] info: Mapped {/portfolios/:id, GET} route
2025-03-01 22:40:51 [STARTER] info: Mapped {/portfolios/:id, PATCH} route
2025-03-01 22:40:51 [STARTER] info: Mapped {/portfolios/:id, DELETE} route
2025-03-01 22:40:51 [STARTER] info: ProjectsController {/projects}:
2025-03-01 22:40:51 [STARTER] info: Mapped {/projects, POST} route
2025-03-01 22:40:51 [STARTER] info: Mapped {/projects, GET} route
2025-03-01 22:40:51 [STARTER] info: Mapped {/projects/:id, GET} route
2025-03-01 22:40:51 [STARTER] info: Mapped {/projects/:id, PATCH} route
2025-03-01 22:40:51 [STARTER] info: Mapped {/projects/:id/close, PATCH} route
2025-03-01 22:40:51 [STARTER] info: Mapped {/projects/:id, DELETE} route
2025-03-01 22:40:51 [STARTER] info: ContractsController {/contracts}:
2025-03-01 22:40:51 [STARTER] info: Mapped {/contracts, POST} route
2025-03-01 22:40:51 [STARTER] info: Nest application successfully started
2025-03-01 22:55:07 [STARTER] info: Starting Nest application...
2025-03-01 22:55:07 [STARTER] info: DatabaseModule dependencies initialized
2025-03-01 22:55:07 [STARTER] info: CommonModule dependencies initialized
2025-03-01 22:55:07 [STARTER] info: PassportModule dependencies initialized
2025-03-01 22:55:07 [STARTER] info: ConfigHostModule dependencies initialized
2025-03-01 22:55:07 [STARTER] info: EnhancerModule dependencies initialized
2025-03-01 22:55:07 [STARTER] info: ProductsModule dependencies initialized
2025-03-01 22:55:07 [STARTER] info: DiscoveryModule dependencies initialized
2025-03-01 22:55:07 [STARTER] info: CacheModule dependencies initialized
2025-03-01 22:55:07 [STARTER] info: ConfigModule dependencies initialized
2025-03-01 22:55:07 [STARTER] info: ConfigModule dependencies initialized
2025-03-01 22:55:07 [STARTER] info: ConfigModule dependencies initialized
2025-03-01 22:55:07 [STARTER] info: PostsModule dependencies initialized
2025-03-01 22:55:07 [STARTER] info: ScheduleModule dependencies initialized
2025-03-01 22:55:07 [STARTER] info: FileModule dependencies initialized
2025-03-01 22:55:07 [STARTER] info: BatchModule dependencies initialized
2025-03-01 22:55:07 [STARTER] info: AuthCommonModule dependencies initialized
2025-03-01 22:55:07 [STARTER] info: JwtModule dependencies initialized
2025-03-01 22:55:07 [STARTER] info: PortfoliosModule dependencies initialized
2025-03-01 22:55:07 [STARTER] info: ProjectsModule dependencies initialized
2025-03-01 22:55:07 [STARTER] info: ContractsModule dependencies initialized
2025-03-01 22:55:07 [STARTER] info: AppModule dependencies initialized
2025-03-01 22:55:07 [STARTER] info: AppController {/}:
2025-03-01 22:55:07 [STARTER] info: Mapped {/auth/profile, GET} route
2025-03-01 22:55:07 [STARTER] info: Mapped {/auth/manual, GET} route
2025-03-01 22:55:07 [STARTER] info: Mapped {/auth/no, GET} route
2025-03-01 22:55:07 [STARTER] info: BatchController {/batches}:
2025-03-01 22:55:07 [STARTER] info: Mapped {/batches/start/:name, POST} route
2025-03-01 22:55:07 [STARTER] info: Mapped {/batches/stop/:name, POST} route
2025-03-01 22:55:07 [STARTER] info: FileController {/file}:
2025-03-01 22:55:07 [STARTER] info: Mapped {/file/upload, POST} route
2025-03-01 22:55:07 [STARTER] info: Mapped {/file/down-xlsx, GET} route
2025-03-01 22:55:07 [STARTER] info: ProductsController {/products}:
2025-03-01 22:55:07 [STARTER] info: Mapped {/products/:id, GET} route
2025-03-01 22:55:07 [STARTER] info: Mapped {/products, GET} route
2025-03-01 22:55:07 [STARTER] info: Mapped {/products, POST} route
2025-03-01 22:55:07 [STARTER] info: Mapped {/products/:id, PUT} route
2025-03-01 22:55:07 [STARTER] info: Mapped {/products/:id, DELETE} route
2025-03-01 22:55:07 [STARTER] info: PostsController {/posts}:
2025-03-01 22:55:07 [STARTER] info: Mapped {/posts, GET} route
2025-03-01 22:55:07 [STARTER] info: Mapped {/posts, POST} route
2025-03-01 22:55:07 [STARTER] info: PortfoliosController {/portfolios}:
2025-03-01 22:55:07 [STARTER] info: Mapped {/portfolios, POST} route
2025-03-01 22:55:07 [STARTER] info: Mapped {/portfolios, GET} route
2025-03-01 22:55:07 [STARTER] info: Mapped {/portfolios, GET} route
2025-03-01 22:55:07 [STARTER] info: Mapped {/portfolios/:id, GET} route
2025-03-01 22:55:07 [STARTER] info: Mapped {/portfolios/:id, PATCH} route
2025-03-01 22:55:07 [STARTER] info: Mapped {/portfolios/:id, DELETE} route
2025-03-01 22:55:07 [STARTER] info: ProjectsController {/projects}:
2025-03-01 22:55:07 [STARTER] info: Mapped {/projects, POST} route
2025-03-01 22:55:07 [STARTER] info: Mapped {/projects, GET} route
2025-03-01 22:55:07 [STARTER] info: Mapped {/projects/:id, GET} route
2025-03-01 22:55:07 [STARTER] info: Mapped {/projects/:id, PATCH} route
2025-03-01 22:55:07 [STARTER] info: Mapped {/projects/:id/close, PATCH} route
2025-03-01 22:55:07 [STARTER] info: Mapped {/projects/:id, DELETE} route
2025-03-01 22:55:07 [STARTER] info: ContractsController {/contracts}:
2025-03-01 22:55:07 [STARTER] info: Mapped {/contracts, POST} route
2025-03-01 22:55:07 [STARTER] info: Nest application successfully started
2025-03-01 23:04:11 [STARTER] info: Starting Nest application...
2025-03-01 23:04:11 [STARTER] info: DatabaseModule dependencies initialized
2025-03-01 23:04:11 [STARTER] info: CommonModule dependencies initialized
2025-03-01 23:04:11 [STARTER] info: PassportModule dependencies initialized
2025-03-01 23:04:11 [STARTER] info: ConfigHostModule dependencies initialized
2025-03-01 23:04:11 [STARTER] info: EnhancerModule dependencies initialized
2025-03-01 23:04:11 [STARTER] info: ProductsModule dependencies initialized
2025-03-01 23:04:11 [STARTER] info: DiscoveryModule dependencies initialized
2025-03-01 23:04:11 [STARTER] info: CacheModule dependencies initialized
2025-03-01 23:04:11 [STARTER] info: ConfigModule dependencies initialized
2025-03-01 23:04:11 [STARTER] info: ConfigModule dependencies initialized
2025-03-01 23:04:11 [STARTER] info: ConfigModule dependencies initialized
2025-03-01 23:04:11 [STARTER] info: PostsModule dependencies initialized
2025-03-01 23:04:11 [STARTER] info: ScheduleModule dependencies initialized
2025-03-01 23:04:11 [STARTER] info: FileModule dependencies initialized
2025-03-01 23:04:11 [STARTER] info: BatchModule dependencies initialized
2025-03-01 23:04:11 [STARTER] info: AuthCommonModule dependencies initialized
2025-03-01 23:04:11 [STARTER] info: JwtModule dependencies initialized
2025-03-01 23:04:11 [STARTER] info: PortfoliosModule dependencies initialized
2025-03-01 23:04:11 [STARTER] info: ProjectsModule dependencies initialized
2025-03-01 23:04:11 [STARTER] info: ContractsModule dependencies initialized
2025-03-01 23:04:11 [STARTER] info: AppModule dependencies initialized
2025-03-01 23:04:11 [STARTER] info: AppController {/}:
2025-03-01 23:04:11 [STARTER] info: Mapped {/auth/profile, GET} route
2025-03-01 23:04:11 [STARTER] info: Mapped {/auth/manual, GET} route
2025-03-01 23:04:11 [STARTER] info: Mapped {/auth/no, GET} route
2025-03-01 23:04:11 [STARTER] info: BatchController {/batches}:
2025-03-01 23:04:11 [STARTER] info: Mapped {/batches/start/:name, POST} route
2025-03-01 23:04:11 [STARTER] info: Mapped {/batches/stop/:name, POST} route
2025-03-01 23:04:11 [STARTER] info: FileController {/file}:
2025-03-01 23:04:11 [STARTER] info: Mapped {/file/upload, POST} route
2025-03-01 23:04:11 [STARTER] info: Mapped {/file/down-xlsx, GET} route
2025-03-01 23:04:11 [STARTER] info: ProductsController {/products}:
2025-03-01 23:04:11 [STARTER] info: Mapped {/products/:id, GET} route
2025-03-01 23:04:11 [STARTER] info: Mapped {/products, GET} route
2025-03-01 23:04:11 [STARTER] info: Mapped {/products, POST} route
2025-03-01 23:04:11 [STARTER] info: Mapped {/products/:id, PUT} route
2025-03-01 23:04:11 [STARTER] info: Mapped {/products/:id, DELETE} route
2025-03-01 23:04:11 [STARTER] info: PostsController {/posts}:
2025-03-01 23:04:11 [STARTER] info: Mapped {/posts, GET} route
2025-03-01 23:04:11 [STARTER] info: Mapped {/posts, POST} route
2025-03-01 23:04:11 [STARTER] info: PortfoliosController {/portfolios}:
2025-03-01 23:04:11 [STARTER] info: Mapped {/portfolios, POST} route
2025-03-01 23:04:11 [STARTER] info: Mapped {/portfolios, GET} route
2025-03-01 23:04:11 [STARTER] info: Mapped {/portfolios, GET} route
2025-03-01 23:04:11 [STARTER] info: Mapped {/portfolios/:id, GET} route
2025-03-01 23:04:11 [STARTER] info: Mapped {/portfolios/:id, PATCH} route
2025-03-01 23:04:11 [STARTER] info: Mapped {/portfolios/:id, DELETE} route
2025-03-01 23:04:11 [STARTER] info: ProjectsController {/projects}:
2025-03-01 23:04:11 [STARTER] info: Mapped {/projects, POST} route
2025-03-01 23:04:11 [STARTER] info: Mapped {/projects, GET} route
2025-03-01 23:04:11 [STARTER] info: Mapped {/projects/:id, GET} route
2025-03-01 23:04:11 [STARTER] info: Mapped {/projects/:id, PATCH} route
2025-03-01 23:04:11 [STARTER] info: Mapped {/projects/:id/close, PATCH} route
2025-03-01 23:04:11 [STARTER] info: Mapped {/projects/:id, DELETE} route
2025-03-01 23:04:11 [STARTER] info: ContractsController {/contracts}:
2025-03-01 23:04:11 [STARTER] info: Mapped {/contracts, POST} route
2025-03-01 23:04:11 [STARTER] info: Nest application successfully started
2025-03-01 23:06:21 [STARTER] info: Starting Nest application...
2025-03-01 23:06:21 [STARTER] info: DatabaseModule dependencies initialized
2025-03-01 23:06:21 [STARTER] info: CommonModule dependencies initialized
2025-03-01 23:06:21 [STARTER] info: PassportModule dependencies initialized
2025-03-01 23:06:21 [STARTER] info: ConfigHostModule dependencies initialized
2025-03-01 23:06:21 [STARTER] info: EnhancerModule dependencies initialized
2025-03-01 23:06:21 [STARTER] info: ProductsModule dependencies initialized
2025-03-01 23:06:21 [STARTER] info: DiscoveryModule dependencies initialized
2025-03-01 23:06:21 [STARTER] info: CacheModule dependencies initialized
2025-03-01 23:06:21 [STARTER] info: ConfigModule dependencies initialized
2025-03-01 23:06:21 [STARTER] info: ConfigModule dependencies initialized
2025-03-01 23:06:21 [STARTER] info: ConfigModule dependencies initialized
2025-03-01 23:06:21 [STARTER] info: PostsModule dependencies initialized
2025-03-01 23:06:21 [STARTER] info: ScheduleModule dependencies initialized
2025-03-01 23:06:21 [STARTER] info: FileModule dependencies initialized
2025-03-01 23:06:21 [STARTER] info: BatchModule dependencies initialized
2025-03-01 23:06:21 [STARTER] info: AuthCommonModule dependencies initialized
2025-03-01 23:06:21 [STARTER] info: JwtModule dependencies initialized
2025-03-01 23:06:21 [STARTER] info: PortfoliosModule dependencies initialized
2025-03-01 23:06:21 [STARTER] info: ProjectsModule dependencies initialized
2025-03-01 23:06:21 [STARTER] info: ContractsModule dependencies initialized
2025-03-01 23:06:21 [STARTER] info: AppModule dependencies initialized
2025-03-01 23:06:21 [STARTER] info: AppController {/}:
2025-03-01 23:06:21 [STARTER] info: Mapped {/auth/profile, GET} route
2025-03-01 23:06:21 [STARTER] info: Mapped {/auth/manual, GET} route
2025-03-01 23:06:21 [STARTER] info: Mapped {/auth/no, GET} route
2025-03-01 23:06:21 [STARTER] info: BatchController {/batches}:
2025-03-01 23:06:21 [STARTER] info: Mapped {/batches/start/:name, POST} route
2025-03-01 23:06:21 [STARTER] info: Mapped {/batches/stop/:name, POST} route
2025-03-01 23:06:21 [STARTER] info: FileController {/file}:
2025-03-01 23:06:21 [STARTER] info: Mapped {/file/upload, POST} route
2025-03-01 23:06:21 [STARTER] info: Mapped {/file/down-xlsx, GET} route
2025-03-01 23:06:21 [STARTER] info: ProductsController {/products}:
2025-03-01 23:06:22 [STARTER] info: Mapped {/products/:id, GET} route
2025-03-01 23:06:22 [STARTER] info: Mapped {/products, GET} route
2025-03-01 23:06:22 [STARTER] info: Mapped {/products, POST} route
2025-03-01 23:06:22 [STARTER] info: Mapped {/products/:id, PUT} route
2025-03-01 23:06:22 [STARTER] info: Mapped {/products/:id, DELETE} route
2025-03-01 23:06:22 [STARTER] info: PostsController {/posts}:
2025-03-01 23:06:22 [STARTER] info: Mapped {/posts, GET} route
2025-03-01 23:06:22 [STARTER] info: Mapped {/posts, POST} route
2025-03-01 23:06:22 [STARTER] info: PortfoliosController {/portfolios}:
2025-03-01 23:06:22 [STARTER] info: Mapped {/portfolios, POST} route
2025-03-01 23:06:22 [STARTER] info: Mapped {/portfolios, GET} route
2025-03-01 23:06:22 [STARTER] info: Mapped {/portfolios, GET} route
2025-03-01 23:06:22 [STARTER] info: Mapped {/portfolios/:id, GET} route
2025-03-01 23:06:22 [STARTER] info: Mapped {/portfolios/:id, PATCH} route
2025-03-01 23:06:22 [STARTER] info: Mapped {/portfolios/:id, DELETE} route
2025-03-01 23:06:22 [STARTER] info: ProjectsController {/projects}:
2025-03-01 23:06:22 [STARTER] info: Mapped {/projects, POST} route
2025-03-01 23:06:22 [STARTER] info: Mapped {/projects, GET} route
2025-03-01 23:06:22 [STARTER] info: Mapped {/projects/:id, GET} route
2025-03-01 23:06:22 [STARTER] info: Mapped {/projects/:id, PATCH} route
2025-03-01 23:06:22 [STARTER] info: Mapped {/projects/:id/close, PATCH} route
2025-03-01 23:06:22 [STARTER] info: Mapped {/projects/:id, DELETE} route
2025-03-01 23:06:22 [STARTER] info: ContractsController {/contracts}:
2025-03-01 23:06:22 [STARTER] info: Mapped {/contracts, POST} route
2025-03-01 23:06:22 [STARTER] info: Nest application successfully started
2025-03-01 23:10:18 [STARTER] info: Starting Nest application...
2025-03-01 23:10:18 [STARTER] info: DatabaseModule dependencies initialized
2025-03-01 23:10:18 [STARTER] info: CommonModule dependencies initialized
2025-03-01 23:10:18 [STARTER] info: PassportModule dependencies initialized
2025-03-01 23:10:18 [STARTER] info: ConfigHostModule dependencies initialized
2025-03-01 23:10:18 [STARTER] info: EnhancerModule dependencies initialized
2025-03-01 23:10:18 [STARTER] info: ProductsModule dependencies initialized
2025-03-01 23:10:18 [STARTER] info: DiscoveryModule dependencies initialized
2025-03-01 23:10:18 [STARTER] info: CacheModule dependencies initialized
2025-03-01 23:10:18 [STARTER] info: ConfigModule dependencies initialized
2025-03-01 23:10:18 [STARTER] info: ConfigModule dependencies initialized
2025-03-01 23:10:18 [STARTER] info: ConfigModule dependencies initialized
2025-03-01 23:10:18 [STARTER] info: PostsModule dependencies initialized
2025-03-01 23:10:18 [STARTER] info: ScheduleModule dependencies initialized
2025-03-01 23:10:18 [STARTER] info: FileModule dependencies initialized
2025-03-01 23:10:18 [STARTER] info: BatchModule dependencies initialized
2025-03-01 23:10:18 [STARTER] info: AuthCommonModule dependencies initialized
2025-03-01 23:10:18 [STARTER] info: JwtModule dependencies initialized
2025-03-01 23:10:18 [STARTER] info: PortfoliosModule dependencies initialized
2025-03-01 23:10:18 [STARTER] info: ProjectsModule dependencies initialized
2025-03-01 23:10:18 [STARTER] info: ContractsModule dependencies initialized
2025-03-01 23:10:18 [STARTER] info: AppModule dependencies initialized
2025-03-01 23:10:18 [STARTER] info: AppController {/}:
2025-03-01 23:10:18 [STARTER] info: Mapped {/auth/profile, GET} route
2025-03-01 23:10:18 [STARTER] info: Mapped {/auth/manual, GET} route
2025-03-01 23:10:18 [STARTER] info: Mapped {/auth/no, GET} route
2025-03-01 23:10:18 [STARTER] info: BatchController {/batches}:
2025-03-01 23:10:18 [STARTER] info: Mapped {/batches/start/:name, POST} route
2025-03-01 23:10:18 [STARTER] info: Mapped {/batches/stop/:name, POST} route
2025-03-01 23:10:18 [STARTER] info: FileController {/file}:
2025-03-01 23:10:18 [STARTER] info: Mapped {/file/upload, POST} route
2025-03-01 23:10:18 [STARTER] info: Mapped {/file/down-xlsx, GET} route
2025-03-01 23:10:18 [STARTER] info: ProductsController {/products}:
2025-03-01 23:10:18 [STARTER] info: Mapped {/products/:id, GET} route
2025-03-01 23:10:18 [STARTER] info: Mapped {/products, GET} route
2025-03-01 23:10:18 [STARTER] info: Mapped {/products, POST} route
2025-03-01 23:10:18 [STARTER] info: Mapped {/products/:id, PUT} route
2025-03-01 23:10:18 [STARTER] info: Mapped {/products/:id, DELETE} route
2025-03-01 23:10:18 [STARTER] info: PostsController {/posts}:
2025-03-01 23:10:18 [STARTER] info: Mapped {/posts, GET} route
2025-03-01 23:10:18 [STARTER] info: Mapped {/posts, POST} route
2025-03-01 23:10:18 [STARTER] info: PortfoliosController {/portfolios}:
2025-03-01 23:10:18 [STARTER] info: Mapped {/portfolios, POST} route
2025-03-01 23:10:18 [STARTER] info: Mapped {/portfolios, GET} route
2025-03-01 23:10:18 [STARTER] info: Mapped {/portfolios, GET} route
2025-03-01 23:10:18 [STARTER] info: Mapped {/portfolios/:id, GET} route
2025-03-01 23:10:18 [STARTER] info: Mapped {/portfolios/:id, PATCH} route
2025-03-01 23:10:18 [STARTER] info: Mapped {/portfolios/:id, DELETE} route
2025-03-01 23:10:18 [STARTER] info: ProjectsController {/projects}:
2025-03-01 23:10:18 [STARTER] info: Mapped {/projects, POST} route
2025-03-01 23:10:18 [STARTER] info: Mapped {/projects, GET} route
2025-03-01 23:10:18 [STARTER] info: Mapped {/projects/:id, GET} route
2025-03-01 23:10:18 [STARTER] info: Mapped {/projects/:id, PATCH} route
2025-03-01 23:10:18 [STARTER] info: Mapped {/projects/:id/close, PATCH} route
2025-03-01 23:10:18 [STARTER] info: Mapped {/projects/:id, DELETE} route
2025-03-01 23:10:18 [STARTER] info: ContractsController {/contracts}:
2025-03-01 23:10:18 [STARTER] info: Mapped {/contracts, POST} route
2025-03-01 23:10:18 [STARTER] info: Nest application successfully started
2025-03-01 23:19:27 [STARTER] info: Starting Nest application...
2025-03-01 23:19:27 [STARTER] info: DatabaseModule dependencies initialized
2025-03-01 23:19:27 [STARTER] info: CommonModule dependencies initialized
2025-03-01 23:19:27 [STARTER] info: PassportModule dependencies initialized
2025-03-01 23:19:27 [STARTER] info: ConfigHostModule dependencies initialized
2025-03-01 23:19:27 [STARTER] info: EnhancerModule dependencies initialized
2025-03-01 23:19:27 [STARTER] info: ProductsModule dependencies initialized
2025-03-01 23:19:27 [STARTER] info: DiscoveryModule dependencies initialized
2025-03-01 23:19:27 [STARTER] info: CacheModule dependencies initialized
2025-03-01 23:19:27 [STARTER] info: ConfigModule dependencies initialized
2025-03-01 23:19:27 [STARTER] info: ConfigModule dependencies initialized
2025-03-01 23:19:27 [STARTER] info: ConfigModule dependencies initialized
2025-03-01 23:19:27 [STARTER] info: PostsModule dependencies initialized
2025-03-01 23:19:27 [STARTER] info: ScheduleModule dependencies initialized
2025-03-01 23:19:27 [STARTER] info: FileModule dependencies initialized
2025-03-01 23:19:27 [STARTER] info: BatchModule dependencies initialized
2025-03-01 23:19:27 [STARTER] info: AuthCommonModule dependencies initialized
2025-03-01 23:19:27 [STARTER] info: JwtModule dependencies initialized
2025-03-01 23:19:27 [STARTER] info: PortfoliosModule dependencies initialized
2025-03-01 23:19:27 [STARTER] info: ProjectsModule dependencies initialized
2025-03-01 23:19:27 [STARTER] info: ContractsModule dependencies initialized
2025-03-01 23:19:27 [STARTER] info: AppModule dependencies initialized
2025-03-01 23:19:27 [STARTER] info: AppController {/}:
2025-03-01 23:19:27 [STARTER] info: Mapped {/auth/profile, GET} route
2025-03-01 23:19:27 [STARTER] info: Mapped {/auth/manual, GET} route
2025-03-01 23:19:27 [STARTER] info: Mapped {/auth/no, GET} route
2025-03-01 23:19:27 [STARTER] info: BatchController {/batches}:
2025-03-01 23:19:27 [STARTER] info: Mapped {/batches/start/:name, POST} route
2025-03-01 23:19:27 [STARTER] info: Mapped {/batches/stop/:name, POST} route
2025-03-01 23:19:27 [STARTER] info: FileController {/file}:
2025-03-01 23:19:27 [STARTER] info: Mapped {/file/upload, POST} route
2025-03-01 23:19:27 [STARTER] info: Mapped {/file/down-xlsx, GET} route
2025-03-01 23:19:27 [STARTER] info: ProductsController {/products}:
2025-03-01 23:19:27 [STARTER] info: Mapped {/products/:id, GET} route
2025-03-01 23:19:27 [STARTER] info: Mapped {/products, GET} route
2025-03-01 23:19:27 [STARTER] info: Mapped {/products, POST} route
2025-03-01 23:19:27 [STARTER] info: Mapped {/products/:id, PUT} route
2025-03-01 23:19:27 [STARTER] info: Mapped {/products/:id, DELETE} route
2025-03-01 23:19:27 [STARTER] info: PostsController {/posts}:
2025-03-01 23:19:27 [STARTER] info: Mapped {/posts, GET} route
2025-03-01 23:19:27 [STARTER] info: Mapped {/posts, POST} route
2025-03-01 23:19:27 [STARTER] info: PortfoliosController {/portfolios}:
2025-03-01 23:19:27 [STARTER] info: Mapped {/portfolios, POST} route
2025-03-01 23:19:27 [STARTER] info: Mapped {/portfolios, GET} route
2025-03-01 23:19:27 [STARTER] info: Mapped {/portfolios, GET} route
2025-03-01 23:19:27 [STARTER] info: Mapped {/portfolios/:id, GET} route
2025-03-01 23:19:27 [STARTER] info: Mapped {/portfolios/:id, PATCH} route
2025-03-01 23:19:27 [STARTER] info: Mapped {/portfolios/:id, DELETE} route
2025-03-01 23:19:27 [STARTER] info: ProjectsController {/projects}:
2025-03-01 23:19:27 [STARTER] info: Mapped {/projects, POST} route
2025-03-01 23:19:27 [STARTER] info: Mapped {/projects, GET} route
2025-03-01 23:19:27 [STARTER] info: Mapped {/projects/:id, GET} route
2025-03-01 23:19:27 [STARTER] info: Mapped {/projects/:id, PATCH} route
2025-03-01 23:19:27 [STARTER] info: Mapped {/projects/:id/close, PATCH} route
2025-03-01 23:19:27 [STARTER] info: Mapped {/projects/:id, DELETE} route
2025-03-01 23:19:27 [STARTER] info: ContractsController {/contracts}:
2025-03-01 23:19:27 [STARTER] info: Mapped {/contracts, POST} route
2025-03-01 23:19:27 [STARTER] info: Nest application successfully started
