2025-03-05 20:03:40 [STARTER] info: Starting Nest application...
2025-03-05 20:03:41 [STARTER] info: RedisModule dependencies initialized
2025-03-05 20:03:41 [STARTER] info: RedisCoreModule dependencies initialized
2025-03-05 20:03:41 [STARTER] info: PassportModule dependencies initialized
2025-03-05 20:03:41 [STARTER] info: DatabaseModule dependencies initialized
2025-03-05 20:03:41 [STARTER] info: CommonModule dependencies initialized
2025-03-05 20:03:41 [STARTER] info: LoggerModule dependencies initialized
2025-03-05 20:03:41 [STARTER] info: ConfigHostModule dependencies initialized
2025-03-05 20:03:41 [STARTER] info: EnhancerModule dependencies initialized
2025-03-05 20:03:41 [STARTER] info: DiscoveryModule dependencies initialized
2025-03-05 20:03:41 [STARTER] info: CacheModule dependencies initialized
2025-03-05 20:03:41 [STARTER] info: ConfigModule dependencies initialized
2025-03-05 20:03:41 [STARTER] info: ConfigModule dependencies initialized
2025-03-05 20:03:41 [STARTER] info: ScheduleModule dependencies initialized
2025-03-05 20:03:41 [STARTER] info: FileModule dependencies initialized
2025-03-05 20:03:41 [STARTER] info: BatchModule dependencies initialized
2025-03-05 20:03:41 [STARTER] info: AuthCommonModule dependencies initialized
2025-03-05 20:03:41 [STARTER] info: JwtModule dependencies initialized
2025-03-05 20:03:41 [STARTER] info: JwtModule dependencies initialized
2025-03-05 20:03:41 [STARTER] info: UsersModule dependencies initialized
2025-03-05 20:03:41 [STARTER] info: AuthModule dependencies initialized
2025-03-05 20:03:41 [STARTER] info: AuthController {/auth}:
2025-03-05 20:03:41 [STARTER] info: Mapped {/auth/google, GET} route
2025-03-05 20:03:41 [STARTER] info: Mapped {/auth/github, GET} route
2025-03-05 20:03:41 [STARTER] info: Mapped {/auth/google/callback, GET} route
2025-03-05 20:03:41 [STARTER] info: Mapped {/auth/github/callback, GET} route
2025-03-05 20:03:41 [STARTER] info: Mapped {/auth/register, POST} route
2025-03-05 20:03:41 [STARTER] info: Mapped {/auth/login, POST} route
2025-03-05 20:03:41 [STARTER] info: Mapped {/auth/logout, POST} route
2025-03-05 20:03:41 [STARTER] info: Mapped {/auth/refresh, POST} route
2025-03-05 20:03:41 [STARTER] info: Mapped {/auth/profile, GET} route
2025-03-05 20:03:41 [STARTER] info: Mapped {/auth/health, GET} route
2025-03-05 20:03:41 [STARTER] info: UsersController {/users}:
2025-03-05 20:03:41 [STARTER] info: Mapped {/users, POST} route
2025-03-05 20:03:41 [STARTER] info: Mapped {/users/:id, GET} route
2025-03-05 20:03:41 [STARTER] info: Mapped {/users, GET} route
2025-03-05 20:03:41 [STARTER] info: Mapped {/users/:id, PATCH} route
2025-03-05 20:03:41 [STARTER] info: Mapped {/users/:id, DELETE} route
2025-03-05 20:03:41 [STARTER] info: BatchController {/batches}:
2025-03-05 20:03:41 [STARTER] info: Mapped {/batches/start/:name, POST} route
2025-03-05 20:03:41 [STARTER] info: Mapped {/batches/stop/:name, POST} route
2025-03-05 20:03:41 [STARTER] info: FileController {/file}:
2025-03-05 20:03:41 [STARTER] info: Mapped {/file/upload, POST} route
2025-03-05 20:03:41 [STARTER] info: Mapped {/file/down-xlsx, GET} route
2025-03-05 20:03:41 [STARTER] info: Nest application successfully started
2025-03-05 20:12:55 [STARTER] info: 📌 Request to POST /auth/login 
📤 Request Body: 
{
  "email": "wishty7@gmail.com",
  "password": "*****"
}
2025-03-05 20:12:55 [STARTER] error: ❌ Error in POST /auth/login 
🚨 Error: 
{
  "response": {
    "message": "Invalid email or password",
    "error": "Unauthorized",
    "statusCode": 401
  },
  "status": 401,
  "options": {},
  "message": "Invalid email or password",
  "name": "UnauthorizedException"
}
2025-03-05 20:12:55 [STARTER] error: HTTP 401 Error: {"message":"Invalid email or password","error":"Unauthorized","statusCode":401}
2025-03-05 20:12:59 [STARTER] info: 📌 Request to GET /auth/google/callback?code=4%2F0AQSTgQGwzg5XAoGEIjVI2HLrfRZILhpYHADg5Nw8kanbL7qBhwu5ZqJIwbuUriwiQfA8pQ&scope=email+profile+https%3A%2F%2Fwww.googleapis.com%2Fauth%2Fuserinfo.profile+https%3A%2F%2Fwww.googleapis.com%2Fauth%2Fuserinfo.email+openid&authuser=0&prompt=none 
📤 Request Body: 
{}
2025-03-05 20:12:59 [STARTER] info: ✅ Response from GET /auth/google/callback?code=4%2F0AQSTgQGwzg5XAoGEIjVI2HLrfRZILhpYHADg5Nw8kanbL7qBhwu5ZqJIwbuUriwiQfA8pQ&scope=email+profile+https%3A%2F%2Fwww.googleapis.com%2Fauth%2Fuserinfo.profile+https%3A%2F%2Fwww.googleapis.com%2Fauth%2Fuserinfo.email+openid&authuser=0&prompt=none 
📥 Response Data: 
{}
2025-03-05 20:13:58 [STARTER] info: 📌 Request to PATCH /users/a9329ed3-5523-4a0f-a775-f2fc9eb35f19 
📤 Request Body: 
{
  "name": "gggggg"
}
2025-03-05 20:13:58 [STARTER] info: ✅ Response from PATCH /users/a9329ed3-5523-4a0f-a775-f2fc9eb35f19 
📥 Response Data: 
{
  "data": {
    "id": "a9329ed3-5523-4a0f-a775-f2fc9eb35f19",
    "provider": "google",
    "provider_id": "102162766747951874014",
    "email": "flexyzwork@gmail.com",
    "password": "*****",
    "role": "student",
    "name": "gggggg",
    "picture": "https://lh3.googleusercontent.com/a/ACg8ocIrBta6QgIhlrOeq2zmgarlje52JQ1epiAwwJVqwS54O_1jig=s96-c",
    "created_at": {}
  }
}
2025-03-05 20:15:16 [STARTER] info: 📌 Request to GET /auth/google/callback?code=4%2F0AQSTgQEjjmq-3CKXeLGWRDUA-OBrdLGGTMWWXtR94kINjxvZPYvI4btm5rYexHkGBfqRKg&scope=email+profile+openid+https%3A%2F%2Fwww.googleapis.com%2Fauth%2Fuserinfo.email+https%3A%2F%2Fwww.googleapis.com%2Fauth%2Fuserinfo.profile&authuser=0&prompt=none 
📤 Request Body: 
{}
2025-03-05 20:15:16 [STARTER] info: ✅ Response from GET /auth/google/callback?code=4%2F0AQSTgQEjjmq-3CKXeLGWRDUA-OBrdLGGTMWWXtR94kINjxvZPYvI4btm5rYexHkGBfqRKg&scope=email+profile+openid+https%3A%2F%2Fwww.googleapis.com%2Fauth%2Fuserinfo.email+https%3A%2F%2Fwww.googleapis.com%2Fauth%2Fuserinfo.profile&authuser=0&prompt=none 
📥 Response Data: 
{}
2025-03-05 20:15:16 [STARTER] info: 📌 Request to POST /auth/refresh 
📤 Request Body: 
{}
2025-03-05 20:15:16 [STARTER] info: ✅ Response from POST /auth/refresh 
📥 Response Data: 
{
  "data": {
    "token": "*****",
    "user": {
      "id": "a9329ed3-5523-4a0f-a775-f2fc9eb35f19",
      "provider": "google",
      "provider_id": "102162766747951874014",
      "email": "flexyzwork@gmail.com",
      "password": "*****",
      "role": "student",
      "name": "gggggg",
      "picture": "https://lh3.googleusercontent.com/a/ACg8ocIrBta6QgIhlrOeq2zmgarlje52JQ1epiAwwJVqwS54O_1jig=s96-c",
      "created_at": {}
    }
  }
}
