2025-02-28 14:00:51 [STARTER] error: uncaughtException: Cannot find module '/Users/codelab/github_repos/flexyz/node_modules/.pnpm/bcrypt@5.1.1_encoding@0.1.13/node_modules/bcrypt/lib/binding/napi-v3/bcrypt_lib.node'
Require stack:
- /Users/codelab/github_repos/flexyz/node_modules/.pnpm/bcrypt@5.1.1_encoding@0.1.13/node_modules/bcrypt/bcrypt.js
Error: Cannot find module '/Users/codelab/github_repos/flexyz/node_modules/.pnpm/bcrypt@5.1.1_encoding@0.1.13/node_modules/bcrypt/lib/binding/napi-v3/bcrypt_lib.node'
Require stack:
- /Users/codelab/github_repos/flexyz/node_modules/.pnpm/bcrypt@5.1.1_encoding@0.1.13/node_modules/bcrypt/bcrypt.js
    at Function._resolveFilename (node:internal/modules/cjs/loader:1225:15)
    at Function._load (node:internal/modules/cjs/loader:1055:27)
    at TracingChannel.traceSync (node:diagnostics_channel:322:14)
    at wrapModuleLoad (node:internal/modules/cjs/loader:220:24)
    at Module.require (node:internal/modules/cjs/loader:1311:12)
    at require (node:internal/modules/helpers:136:16)
    at Object.<anonymous> (/Users/codelab/github_repos/flexyz/node_modules/.pnpm/bcrypt@5.1.1_encoding@0.1.13/node_modules/bcrypt/bcrypt.js:6:16)
    at Module._compile (node:internal/modules/cjs/loader:1554:14)
    at Object..js (node:internal/modules/cjs/loader:1706:10)
    at Module.load (node:internal/modules/cjs/loader:1289:32)
2025-02-28 14:00:51 [STARTER] error: uncaughtException: Cannot find module '/Users/codelab/github_repos/flexyz/node_modules/.pnpm/bcrypt@5.1.1_encoding@0.1.13/node_modules/bcrypt/lib/binding/napi-v3/bcrypt_lib.node'
Require stack:
- /Users/codelab/github_repos/flexyz/node_modules/.pnpm/bcrypt@5.1.1_encoding@0.1.13/node_modules/bcrypt/bcrypt.js
Error: Cannot find module '/Users/codelab/github_repos/flexyz/node_modules/.pnpm/bcrypt@5.1.1_encoding@0.1.13/node_modules/bcrypt/lib/binding/napi-v3/bcrypt_lib.node'
Require stack:
- /Users/codelab/github_repos/flexyz/node_modules/.pnpm/bcrypt@5.1.1_encoding@0.1.13/node_modules/bcrypt/bcrypt.js
    at Function._resolveFilename (node:internal/modules/cjs/loader:1225:15)
    at Function._load (node:internal/modules/cjs/loader:1055:27)
    at TracingChannel.traceSync (node:diagnostics_channel:322:14)
    at wrapModuleLoad (node:internal/modules/cjs/loader:220:24)
    at Module.require (node:internal/modules/cjs/loader:1311:12)
    at require (node:internal/modules/helpers:136:16)
    at Object.<anonymous> (/Users/codelab/github_repos/flexyz/node_modules/.pnpm/bcrypt@5.1.1_encoding@0.1.13/node_modules/bcrypt/bcrypt.js:6:16)
    at Module._compile (node:internal/modules/cjs/loader:1554:14)
    at Object..js (node:internal/modules/cjs/loader:1706:10)
    at Module.load (node:internal/modules/cjs/loader:1289:32)
2025-02-28 14:01:24 [STARTER] error: uncaughtException: Cannot find module '/Users/codelab/github_repos/flexyz/node_modules/.pnpm/bcrypt@5.1.1_encoding@0.1.13/node_modules/bcrypt/lib/binding/napi-v3/bcrypt_lib.node'
Require stack:
- /Users/codelab/github_repos/flexyz/node_modules/.pnpm/bcrypt@5.1.1_encoding@0.1.13/node_modules/bcrypt/bcrypt.js
Error: Cannot find module '/Users/codelab/github_repos/flexyz/node_modules/.pnpm/bcrypt@5.1.1_encoding@0.1.13/node_modules/bcrypt/lib/binding/napi-v3/bcrypt_lib.node'
Require stack:
- /Users/codelab/github_repos/flexyz/node_modules/.pnpm/bcrypt@5.1.1_encoding@0.1.13/node_modules/bcrypt/bcrypt.js
    at Function._resolveFilename (node:internal/modules/cjs/loader:1225:15)
    at Function._load (node:internal/modules/cjs/loader:1055:27)
    at TracingChannel.traceSync (node:diagnostics_channel:322:14)
    at wrapModuleLoad (node:internal/modules/cjs/loader:220:24)
    at Module.require (node:internal/modules/cjs/loader:1311:12)
    at require (node:internal/modules/helpers:136:16)
    at Object.<anonymous> (/Users/codelab/github_repos/flexyz/node_modules/.pnpm/bcrypt@5.1.1_encoding@0.1.13/node_modules/bcrypt/bcrypt.js:6:16)
    at Module._compile (node:internal/modules/cjs/loader:1554:14)
    at Object..js (node:internal/modules/cjs/loader:1706:10)
    at Module.load (node:internal/modules/cjs/loader:1289:32)
2025-02-28 14:01:24 [STARTER] error: uncaughtException: Cannot find module '/Users/codelab/github_repos/flexyz/node_modules/.pnpm/bcrypt@5.1.1_encoding@0.1.13/node_modules/bcrypt/lib/binding/napi-v3/bcrypt_lib.node'
Require stack:
- /Users/codelab/github_repos/flexyz/node_modules/.pnpm/bcrypt@5.1.1_encoding@0.1.13/node_modules/bcrypt/bcrypt.js
Error: Cannot find module '/Users/codelab/github_repos/flexyz/node_modules/.pnpm/bcrypt@5.1.1_encoding@0.1.13/node_modules/bcrypt/lib/binding/napi-v3/bcrypt_lib.node'
Require stack:
- /Users/codelab/github_repos/flexyz/node_modules/.pnpm/bcrypt@5.1.1_encoding@0.1.13/node_modules/bcrypt/bcrypt.js
    at Function._resolveFilename (node:internal/modules/cjs/loader:1225:15)
    at Function._load (node:internal/modules/cjs/loader:1055:27)
    at TracingChannel.traceSync (node:diagnostics_channel:322:14)
    at wrapModuleLoad (node:internal/modules/cjs/loader:220:24)
    at Module.require (node:internal/modules/cjs/loader:1311:12)
    at require (node:internal/modules/helpers:136:16)
    at Object.<anonymous> (/Users/codelab/github_repos/flexyz/node_modules/.pnpm/bcrypt@5.1.1_encoding@0.1.13/node_modules/bcrypt/bcrypt.js:6:16)
    at Module._compile (node:internal/modules/cjs/loader:1554:14)
    at Object..js (node:internal/modules/cjs/loader:1706:10)
    at Module.load (node:internal/modules/cjs/loader:1289:32)
2025-02-28 14:02:46 [STARTER] error: uncaughtException: Cannot find module '/Users/codelab/github_repos/flexyz/node_modules/.pnpm/bcrypt@5.1.1_encoding@0.1.13/node_modules/bcrypt/lib/binding/napi-v3/bcrypt_lib.node'
Require stack:
- /Users/codelab/github_repos/flexyz/node_modules/.pnpm/bcrypt@5.1.1_encoding@0.1.13/node_modules/bcrypt/bcrypt.js
Error: Cannot find module '/Users/codelab/github_repos/flexyz/node_modules/.pnpm/bcrypt@5.1.1_encoding@0.1.13/node_modules/bcrypt/lib/binding/napi-v3/bcrypt_lib.node'
Require stack:
- /Users/codelab/github_repos/flexyz/node_modules/.pnpm/bcrypt@5.1.1_encoding@0.1.13/node_modules/bcrypt/bcrypt.js
    at Function._resolveFilename (node:internal/modules/cjs/loader:1225:15)
    at Function._load (node:internal/modules/cjs/loader:1055:27)
    at TracingChannel.traceSync (node:diagnostics_channel:322:14)
    at wrapModuleLoad (node:internal/modules/cjs/loader:220:24)
    at Module.require (node:internal/modules/cjs/loader:1311:12)
    at require (node:internal/modules/helpers:136:16)
    at Object.<anonymous> (/Users/codelab/github_repos/flexyz/node_modules/.pnpm/bcrypt@5.1.1_encoding@0.1.13/node_modules/bcrypt/bcrypt.js:6:16)
    at Module._compile (node:internal/modules/cjs/loader:1554:14)
    at Object..js (node:internal/modules/cjs/loader:1706:10)
    at Module.load (node:internal/modules/cjs/loader:1289:32)
2025-02-28 14:02:53 [STARTER] error: uncaughtException: Cannot find module '/Users/codelab/github_repos/flexyz/node_modules/.pnpm/bcrypt@5.1.1_encoding@0.1.13/node_modules/bcrypt/lib/binding/napi-v3/bcrypt_lib.node'
Require stack:
- /Users/codelab/github_repos/flexyz/node_modules/.pnpm/bcrypt@5.1.1_encoding@0.1.13/node_modules/bcrypt/bcrypt.js
Error: Cannot find module '/Users/codelab/github_repos/flexyz/node_modules/.pnpm/bcrypt@5.1.1_encoding@0.1.13/node_modules/bcrypt/lib/binding/napi-v3/bcrypt_lib.node'
Require stack:
- /Users/codelab/github_repos/flexyz/node_modules/.pnpm/bcrypt@5.1.1_encoding@0.1.13/node_modules/bcrypt/bcrypt.js
    at Function._resolveFilename (node:internal/modules/cjs/loader:1225:15)
    at Function._load (node:internal/modules/cjs/loader:1055:27)
    at TracingChannel.traceSync (node:diagnostics_channel:322:14)
    at wrapModuleLoad (node:internal/modules/cjs/loader:220:24)
    at Module.require (node:internal/modules/cjs/loader:1311:12)
    at require (node:internal/modules/helpers:136:16)
    at Object.<anonymous> (/Users/codelab/github_repos/flexyz/node_modules/.pnpm/bcrypt@5.1.1_encoding@0.1.13/node_modules/bcrypt/bcrypt.js:6:16)
    at Module._compile (node:internal/modules/cjs/loader:1554:14)
    at Object..js (node:internal/modules/cjs/loader:1706:10)
    at Module.load (node:internal/modules/cjs/loader:1289:32)
2025-02-28 14:02:58 [STARTER] error: uncaughtException: Cannot find module '/Users/codelab/github_repos/flexyz/node_modules/.pnpm/bcrypt@5.1.1_encoding@0.1.13/node_modules/bcrypt/lib/binding/napi-v3/bcrypt_lib.node'
Require stack:
- /Users/codelab/github_repos/flexyz/node_modules/.pnpm/bcrypt@5.1.1_encoding@0.1.13/node_modules/bcrypt/bcrypt.js
Error: Cannot find module '/Users/codelab/github_repos/flexyz/node_modules/.pnpm/bcrypt@5.1.1_encoding@0.1.13/node_modules/bcrypt/lib/binding/napi-v3/bcrypt_lib.node'
Require stack:
- /Users/codelab/github_repos/flexyz/node_modules/.pnpm/bcrypt@5.1.1_encoding@0.1.13/node_modules/bcrypt/bcrypt.js
    at Function._resolveFilename (node:internal/modules/cjs/loader:1225:15)
    at Function._load (node:internal/modules/cjs/loader:1055:27)
    at TracingChannel.traceSync (node:diagnostics_channel:322:14)
    at wrapModuleLoad (node:internal/modules/cjs/loader:220:24)
    at Module.require (node:internal/modules/cjs/loader:1311:12)
    at require (node:internal/modules/helpers:136:16)
    at Object.<anonymous> (/Users/codelab/github_repos/flexyz/node_modules/.pnpm/bcrypt@5.1.1_encoding@0.1.13/node_modules/bcrypt/bcrypt.js:6:16)
    at Module._compile (node:internal/modules/cjs/loader:1554:14)
    at Object..js (node:internal/modules/cjs/loader:1706:10)
    at Module.load (node:internal/modules/cjs/loader:1289:32)
2025-02-28 14:03:08 [STARTER] error: uncaughtException: Cannot find module '/Users/codelab/github_repos/flexyz/node_modules/.pnpm/bcrypt@5.1.1_encoding@0.1.13/node_modules/bcrypt/lib/binding/napi-v3/bcrypt_lib.node'
Require stack:
- /Users/codelab/github_repos/flexyz/node_modules/.pnpm/bcrypt@5.1.1_encoding@0.1.13/node_modules/bcrypt/bcrypt.js
Error: Cannot find module '/Users/codelab/github_repos/flexyz/node_modules/.pnpm/bcrypt@5.1.1_encoding@0.1.13/node_modules/bcrypt/lib/binding/napi-v3/bcrypt_lib.node'
Require stack:
- /Users/codelab/github_repos/flexyz/node_modules/.pnpm/bcrypt@5.1.1_encoding@0.1.13/node_modules/bcrypt/bcrypt.js
    at Function._resolveFilename (node:internal/modules/cjs/loader:1225:15)
    at Function._load (node:internal/modules/cjs/loader:1055:27)
    at TracingChannel.traceSync (node:diagnostics_channel:322:14)
    at wrapModuleLoad (node:internal/modules/cjs/loader:220:24)
    at Module.require (node:internal/modules/cjs/loader:1311:12)
    at require (node:internal/modules/helpers:136:16)
    at Object.<anonymous> (/Users/codelab/github_repos/flexyz/node_modules/.pnpm/bcrypt@5.1.1_encoding@0.1.13/node_modules/bcrypt/bcrypt.js:6:16)
    at Module._compile (node:internal/modules/cjs/loader:1554:14)
    at Object..js (node:internal/modules/cjs/loader:1706:10)
    at Module.load (node:internal/modules/cjs/loader:1289:32)
2025-02-28 14:03:09 [STARTER] error: uncaughtException: Cannot find module '/Users/codelab/github_repos/flexyz/node_modules/.pnpm/bcrypt@5.1.1_encoding@0.1.13/node_modules/bcrypt/lib/binding/napi-v3/bcrypt_lib.node'
Require stack:
- /Users/codelab/github_repos/flexyz/node_modules/.pnpm/bcrypt@5.1.1_encoding@0.1.13/node_modules/bcrypt/bcrypt.js
Error: Cannot find module '/Users/codelab/github_repos/flexyz/node_modules/.pnpm/bcrypt@5.1.1_encoding@0.1.13/node_modules/bcrypt/lib/binding/napi-v3/bcrypt_lib.node'
Require stack:
- /Users/codelab/github_repos/flexyz/node_modules/.pnpm/bcrypt@5.1.1_encoding@0.1.13/node_modules/bcrypt/bcrypt.js
    at Function._resolveFilename (node:internal/modules/cjs/loader:1225:15)
    at Function._load (node:internal/modules/cjs/loader:1055:27)
    at TracingChannel.traceSync (node:diagnostics_channel:322:14)
    at wrapModuleLoad (node:internal/modules/cjs/loader:220:24)
    at Module.require (node:internal/modules/cjs/loader:1311:12)
    at require (node:internal/modules/helpers:136:16)
    at Object.<anonymous> (/Users/codelab/github_repos/flexyz/node_modules/.pnpm/bcrypt@5.1.1_encoding@0.1.13/node_modules/bcrypt/bcrypt.js:6:16)
    at Module._compile (node:internal/modules/cjs/loader:1554:14)
    at Object..js (node:internal/modules/cjs/loader:1706:10)
    at Module.load (node:internal/modules/cjs/loader:1289:32)
2025-02-28 14:03:11 [STARTER] error: uncaughtException: Cannot find module '/Users/codelab/github_repos/flexyz/node_modules/.pnpm/bcrypt@5.1.1_encoding@0.1.13/node_modules/bcrypt/lib/binding/napi-v3/bcrypt_lib.node'
Require stack:
- /Users/codelab/github_repos/flexyz/node_modules/.pnpm/bcrypt@5.1.1_encoding@0.1.13/node_modules/bcrypt/bcrypt.js
Error: Cannot find module '/Users/codelab/github_repos/flexyz/node_modules/.pnpm/bcrypt@5.1.1_encoding@0.1.13/node_modules/bcrypt/lib/binding/napi-v3/bcrypt_lib.node'
Require stack:
- /Users/codelab/github_repos/flexyz/node_modules/.pnpm/bcrypt@5.1.1_encoding@0.1.13/node_modules/bcrypt/bcrypt.js
    at Function._resolveFilename (node:internal/modules/cjs/loader:1225:15)
    at Function._load (node:internal/modules/cjs/loader:1055:27)
    at TracingChannel.traceSync (node:diagnostics_channel:322:14)
    at wrapModuleLoad (node:internal/modules/cjs/loader:220:24)
    at Module.require (node:internal/modules/cjs/loader:1311:12)
    at require (node:internal/modules/helpers:136:16)
    at Object.<anonymous> (/Users/codelab/github_repos/flexyz/node_modules/.pnpm/bcrypt@5.1.1_encoding@0.1.13/node_modules/bcrypt/bcrypt.js:6:16)
    at Module._compile (node:internal/modules/cjs/loader:1554:14)
    at Object..js (node:internal/modules/cjs/loader:1706:10)
    at Module.load (node:internal/modules/cjs/loader:1289:32)
2025-02-28 14:03:18 [STARTER] error: uncaughtException: Cannot find module '/Users/codelab/github_repos/flexyz/node_modules/.pnpm/bcrypt@5.1.1_encoding@0.1.13/node_modules/bcrypt/lib/binding/napi-v3/bcrypt_lib.node'
Require stack:
- /Users/codelab/github_repos/flexyz/node_modules/.pnpm/bcrypt@5.1.1_encoding@0.1.13/node_modules/bcrypt/bcrypt.js
Error: Cannot find module '/Users/codelab/github_repos/flexyz/node_modules/.pnpm/bcrypt@5.1.1_encoding@0.1.13/node_modules/bcrypt/lib/binding/napi-v3/bcrypt_lib.node'
Require stack:
- /Users/codelab/github_repos/flexyz/node_modules/.pnpm/bcrypt@5.1.1_encoding@0.1.13/node_modules/bcrypt/bcrypt.js
    at Function._resolveFilename (node:internal/modules/cjs/loader:1225:15)
    at Function._load (node:internal/modules/cjs/loader:1055:27)
    at TracingChannel.traceSync (node:diagnostics_channel:322:14)
    at wrapModuleLoad (node:internal/modules/cjs/loader:220:24)
    at Module.require (node:internal/modules/cjs/loader:1311:12)
    at require (node:internal/modules/helpers:136:16)
    at Object.<anonymous> (/Users/codelab/github_repos/flexyz/node_modules/.pnpm/bcrypt@5.1.1_encoding@0.1.13/node_modules/bcrypt/bcrypt.js:6:16)
    at Module._compile (node:internal/modules/cjs/loader:1554:14)
    at Object..js (node:internal/modules/cjs/loader:1706:10)
    at Module.load (node:internal/modules/cjs/loader:1289:32)
2025-02-28 14:03:26 [STARTER] error: uncaughtException: Cannot find module '/Users/codelab/github_repos/flexyz/node_modules/.pnpm/bcrypt@5.1.1_encoding@0.1.13/node_modules/bcrypt/lib/binding/napi-v3/bcrypt_lib.node'
Require stack:
- /Users/codelab/github_repos/flexyz/node_modules/.pnpm/bcrypt@5.1.1_encoding@0.1.13/node_modules/bcrypt/bcrypt.js
Error: Cannot find module '/Users/codelab/github_repos/flexyz/node_modules/.pnpm/bcrypt@5.1.1_encoding@0.1.13/node_modules/bcrypt/lib/binding/napi-v3/bcrypt_lib.node'
Require stack:
- /Users/codelab/github_repos/flexyz/node_modules/.pnpm/bcrypt@5.1.1_encoding@0.1.13/node_modules/bcrypt/bcrypt.js
    at Function._resolveFilename (node:internal/modules/cjs/loader:1225:15)
    at Function._load (node:internal/modules/cjs/loader:1055:27)
    at TracingChannel.traceSync (node:diagnostics_channel:322:14)
    at wrapModuleLoad (node:internal/modules/cjs/loader:220:24)
    at Module.require (node:internal/modules/cjs/loader:1311:12)
    at require (node:internal/modules/helpers:136:16)
    at Object.<anonymous> (/Users/codelab/github_repos/flexyz/node_modules/.pnpm/bcrypt@5.1.1_encoding@0.1.13/node_modules/bcrypt/bcrypt.js:6:16)
    at Module._compile (node:internal/modules/cjs/loader:1554:14)
    at Object..js (node:internal/modules/cjs/loader:1706:10)
    at Module.load (node:internal/modules/cjs/loader:1289:32)
2025-02-28 14:03:49 [STARTER] error: uncaughtException: Cannot find module '/Users/codelab/github_repos/flexyz/node_modules/.pnpm/bcrypt@5.1.1_encoding@0.1.13/node_modules/bcrypt/lib/binding/napi-v3/bcrypt_lib.node'
Require stack:
- /Users/codelab/github_repos/flexyz/node_modules/.pnpm/bcrypt@5.1.1_encoding@0.1.13/node_modules/bcrypt/bcrypt.js
Error: Cannot find module '/Users/codelab/github_repos/flexyz/node_modules/.pnpm/bcrypt@5.1.1_encoding@0.1.13/node_modules/bcrypt/lib/binding/napi-v3/bcrypt_lib.node'
Require stack:
- /Users/codelab/github_repos/flexyz/node_modules/.pnpm/bcrypt@5.1.1_encoding@0.1.13/node_modules/bcrypt/bcrypt.js
    at Function._resolveFilename (node:internal/modules/cjs/loader:1225:15)
    at Function._load (node:internal/modules/cjs/loader:1055:27)
    at TracingChannel.traceSync (node:diagnostics_channel:322:14)
    at wrapModuleLoad (node:internal/modules/cjs/loader:220:24)
    at Module.require (node:internal/modules/cjs/loader:1311:12)
    at require (node:internal/modules/helpers:136:16)
    at Object.<anonymous> (/Users/codelab/github_repos/flexyz/node_modules/.pnpm/bcrypt@5.1.1_encoding@0.1.13/node_modules/bcrypt/bcrypt.js:6:16)
    at Module._compile (node:internal/modules/cjs/loader:1554:14)
    at Object..js (node:internal/modules/cjs/loader:1706:10)
    at Module.load (node:internal/modules/cjs/loader:1289:32)
2025-02-28 14:03:49 [STARTER] error: uncaughtException: Cannot find module '/Users/codelab/github_repos/flexyz/node_modules/.pnpm/bcrypt@5.1.1_encoding@0.1.13/node_modules/bcrypt/lib/binding/napi-v3/bcrypt_lib.node'
Require stack:
- /Users/codelab/github_repos/flexyz/node_modules/.pnpm/bcrypt@5.1.1_encoding@0.1.13/node_modules/bcrypt/bcrypt.js
Error: Cannot find module '/Users/codelab/github_repos/flexyz/node_modules/.pnpm/bcrypt@5.1.1_encoding@0.1.13/node_modules/bcrypt/lib/binding/napi-v3/bcrypt_lib.node'
Require stack:
- /Users/codelab/github_repos/flexyz/node_modules/.pnpm/bcrypt@5.1.1_encoding@0.1.13/node_modules/bcrypt/bcrypt.js
    at Function._resolveFilename (node:internal/modules/cjs/loader:1225:15)
    at Function._load (node:internal/modules/cjs/loader:1055:27)
    at TracingChannel.traceSync (node:diagnostics_channel:322:14)
    at wrapModuleLoad (node:internal/modules/cjs/loader:220:24)
    at Module.require (node:internal/modules/cjs/loader:1311:12)
    at require (node:internal/modules/helpers:136:16)
    at Object.<anonymous> (/Users/codelab/github_repos/flexyz/node_modules/.pnpm/bcrypt@5.1.1_encoding@0.1.13/node_modules/bcrypt/bcrypt.js:6:16)
    at Module._compile (node:internal/modules/cjs/loader:1554:14)
    at Object..js (node:internal/modules/cjs/loader:1706:10)
    at Module.load (node:internal/modules/cjs/loader:1289:32)
