2025-03-02 14:16:41 [STARTER] info: Starting Nest application...
2025-03-02 14:16:41 [STARTER] info: DatabaseModule dependencies initialized
2025-03-02 14:16:41 [STARTER] info: CommonModule dependencies initialized
2025-03-02 14:16:41 [STARTER] info: PassportModule dependencies initialized
2025-03-02 14:16:41 [STARTER] info: ConfigHostModule dependencies initialized
2025-03-02 14:16:41 [STARTER] info: EnhancerModule dependencies initialized
2025-03-02 14:16:41 [STARTER] info: ProductsModule dependencies initialized
2025-03-02 14:16:41 [STARTER] info: DiscoveryModule dependencies initialized
2025-03-02 14:16:41 [STARTER] info: CacheModule dependencies initialized
2025-03-02 14:16:41 [STARTER] info: ConfigModule dependencies initialized
2025-03-02 14:16:41 [STARTER] info: ConfigModule dependencies initialized
2025-03-02 14:16:41 [STARTER] info: ConfigModule dependencies initialized
2025-03-02 14:16:41 [STARTER] info: PostsModule dependencies initialized
2025-03-02 14:16:41 [STARTER] info: ScheduleModule dependencies initialized
2025-03-02 14:16:41 [STARTER] info: FileModule dependencies initialized
2025-03-02 14:16:41 [STARTER] info: BatchModule dependencies initialized
2025-03-02 14:16:41 [STARTER] info: AuthCommonModule dependencies initialized
2025-03-02 14:16:41 [STARTER] info: JwtModule dependencies initialized
2025-03-02 14:16:41 [STARTER] info: PortfoliosModule dependencies initialized
2025-03-02 14:16:41 [STARTER] info: ProjectsModule dependencies initialized
2025-03-02 14:16:41 [STARTER] info: ContractsModule dependencies initialized
2025-03-02 14:16:41 [STARTER] info: AppModule dependencies initialized
2025-03-02 14:16:41 [STARTER] info: AppController {/}:
2025-03-02 14:16:41 [STARTER] info: Mapped {/auth/profile, GET} route
2025-03-02 14:16:41 [STARTER] info: Mapped {/auth/manual, GET} route
2025-03-02 14:16:41 [STARTER] info: Mapped {/auth/no, GET} route
2025-03-02 14:16:41 [STARTER] info: BatchController {/batches}:
2025-03-02 14:16:41 [STARTER] info: Mapped {/batches/start/:name, POST} route
2025-03-02 14:16:41 [STARTER] info: Mapped {/batches/stop/:name, POST} route
2025-03-02 14:16:41 [STARTER] info: FileController {/file}:
2025-03-02 14:16:41 [STARTER] info: Mapped {/file/upload, POST} route
2025-03-02 14:16:41 [STARTER] info: Mapped {/file/down-xlsx, GET} route
2025-03-02 14:16:41 [STARTER] info: ProductsController {/products}:
2025-03-02 14:16:41 [STARTER] info: Mapped {/products/:id, GET} route
2025-03-02 14:16:41 [STARTER] info: Mapped {/products, GET} route
2025-03-02 14:16:41 [STARTER] info: Mapped {/products, POST} route
2025-03-02 14:16:41 [STARTER] info: Mapped {/products/:id, PUT} route
2025-03-02 14:16:41 [STARTER] info: Mapped {/products/:id, DELETE} route
2025-03-02 14:16:41 [STARTER] info: PostsController {/posts}:
2025-03-02 14:16:41 [STARTER] info: Mapped {/posts, GET} route
2025-03-02 14:16:41 [STARTER] info: Mapped {/posts, POST} route
2025-03-02 14:16:41 [STARTER] info: PortfoliosController {/portfolios}:
2025-03-02 14:16:41 [STARTER] info: Mapped {/portfolios, POST} route
2025-03-02 14:16:41 [STARTER] info: Mapped {/portfolios, GET} route
2025-03-02 14:16:41 [STARTER] info: Mapped {/portfolios, GET} route
2025-03-02 14:16:41 [STARTER] info: Mapped {/portfolios/:id, GET} route
2025-03-02 14:16:41 [STARTER] info: Mapped {/portfolios/:id, PATCH} route
2025-03-02 14:16:41 [STARTER] info: Mapped {/portfolios/:id, DELETE} route
2025-03-02 14:16:41 [STARTER] info: ProjectsController {/projects}:
2025-03-02 14:16:41 [STARTER] info: Mapped {/projects, POST} route
2025-03-02 14:16:41 [STARTER] info: Mapped {/projects, GET} route
2025-03-02 14:16:41 [STARTER] info: Mapped {/projects/:id, GET} route
2025-03-02 14:16:41 [STARTER] info: Mapped {/projects/:id, PATCH} route
2025-03-02 14:16:41 [STARTER] info: Mapped {/projects/:id/close, PATCH} route
2025-03-02 14:16:41 [STARTER] info: Mapped {/projects/:id, DELETE} route
2025-03-02 14:16:41 [STARTER] info: ContractsController {/contracts}:
2025-03-02 14:16:41 [STARTER] info: Mapped {/contracts, POST} route
2025-03-02 14:16:41 [STARTER] info: Nest application successfully started
2025-03-02 14:41:08 [STARTER] info: Starting Nest application...
2025-03-02 14:41:08 [STARTER] info: DatabaseModule dependencies initialized
2025-03-02 14:41:08 [STARTER] info: CommonModule dependencies initialized
2025-03-02 14:41:08 [STARTER] info: PassportModule dependencies initialized
2025-03-02 14:41:08 [STARTER] info: ConfigHostModule dependencies initialized
2025-03-02 14:41:08 [STARTER] info: EnhancerModule dependencies initialized
2025-03-02 14:41:08 [STARTER] info: ProductsModule dependencies initialized
2025-03-02 14:41:08 [STARTER] info: DiscoveryModule dependencies initialized
2025-03-02 14:41:08 [STARTER] info: CacheModule dependencies initialized
2025-03-02 14:41:08 [STARTER] info: ConfigModule dependencies initialized
2025-03-02 14:41:08 [STARTER] info: ConfigModule dependencies initialized
2025-03-02 14:41:08 [STARTER] info: ConfigModule dependencies initialized
2025-03-02 14:41:08 [STARTER] info: PostsModule dependencies initialized
2025-03-02 14:41:08 [STARTER] info: ScheduleModule dependencies initialized
2025-03-02 14:41:08 [STARTER] info: FileModule dependencies initialized
2025-03-02 14:41:08 [STARTER] info: BatchModule dependencies initialized
2025-03-02 14:41:08 [STARTER] info: AuthCommonModule dependencies initialized
2025-03-02 14:41:08 [STARTER] info: JwtModule dependencies initialized
2025-03-02 14:41:08 [STARTER] info: PortfoliosModule dependencies initialized
2025-03-02 14:41:08 [STARTER] info: ProjectsModule dependencies initialized
2025-03-02 14:41:08 [STARTER] info: ContractsModule dependencies initialized
2025-03-02 14:41:08 [STARTER] info: AppModule dependencies initialized
2025-03-02 14:41:08 [STARTER] info: AppController {/}:
2025-03-02 14:41:08 [STARTER] info: Mapped {/auth/profile, GET} route
2025-03-02 14:41:08 [STARTER] info: Mapped {/auth/manual, GET} route
2025-03-02 14:41:08 [STARTER] info: Mapped {/auth/no, GET} route
2025-03-02 14:41:08 [STARTER] info: BatchController {/batches}:
2025-03-02 14:41:08 [STARTER] info: Mapped {/batches/start/:name, POST} route
2025-03-02 14:41:08 [STARTER] info: Mapped {/batches/stop/:name, POST} route
2025-03-02 14:41:08 [STARTER] info: FileController {/file}:
2025-03-02 14:41:08 [STARTER] info: Mapped {/file/upload, POST} route
2025-03-02 14:41:08 [STARTER] info: Mapped {/file/down-xlsx, GET} route
2025-03-02 14:41:08 [STARTER] info: ProductsController {/products}:
2025-03-02 14:41:08 [STARTER] info: Mapped {/products/:id, GET} route
2025-03-02 14:41:08 [STARTER] info: Mapped {/products, GET} route
2025-03-02 14:41:08 [STARTER] info: Mapped {/products, POST} route
2025-03-02 14:41:08 [STARTER] info: Mapped {/products/:id, PUT} route
2025-03-02 14:41:08 [STARTER] info: Mapped {/products/:id, DELETE} route
2025-03-02 14:41:08 [STARTER] info: PostsController {/posts}:
2025-03-02 14:41:08 [STARTER] info: Mapped {/posts, GET} route
2025-03-02 14:41:08 [STARTER] info: Mapped {/posts, POST} route
2025-03-02 14:41:08 [STARTER] info: PortfoliosController {/portfolios}:
2025-03-02 14:41:08 [STARTER] info: Mapped {/portfolios, POST} route
2025-03-02 14:41:08 [STARTER] info: Mapped {/portfolios, GET} route
2025-03-02 14:41:08 [STARTER] info: Mapped {/portfolios, GET} route
2025-03-02 14:41:08 [STARTER] info: Mapped {/portfolios/:id, GET} route
2025-03-02 14:41:08 [STARTER] info: Mapped {/portfolios/:id, PATCH} route
2025-03-02 14:41:08 [STARTER] info: Mapped {/portfolios/:id, DELETE} route
2025-03-02 14:41:08 [STARTER] info: ProjectsController {/projects}:
2025-03-02 14:41:08 [STARTER] info: Mapped {/projects, POST} route
2025-03-02 14:41:08 [STARTER] info: Mapped {/projects, GET} route
2025-03-02 14:41:08 [STARTER] info: Mapped {/projects/:id, GET} route
2025-03-02 14:41:08 [STARTER] info: Mapped {/projects/:id, PATCH} route
2025-03-02 14:41:08 [STARTER] info: Mapped {/projects/:id/close, PATCH} route
2025-03-02 14:41:08 [STARTER] info: Mapped {/projects/:id, DELETE} route
2025-03-02 14:41:08 [STARTER] info: ContractsController {/contracts}:
2025-03-02 14:41:08 [STARTER] info: Mapped {/contracts, POST} route
2025-03-02 14:41:08 [STARTER] info: Nest application successfully started
2025-03-02 21:30:14 [STARTER] info: Starting Nest application...
2025-03-02 21:30:15 [STARTER] info: DatabaseModule dependencies initialized
2025-03-02 21:30:15 [STARTER] info: CommonModule dependencies initialized
2025-03-02 21:30:15 [STARTER] info: PassportModule dependencies initialized
2025-03-02 21:30:15 [STARTER] info: ConfigHostModule dependencies initialized
2025-03-02 21:30:15 [STARTER] info: EnhancerModule dependencies initialized
2025-03-02 21:30:15 [STARTER] info: ProductsModule dependencies initialized
2025-03-02 21:30:15 [STARTER] info: DiscoveryModule dependencies initialized
2025-03-02 21:30:15 [STARTER] info: CacheModule dependencies initialized
2025-03-02 21:30:15 [STARTER] info: ConfigModule dependencies initialized
2025-03-02 21:30:15 [STARTER] info: ConfigModule dependencies initialized
2025-03-02 21:30:15 [STARTER] info: ConfigModule dependencies initialized
2025-03-02 21:30:15 [STARTER] info: PostsModule dependencies initialized
2025-03-02 21:30:15 [STARTER] info: ScheduleModule dependencies initialized
2025-03-02 21:30:15 [STARTER] info: FileModule dependencies initialized
2025-03-02 21:30:15 [STARTER] info: BatchModule dependencies initialized
2025-03-02 21:30:15 [STARTER] info: AuthCommonModule dependencies initialized
2025-03-02 21:30:15 [STARTER] info: JwtModule dependencies initialized
2025-03-02 21:30:15 [STARTER] info: PortfoliosModule dependencies initialized
2025-03-02 21:30:15 [STARTER] info: ProjectsModule dependencies initialized
2025-03-02 21:30:15 [STARTER] info: ContractsModule dependencies initialized
2025-03-02 21:30:15 [STARTER] info: AppModule dependencies initialized
2025-03-02 21:30:15 [STARTER] info: AppController {/}:
2025-03-02 21:30:15 [STARTER] info: Mapped {/auth/profile, GET} route
2025-03-02 21:30:15 [STARTER] info: Mapped {/auth/manual, GET} route
2025-03-02 21:30:15 [STARTER] info: Mapped {/auth/no, GET} route
2025-03-02 21:30:15 [STARTER] info: BatchController {/batches}:
2025-03-02 21:30:15 [STARTER] info: Mapped {/batches/start/:name, POST} route
2025-03-02 21:30:15 [STARTER] info: Mapped {/batches/stop/:name, POST} route
2025-03-02 21:30:15 [STARTER] info: FileController {/file}:
2025-03-02 21:30:15 [STARTER] info: Mapped {/file/upload, POST} route
2025-03-02 21:30:15 [STARTER] info: Mapped {/file/down-xlsx, GET} route
2025-03-02 21:30:15 [STARTER] info: ProductsController {/products}:
2025-03-02 21:30:15 [STARTER] info: Mapped {/products/:id, GET} route
2025-03-02 21:30:15 [STARTER] info: Mapped {/products, GET} route
2025-03-02 21:30:15 [STARTER] info: Mapped {/products, POST} route
2025-03-02 21:30:15 [STARTER] info: Mapped {/products/:id, PUT} route
2025-03-02 21:30:15 [STARTER] info: Mapped {/products/:id, DELETE} route
2025-03-02 21:30:15 [STARTER] info: PostsController {/posts}:
2025-03-02 21:30:15 [STARTER] info: Mapped {/posts, GET} route
2025-03-02 21:30:15 [STARTER] info: Mapped {/posts, POST} route
2025-03-02 21:30:15 [STARTER] info: PortfoliosController {/portfolios}:
2025-03-02 21:30:15 [STARTER] info: Mapped {/portfolios, POST} route
2025-03-02 21:30:15 [STARTER] info: Mapped {/portfolios, GET} route
2025-03-02 21:30:15 [STARTER] info: Mapped {/portfolios, GET} route
2025-03-02 21:30:15 [STARTER] info: Mapped {/portfolios/:id, GET} route
2025-03-02 21:30:15 [STARTER] info: Mapped {/portfolios/:id, PATCH} route
2025-03-02 21:30:15 [STARTER] info: Mapped {/portfolios/:id, DELETE} route
2025-03-02 21:30:15 [STARTER] info: ProjectsController {/projects}:
2025-03-02 21:30:15 [STARTER] info: Mapped {/projects, POST} route
2025-03-02 21:30:15 [STARTER] info: Mapped {/projects, GET} route
2025-03-02 21:30:15 [STARTER] info: Mapped {/projects/:id, GET} route
2025-03-02 21:30:15 [STARTER] info: Mapped {/projects/:id, PATCH} route
2025-03-02 21:30:15 [STARTER] info: Mapped {/projects/:id/close, PATCH} route
2025-03-02 21:30:15 [STARTER] info: Mapped {/projects/:id, DELETE} route
2025-03-02 21:30:15 [STARTER] info: ContractsController {/contracts}:
2025-03-02 21:30:15 [STARTER] info: Mapped {/contracts, POST} route
2025-03-02 21:30:15 [STARTER] info: Nest application successfully started
2025-03-02 22:32:20 [STARTER] info: Starting Nest application...
2025-03-02 22:32:20 [STARTER] info: CommonModule dependencies initialized
2025-03-02 22:32:20 [STARTER] info: DatabaseModule dependencies initialized
2025-03-02 22:32:20 [STARTER] info: PassportModule dependencies initialized
2025-03-02 22:32:20 [STARTER] info: ConfigHostModule dependencies initialized
2025-03-02 22:32:20 [STARTER] info: ProductsModule dependencies initialized
2025-03-02 22:32:20 [STARTER] info: DiscoveryModule dependencies initialized
2025-03-02 22:32:20 [STARTER] info: CacheModule dependencies initialized
2025-03-02 22:32:20 [STARTER] info: ConfigModule dependencies initialized
2025-03-02 22:32:20 [STARTER] info: ConfigModule dependencies initialized
2025-03-02 22:32:20 [STARTER] info: ConfigModule dependencies initialized
2025-03-02 22:32:20 [STARTER] info: PostsModule dependencies initialized
2025-03-02 22:32:20 [STARTER] info: ScheduleModule dependencies initialized
2025-03-02 22:32:20 [STARTER] info: FileModule dependencies initialized
2025-03-02 22:32:20 [STARTER] info: EnhancerModule dependencies initialized
2025-03-02 22:32:20 [STARTER] info: BatchModule dependencies initialized
2025-03-02 22:32:20 [STARTER] info: AuthCommonModule dependencies initialized
2025-03-02 22:32:20 [STARTER] info: JwtModule dependencies initialized
2025-03-02 22:32:20 [STARTER] info: PortfoliosModule dependencies initialized
2025-03-02 22:32:20 [STARTER] info: ProjectsModule dependencies initialized
2025-03-02 22:32:20 [STARTER] info: ContractsModule dependencies initialized
2025-03-02 22:32:20 [STARTER] info: AppModule dependencies initialized
2025-03-02 22:32:20 [STARTER] info: AppController {/}:
2025-03-02 22:32:20 [STARTER] info: Mapped {/auth/profile, GET} route
2025-03-02 22:32:20 [STARTER] info: Mapped {/auth/manual, GET} route
2025-03-02 22:32:20 [STARTER] info: Mapped {/auth/no, GET} route
2025-03-02 22:32:20 [STARTER] info: BatchController {/batches}:
2025-03-02 22:32:20 [STARTER] info: Mapped {/batches/start/:name, POST} route
2025-03-02 22:32:20 [STARTER] info: Mapped {/batches/stop/:name, POST} route
2025-03-02 22:32:20 [STARTER] info: FileController {/file}:
2025-03-02 22:32:20 [STARTER] info: Mapped {/file/upload, POST} route
2025-03-02 22:32:20 [STARTER] info: Mapped {/file/down-xlsx, GET} route
2025-03-02 22:32:20 [STARTER] info: ProductsController {/products}:
2025-03-02 22:32:20 [STARTER] info: Mapped {/products/:id, GET} route
2025-03-02 22:32:20 [STARTER] info: Mapped {/products, GET} route
2025-03-02 22:32:20 [STARTER] info: Mapped {/products, POST} route
2025-03-02 22:32:20 [STARTER] info: Mapped {/products/:id, PUT} route
2025-03-02 22:32:20 [STARTER] info: Mapped {/products/:id, DELETE} route
2025-03-02 22:32:20 [STARTER] info: PostsController {/posts}:
2025-03-02 22:32:20 [STARTER] info: Mapped {/posts, GET} route
2025-03-02 22:32:20 [STARTER] info: Mapped {/posts, POST} route
2025-03-02 22:32:20 [STARTER] info: PortfoliosController {/portfolios}:
2025-03-02 22:32:20 [STARTER] info: Mapped {/portfolios, POST} route
2025-03-02 22:32:20 [STARTER] info: Mapped {/portfolios, GET} route
2025-03-02 22:32:20 [STARTER] info: Mapped {/portfolios, GET} route
2025-03-02 22:32:20 [STARTER] info: Mapped {/portfolios/:id, GET} route
2025-03-02 22:32:20 [STARTER] info: Mapped {/portfolios/:id, PATCH} route
2025-03-02 22:32:20 [STARTER] info: Mapped {/portfolios/:id, DELETE} route
2025-03-02 22:32:20 [STARTER] info: ProjectsController {/projects}:
2025-03-02 22:32:20 [STARTER] info: Mapped {/projects, POST} route
2025-03-02 22:32:20 [STARTER] info: Mapped {/projects, GET} route
2025-03-02 22:32:20 [STARTER] info: Mapped {/projects/:id, GET} route
2025-03-02 22:32:20 [STARTER] info: Mapped {/projects/:id, PATCH} route
2025-03-02 22:32:20 [STARTER] info: Mapped {/projects/:id/close, PATCH} route
2025-03-02 22:32:20 [STARTER] info: Mapped {/projects/:id, DELETE} route
2025-03-02 22:32:20 [STARTER] info: ContractsController {/contracts}:
2025-03-02 22:32:20 [STARTER] info: Mapped {/contracts, POST} route
2025-03-02 22:32:20 [STARTER] info: Nest application successfully started
2025-03-02 22:34:13 [STARTER] info: Starting Nest application...
2025-03-02 22:34:13 [STARTER] info: CommonModule dependencies initialized
2025-03-02 22:34:13 [STARTER] info: DatabaseModule dependencies initialized
2025-03-02 22:34:13 [STARTER] info: PassportModule dependencies initialized
2025-03-02 22:34:13 [STARTER] info: ConfigHostModule dependencies initialized
2025-03-02 22:34:13 [STARTER] info: ProductsModule dependencies initialized
2025-03-02 22:34:13 [STARTER] info: DiscoveryModule dependencies initialized
2025-03-02 22:34:13 [STARTER] info: CacheModule dependencies initialized
2025-03-02 22:34:13 [STARTER] info: ConfigModule dependencies initialized
2025-03-02 22:34:13 [STARTER] info: ConfigModule dependencies initialized
2025-03-02 22:34:13 [STARTER] info: ConfigModule dependencies initialized
2025-03-02 22:34:13 [STARTER] info: PostsModule dependencies initialized
2025-03-02 22:34:13 [STARTER] info: ScheduleModule dependencies initialized
2025-03-02 22:34:13 [STARTER] info: FileModule dependencies initialized
2025-03-02 22:34:13 [STARTER] info: EnhancerModule dependencies initialized
2025-03-02 22:34:13 [STARTER] info: BatchModule dependencies initialized
2025-03-02 22:34:13 [STARTER] info: AuthCommonModule dependencies initialized
2025-03-02 22:34:13 [STARTER] info: JwtModule dependencies initialized
2025-03-02 22:34:13 [STARTER] info: PortfoliosModule dependencies initialized
2025-03-02 22:34:13 [STARTER] info: ProjectsModule dependencies initialized
2025-03-02 22:34:13 [STARTER] info: ContractsModule dependencies initialized
2025-03-02 22:34:13 [STARTER] info: AppModule dependencies initialized
2025-03-02 22:34:13 [STARTER] info: AppController {/}:
2025-03-02 22:34:13 [STARTER] info: Mapped {/auth/profile, GET} route
2025-03-02 22:34:13 [STARTER] info: Mapped {/auth/manual, GET} route
2025-03-02 22:34:13 [STARTER] info: Mapped {/auth/no, GET} route
2025-03-02 22:34:13 [STARTER] info: BatchController {/batches}:
2025-03-02 22:34:13 [STARTER] info: Mapped {/batches/start/:name, POST} route
2025-03-02 22:34:13 [STARTER] info: Mapped {/batches/stop/:name, POST} route
2025-03-02 22:34:13 [STARTER] info: FileController {/file}:
2025-03-02 22:34:13 [STARTER] info: Mapped {/file/upload, POST} route
2025-03-02 22:34:13 [STARTER] info: Mapped {/file/down-xlsx, GET} route
2025-03-02 22:34:13 [STARTER] info: ProductsController {/products}:
2025-03-02 22:34:13 [STARTER] info: Mapped {/products/:id, GET} route
2025-03-02 22:34:13 [STARTER] info: Mapped {/products, GET} route
2025-03-02 22:34:13 [STARTER] info: Mapped {/products, POST} route
2025-03-02 22:34:13 [STARTER] info: Mapped {/products/:id, PUT} route
2025-03-02 22:34:13 [STARTER] info: Mapped {/products/:id, DELETE} route
2025-03-02 22:34:13 [STARTER] info: PostsController {/posts}:
2025-03-02 22:34:13 [STARTER] info: Mapped {/posts, GET} route
2025-03-02 22:34:13 [STARTER] info: Mapped {/posts, POST} route
2025-03-02 22:34:13 [STARTER] info: PortfoliosController {/portfolios}:
2025-03-02 22:34:13 [STARTER] info: Mapped {/portfolios, POST} route
2025-03-02 22:34:13 [STARTER] info: Mapped {/portfolios, GET} route
2025-03-02 22:34:13 [STARTER] info: Mapped {/portfolios, GET} route
2025-03-02 22:34:13 [STARTER] info: Mapped {/portfolios/:id, GET} route
2025-03-02 22:34:13 [STARTER] info: Mapped {/portfolios/:id, PATCH} route
2025-03-02 22:34:13 [STARTER] info: Mapped {/portfolios/:id, DELETE} route
2025-03-02 22:34:13 [STARTER] info: ProjectsController {/projects}:
2025-03-02 22:34:13 [STARTER] info: Mapped {/projects, POST} route
2025-03-02 22:34:13 [STARTER] info: Mapped {/projects, GET} route
2025-03-02 22:34:13 [STARTER] info: Mapped {/projects/:id, GET} route
2025-03-02 22:34:13 [STARTER] info: Mapped {/projects/:id, PATCH} route
2025-03-02 22:34:13 [STARTER] info: Mapped {/projects/:id/close, PATCH} route
2025-03-02 22:34:13 [STARTER] info: Mapped {/projects/:id, DELETE} route
2025-03-02 22:34:13 [STARTER] info: ContractsController {/contracts}:
2025-03-02 22:34:13 [STARTER] info: Mapped {/contracts, POST} route
2025-03-02 22:34:13 [STARTER] info: Nest application successfully started
2025-03-02 22:34:19 [STARTER] info: Starting Nest application...
2025-03-02 22:34:19 [STARTER] info: CommonModule dependencies initialized
2025-03-02 22:34:19 [STARTER] info: DatabaseModule dependencies initialized
2025-03-02 22:34:19 [STARTER] info: PassportModule dependencies initialized
2025-03-02 22:34:19 [STARTER] info: ConfigHostModule dependencies initialized
2025-03-02 22:34:19 [STARTER] info: ProductsModule dependencies initialized
2025-03-02 22:34:19 [STARTER] info: DiscoveryModule dependencies initialized
2025-03-02 22:34:19 [STARTER] info: CacheModule dependencies initialized
2025-03-02 22:34:19 [STARTER] info: ConfigModule dependencies initialized
2025-03-02 22:34:19 [STARTER] info: ConfigModule dependencies initialized
2025-03-02 22:34:19 [STARTER] info: ConfigModule dependencies initialized
2025-03-02 22:34:19 [STARTER] info: PostsModule dependencies initialized
2025-03-02 22:34:19 [STARTER] info: ScheduleModule dependencies initialized
2025-03-02 22:34:19 [STARTER] info: FileModule dependencies initialized
2025-03-02 22:34:19 [STARTER] info: EnhancerModule dependencies initialized
2025-03-02 22:34:19 [STARTER] info: BatchModule dependencies initialized
2025-03-02 22:34:19 [STARTER] info: AuthCommonModule dependencies initialized
2025-03-02 22:34:19 [STARTER] info: JwtModule dependencies initialized
2025-03-02 22:34:19 [STARTER] info: PortfoliosModule dependencies initialized
2025-03-02 22:34:19 [STARTER] info: ProjectsModule dependencies initialized
2025-03-02 22:34:19 [STARTER] info: ContractsModule dependencies initialized
2025-03-02 22:34:19 [STARTER] info: AppModule dependencies initialized
2025-03-02 22:34:19 [STARTER] info: AppController {/}:
2025-03-02 22:34:19 [STARTER] info: Mapped {/auth/profile, GET} route
2025-03-02 22:34:19 [STARTER] info: Mapped {/auth/manual, GET} route
2025-03-02 22:34:19 [STARTER] info: Mapped {/auth/no, GET} route
2025-03-02 22:34:19 [STARTER] info: BatchController {/batches}:
2025-03-02 22:34:19 [STARTER] info: Mapped {/batches/start/:name, POST} route
2025-03-02 22:34:19 [STARTER] info: Mapped {/batches/stop/:name, POST} route
2025-03-02 22:34:19 [STARTER] info: FileController {/file}:
2025-03-02 22:34:19 [STARTER] info: Mapped {/file/upload, POST} route
2025-03-02 22:34:19 [STARTER] info: Mapped {/file/down-xlsx, GET} route
2025-03-02 22:34:19 [STARTER] info: ProductsController {/products}:
2025-03-02 22:34:19 [STARTER] info: Mapped {/products/:id, GET} route
2025-03-02 22:34:19 [STARTER] info: Mapped {/products, GET} route
2025-03-02 22:34:19 [STARTER] info: Mapped {/products, POST} route
2025-03-02 22:34:19 [STARTER] info: Mapped {/products/:id, PUT} route
2025-03-02 22:34:19 [STARTER] info: Mapped {/products/:id, DELETE} route
2025-03-02 22:34:19 [STARTER] info: PostsController {/posts}:
2025-03-02 22:34:19 [STARTER] info: Mapped {/posts, GET} route
2025-03-02 22:34:19 [STARTER] info: Mapped {/posts, POST} route
2025-03-02 22:34:19 [STARTER] info: PortfoliosController {/portfolios}:
2025-03-02 22:34:19 [STARTER] info: Mapped {/portfolios, POST} route
2025-03-02 22:34:19 [STARTER] info: Mapped {/portfolios, GET} route
2025-03-02 22:34:19 [STARTER] info: Mapped {/portfolios, GET} route
2025-03-02 22:34:19 [STARTER] info: Mapped {/portfolios/:id, GET} route
2025-03-02 22:34:19 [STARTER] info: Mapped {/portfolios/:id, PATCH} route
2025-03-02 22:34:19 [STARTER] info: Mapped {/portfolios/:id, DELETE} route
2025-03-02 22:34:19 [STARTER] info: ProjectsController {/projects}:
2025-03-02 22:34:19 [STARTER] info: Mapped {/projects, POST} route
2025-03-02 22:34:19 [STARTER] info: Mapped {/projects, GET} route
2025-03-02 22:34:19 [STARTER] info: Mapped {/projects/:id, GET} route
2025-03-02 22:34:19 [STARTER] info: Mapped {/projects/:id, PATCH} route
2025-03-02 22:34:19 [STARTER] info: Mapped {/projects/:id/close, PATCH} route
2025-03-02 22:34:19 [STARTER] info: Mapped {/projects/:id, DELETE} route
2025-03-02 22:34:19 [STARTER] info: ContractsController {/contracts}:
2025-03-02 22:34:19 [STARTER] info: Mapped {/contracts, POST} route
2025-03-02 22:34:19 [STARTER] info: Nest application successfully started
